[0.306s] DEBUG:colcon:Command line arguments: ['/usr/bin/colcon', 'build']
[0.307s] DEBUG:colcon:Parsed command line arguments: Namespace(log_base=None, log_level=None, verb_name='build', build_base='build', install_base='install', merge_install=False, symlink_install=False, test_result_base=None, continue_on_error=False, executor='parallel', parallel_workers=8, event_handlers=None, ignore_user_meta=False, metas=['./colcon.meta'], base_paths=['.'], packages_ignore=None, packages_ignore_regex=None, paths=None, packages_up_to=None, packages_up_to_regex=None, packages_above=None, packages_above_and_dependencies=None, packages_above_depth=None, packages_select_by_dep=None, packages_skip_by_dep=None, packages_skip_up_to=None, packages_select_build_failed=False, packages_skip_build_finished=False, packages_select_test_failures=False, packages_skip_test_passed=False, packages_select=None, packages_skip=None, packages_select_regex=None, packages_skip_regex=None, packages_start=None, packages_end=None, allow_overriding=[], cmake_args=None, cmake_target=None, cmake_target_skip_unavailable=False, cmake_clean_cache=False, cmake_clean_first=False, cmake_force_configure=False, ament_cmake_args=None, catkin_cmake_args=None, catkin_skip_building_tests=False, verb_parser=<colcon_defaults.argument_parser.defaults.DefaultArgumentsDecorator object at 0x7600878504f0>, verb_extension=<colcon_core.verb.build.BuildVerb object at 0x76008781bf40>, main=<bound method BuildVerb.main of <colcon_core.verb.build.BuildVerb object at 0x76008781bf40>>)
[0.764s] Level 1:colcon.colcon_core.package_discovery:discover_packages(colcon_meta) check parameters
[0.764s] Level 1:colcon.colcon_core.package_discovery:discover_packages(recursive) check parameters
[0.764s] Level 1:colcon.colcon_core.package_discovery:discover_packages(ignore) check parameters
[0.765s] Level 1:colcon.colcon_core.package_discovery:discover_packages(path) check parameters
[0.765s] Level 1:colcon.colcon_core.package_discovery:discover_packages(colcon_meta) discover
[0.765s] Level 1:colcon.colcon_core.package_discovery:discover_packages(recursive) discover
[0.765s] INFO:colcon.colcon_core.package_discovery:Crawling recursively for packages in '/home/mimi/voice_km/2025_SUMMER_LT/voice_km/voice_km_ws'
[0.765s] Level 1:colcon.colcon_core.package_identification:_identify(.) by extensions ['ignore', 'ignore_ament_install']
[0.766s] Level 1:colcon.colcon_core.package_identification:_identify(.) by extension 'ignore'
[0.766s] Level 1:colcon.colcon_core.package_identification:_identify(.) by extension 'ignore_ament_install'
[0.767s] Level 1:colcon.colcon_core.package_identification:_identify(.) by extensions ['colcon_pkg']
[0.767s] Level 1:colcon.colcon_core.package_identification:_identify(.) by extension 'colcon_pkg'
[0.767s] Level 1:colcon.colcon_core.package_identification:_identify(.) by extensions ['colcon_meta']
[0.767s] Level 1:colcon.colcon_core.package_identification:_identify(.) by extension 'colcon_meta'
[0.767s] Level 1:colcon.colcon_core.package_identification:_identify(.) by extensions ['ros']
[0.767s] Level 1:colcon.colcon_core.package_identification:_identify(.) by extension 'ros'
[0.798s] Level 1:colcon.colcon_core.package_identification:_identify(.) by extensions ['cmake', 'python']
[0.798s] Level 1:colcon.colcon_core.package_identification:_identify(.) by extension 'cmake'
[0.798s] Level 1:colcon.colcon_core.package_identification:_identify(.) by extension 'python'
[0.798s] Level 1:colcon.colcon_core.package_identification:_identify(.) by extensions ['python_setup_py']
[0.798s] Level 1:colcon.colcon_core.package_identification:_identify(.) by extension 'python_setup_py'
[0.799s] Level 1:colcon.colcon_core.package_identification:_identify(build) by extensions ['ignore', 'ignore_ament_install']
[0.799s] Level 1:colcon.colcon_core.package_identification:_identify(build) by extension 'ignore'
[0.799s] Level 1:colcon.colcon_core.package_identification:_identify(build) ignored
[0.801s] Level 1:colcon.colcon_core.package_identification:_identify(install) by extensions ['ignore', 'ignore_ament_install']
[0.802s] Level 1:colcon.colcon_core.package_identification:_identify(install) by extension 'ignore'
[0.802s] Level 1:colcon.colcon_core.package_identification:_identify(install) ignored
[0.803s] Level 1:colcon.colcon_core.package_identification:_identify(log) by extensions ['ignore', 'ignore_ament_install']
[0.803s] Level 1:colcon.colcon_core.package_identification:_identify(log) by extension 'ignore'
[0.803s] Level 1:colcon.colcon_core.package_identification:_identify(log) ignored
[0.803s] Level 1:colcon.colcon_core.package_identification:_identify(src) by extensions ['ignore', 'ignore_ament_install']
[0.803s] Level 1:colcon.colcon_core.package_identification:_identify(src) by extension 'ignore'
[0.804s] Level 1:colcon.colcon_core.package_identification:_identify(src) by extension 'ignore_ament_install'
[0.804s] Level 1:colcon.colcon_core.package_identification:_identify(src) by extensions ['colcon_pkg']
[0.804s] Level 1:colcon.colcon_core.package_identification:_identify(src) by extension 'colcon_pkg'
[0.804s] Level 1:colcon.colcon_core.package_identification:_identify(src) by extensions ['colcon_meta']
[0.804s] Level 1:colcon.colcon_core.package_identification:_identify(src) by extension 'colcon_meta'
[0.804s] Level 1:colcon.colcon_core.package_identification:_identify(src) by extensions ['ros']
[0.804s] Level 1:colcon.colcon_core.package_identification:_identify(src) by extension 'ros'
[0.804s] Level 1:colcon.colcon_core.package_identification:_identify(src) by extensions ['cmake', 'python']
[0.804s] Level 1:colcon.colcon_core.package_identification:_identify(src) by extension 'cmake'
[0.805s] Level 1:colcon.colcon_core.package_identification:_identify(src) by extension 'python'
[0.805s] Level 1:colcon.colcon_core.package_identification:_identify(src) by extensions ['python_setup_py']
[0.805s] Level 1:colcon.colcon_core.package_identification:_identify(src) by extension 'python_setup_py'
[0.805s] Level 1:colcon.colcon_core.package_identification:_identify(src/voice_interfaces) by extensions ['ignore', 'ignore_ament_install']
[0.805s] Level 1:colcon.colcon_core.package_identification:_identify(src/voice_interfaces) by extension 'ignore'
[0.805s] Level 1:colcon.colcon_core.package_identification:_identify(src/voice_interfaces) by extension 'ignore_ament_install'
[0.805s] Level 1:colcon.colcon_core.package_identification:_identify(src/voice_interfaces) by extensions ['colcon_pkg']
[0.805s] Level 1:colcon.colcon_core.package_identification:_identify(src/voice_interfaces) by extension 'colcon_pkg'
[0.805s] Level 1:colcon.colcon_core.package_identification:_identify(src/voice_interfaces) by extensions ['colcon_meta']
[0.806s] Level 1:colcon.colcon_core.package_identification:_identify(src/voice_interfaces) by extension 'colcon_meta'
[0.806s] Level 1:colcon.colcon_core.package_identification:_identify(src/voice_interfaces) by extensions ['ros']
[0.806s] Level 1:colcon.colcon_core.package_identification:_identify(src/voice_interfaces) by extension 'ros'
[0.812s] DEBUG:colcon.colcon_core.package_identification:Package 'src/voice_interfaces' with type 'ros.ament_cmake' and name 'voice_interfaces'
[0.812s] Level 1:colcon.colcon_core.package_identification:_identify(src/voice_service) by extensions ['ignore', 'ignore_ament_install']
[0.813s] Level 1:colcon.colcon_core.package_identification:_identify(src/voice_service) by extension 'ignore'
[0.813s] Level 1:colcon.colcon_core.package_identification:_identify(src/voice_service) by extension 'ignore_ament_install'
[0.813s] Level 1:colcon.colcon_core.package_identification:_identify(src/voice_service) by extensions ['colcon_pkg']
[0.813s] Level 1:colcon.colcon_core.package_identification:_identify(src/voice_service) by extension 'colcon_pkg'
[0.813s] Level 1:colcon.colcon_core.package_identification:_identify(src/voice_service) by extensions ['colcon_meta']
[0.813s] Level 1:colcon.colcon_core.package_identification:_identify(src/voice_service) by extension 'colcon_meta'
[0.813s] Level 1:colcon.colcon_core.package_identification:_identify(src/voice_service) by extensions ['ros']
[0.813s] Level 1:colcon.colcon_core.package_identification:_identify(src/voice_service) by extension 'ros'
[0.815s] DEBUG:colcon.colcon_core.package_identification:Package 'src/voice_service' with type 'ros.ament_python' and name 'voice_service'
[0.815s] Level 1:colcon.colcon_core.package_discovery:discover_packages(recursive) using defaults
[0.815s] Level 1:colcon.colcon_core.package_discovery:discover_packages(ignore) discover
[0.815s] Level 1:colcon.colcon_core.package_discovery:discover_packages(ignore) using defaults
[0.815s] Level 1:colcon.colcon_core.package_discovery:discover_packages(path) discover
[0.815s] Level 1:colcon.colcon_core.package_discovery:discover_packages(path) using defaults
[0.871s] Level 1:colcon.colcon_core.package_discovery:discover_packages(prefix_path) check parameters
[0.871s] Level 1:colcon.colcon_core.package_discovery:discover_packages(prefix_path) discover
[0.876s] DEBUG:colcon.colcon_installed_package_information.package_discovery:Found 2 installed packages in /home/mimi/voice_km/2025_SUMMER_LT/voice_km/voice_km_ws/install
[0.877s] DEBUG:colcon.colcon_installed_package_information.package_discovery:Found 0 installed packages in /home/mimi/edu_ws/install
[0.880s] DEBUG:colcon.colcon_installed_package_information.package_discovery:Found 271 installed packages in /opt/ros/humble
[0.921s] Level 1:colcon.colcon_core.package_discovery:discover_packages(prefix_path) using defaults
[1.038s] Level 5:colcon.colcon_core.verb:set package 'voice_interfaces' build argument 'cmake_args' from command line to 'None'
[1.038s] Level 5:colcon.colcon_core.verb:set package 'voice_interfaces' build argument 'cmake_target' from command line to 'None'
[1.038s] Level 5:colcon.colcon_core.verb:set package 'voice_interfaces' build argument 'cmake_target_skip_unavailable' from command line to 'False'
[1.038s] Level 5:colcon.colcon_core.verb:set package 'voice_interfaces' build argument 'cmake_clean_cache' from command line to 'False'
[1.038s] Level 5:colcon.colcon_core.verb:set package 'voice_interfaces' build argument 'cmake_clean_first' from command line to 'False'
[1.038s] Level 5:colcon.colcon_core.verb:set package 'voice_interfaces' build argument 'cmake_force_configure' from command line to 'False'
[1.038s] Level 5:colcon.colcon_core.verb:set package 'voice_interfaces' build argument 'ament_cmake_args' from command line to 'None'
[1.038s] Level 5:colcon.colcon_core.verb:set package 'voice_interfaces' build argument 'catkin_cmake_args' from command line to 'None'
[1.038s] Level 5:colcon.colcon_core.verb:set package 'voice_interfaces' build argument 'catkin_skip_building_tests' from command line to 'False'
[1.039s] DEBUG:colcon.colcon_core.verb:Building package 'voice_interfaces' with the following arguments: {'ament_cmake_args': None, 'build_base': '/home/mimi/voice_km/2025_SUMMER_LT/voice_km/voice_km_ws/build/voice_interfaces', 'catkin_cmake_args': None, 'catkin_skip_building_tests': False, 'cmake_args': None, 'cmake_clean_cache': False, 'cmake_clean_first': False, 'cmake_force_configure': False, 'cmake_target': None, 'cmake_target_skip_unavailable': False, 'install_base': '/home/mimi/voice_km/2025_SUMMER_LT/voice_km/voice_km_ws/install/voice_interfaces', 'merge_install': False, 'path': '/home/mimi/voice_km/2025_SUMMER_LT/voice_km/voice_km_ws/src/voice_interfaces', 'symlink_install': False, 'test_result_base': None}
[1.040s] Level 5:colcon.colcon_core.verb:set package 'voice_service' build argument 'cmake_args' from command line to 'None'
[1.040s] Level 5:colcon.colcon_core.verb:set package 'voice_service' build argument 'cmake_target' from command line to 'None'
[1.040s] Level 5:colcon.colcon_core.verb:set package 'voice_service' build argument 'cmake_target_skip_unavailable' from command line to 'False'
[1.040s] Level 5:colcon.colcon_core.verb:set package 'voice_service' build argument 'cmake_clean_cache' from command line to 'False'
[1.040s] Level 5:colcon.colcon_core.verb:set package 'voice_service' build argument 'cmake_clean_first' from command line to 'False'
[1.040s] Level 5:colcon.colcon_core.verb:set package 'voice_service' build argument 'cmake_force_configure' from command line to 'False'
[1.040s] Level 5:colcon.colcon_core.verb:set package 'voice_service' build argument 'ament_cmake_args' from command line to 'None'
[1.040s] Level 5:colcon.colcon_core.verb:set package 'voice_service' build argument 'catkin_cmake_args' from command line to 'None'
[1.040s] Level 5:colcon.colcon_core.verb:set package 'voice_service' build argument 'catkin_skip_building_tests' from command line to 'False'
[1.041s] DEBUG:colcon.colcon_core.verb:Building package 'voice_service' with the following arguments: {'ament_cmake_args': None, 'build_base': '/home/mimi/voice_km/2025_SUMMER_LT/voice_km/voice_km_ws/build/voice_service', 'catkin_cmake_args': None, 'catkin_skip_building_tests': False, 'cmake_args': None, 'cmake_clean_cache': False, 'cmake_clean_first': False, 'cmake_force_configure': False, 'cmake_target': None, 'cmake_target_skip_unavailable': False, 'install_base': '/home/mimi/voice_km/2025_SUMMER_LT/voice_km/voice_km_ws/install/voice_service', 'merge_install': False, 'path': '/home/mimi/voice_km/2025_SUMMER_LT/voice_km/voice_km_ws/src/voice_service', 'symlink_install': False, 'test_result_base': None}
[1.041s] INFO:colcon.colcon_core.executor:Executing jobs using 'parallel' executor
[1.045s] DEBUG:colcon.colcon_parallel_executor.executor.parallel:run_until_complete
[1.046s] INFO:colcon.colcon_ros.task.ament_cmake.build:Building ROS package in '/home/mimi/voice_km/2025_SUMMER_LT/voice_km/voice_km_ws/src/voice_interfaces' with build type 'ament_cmake'
[1.047s] INFO:colcon.colcon_cmake.task.cmake.build:Building CMake package in '/home/mimi/voice_km/2025_SUMMER_LT/voice_km/voice_km_ws/src/voice_interfaces'
[1.054s] INFO:colcon.colcon_core.plugin_system:Skipping extension 'colcon_core.shell.bat': Not used on non-Windows systems
[1.054s] INFO:colcon.colcon_core.shell:Skip shell extension 'powershell' for command environment: Not usable outside of PowerShell
[1.054s] DEBUG:colcon.colcon_core.shell:Skip shell extension 'dsv' for command environment
[1.097s] DEBUG:colcon.colcon_core.event_handler.log_command:Invoking command in '/home/mimi/voice_km/2025_SUMMER_LT/voice_km/voice_km_ws/build/voice_interfaces': CMAKE_PREFIX_PATH=${CMAKE_PREFIX_PATH}:/home/mimi/voice_km/2025_SUMMER_LT/voice_km/voice_km_ws/install/voice_service:/opt/ros/humble /usr/bin/cmake --build /home/mimi/voice_km/2025_SUMMER_LT/voice_km/voice_km_ws/build/voice_interfaces -- -j8 -l8
[2.203s] DEBUG:colcon.colcon_core.event_handler.log_command:Invoked command in '/home/mimi/voice_km/2025_SUMMER_LT/voice_km/voice_km_ws/build/voice_interfaces' returned '0': CMAKE_PREFIX_PATH=${CMAKE_PREFIX_PATH}:/home/mimi/voice_km/2025_SUMMER_LT/voice_km/voice_km_ws/install/voice_service:/opt/ros/humble /usr/bin/cmake --build /home/mimi/voice_km/2025_SUMMER_LT/voice_km/voice_km_ws/build/voice_interfaces -- -j8 -l8
[2.246s] DEBUG:colcon.colcon_core.event_handler.log_command:Invoking command in '/home/mimi/voice_km/2025_SUMMER_LT/voice_km/voice_km_ws/build/voice_interfaces': CMAKE_PREFIX_PATH=${CMAKE_PREFIX_PATH}:/home/mimi/voice_km/2025_SUMMER_LT/voice_km/voice_km_ws/install/voice_service:/opt/ros/humble /usr/bin/cmake --install /home/mimi/voice_km/2025_SUMMER_LT/voice_km/voice_km_ws/build/voice_interfaces
[2.430s] Level 1:colcon.colcon_core.environment:create_environment_scripts_only(voice_interfaces)
[2.432s] DEBUG:colcon.colcon_core.event_handler.log_command:Invoked command in '/home/mimi/voice_km/2025_SUMMER_LT/voice_km/voice_km_ws/build/voice_interfaces' returned '0': CMAKE_PREFIX_PATH=${CMAKE_PREFIX_PATH}:/home/mimi/voice_km/2025_SUMMER_LT/voice_km/voice_km_ws/install/voice_service:/opt/ros/humble /usr/bin/cmake --install /home/mimi/voice_km/2025_SUMMER_LT/voice_km/voice_km_ws/build/voice_interfaces
[2.437s] Level 1:colcon.colcon_core.environment:checking '/home/mimi/voice_km/2025_SUMMER_LT/voice_km/voice_km_ws/install/voice_interfaces' for CMake module files
[2.439s] Level 1:colcon.colcon_core.environment:checking '/home/mimi/voice_km/2025_SUMMER_LT/voice_km/voice_km_ws/install/voice_interfaces' for CMake config files
[2.440s] Level 1:colcon.colcon_core.shell:create_environment_hook('voice_interfaces', 'cmake_prefix_path')
[2.441s] INFO:colcon.colcon_core.shell:Creating environment hook '/home/mimi/voice_km/2025_SUMMER_LT/voice_km/voice_km_ws/install/voice_interfaces/share/voice_interfaces/hook/cmake_prefix_path.ps1'
[2.443s] INFO:colcon.colcon_core.shell:Creating environment descriptor '/home/mimi/voice_km/2025_SUMMER_LT/voice_km/voice_km_ws/install/voice_interfaces/share/voice_interfaces/hook/cmake_prefix_path.dsv'
[2.444s] INFO:colcon.colcon_core.shell:Creating environment hook '/home/mimi/voice_km/2025_SUMMER_LT/voice_km/voice_km_ws/install/voice_interfaces/share/voice_interfaces/hook/cmake_prefix_path.sh'
[2.447s] Level 1:colcon.colcon_core.environment:checking '/home/mimi/voice_km/2025_SUMMER_LT/voice_km/voice_km_ws/install/voice_interfaces/lib'
[2.448s] Level 1:colcon.colcon_core.shell:create_environment_hook('voice_interfaces', 'ld_library_path_lib')
[2.448s] INFO:colcon.colcon_core.shell:Creating environment hook '/home/mimi/voice_km/2025_SUMMER_LT/voice_km/voice_km_ws/install/voice_interfaces/share/voice_interfaces/hook/ld_library_path_lib.ps1'
[2.449s] INFO:colcon.colcon_core.shell:Creating environment descriptor '/home/mimi/voice_km/2025_SUMMER_LT/voice_km/voice_km_ws/install/voice_interfaces/share/voice_interfaces/hook/ld_library_path_lib.dsv'
[2.451s] INFO:colcon.colcon_core.shell:Creating environment hook '/home/mimi/voice_km/2025_SUMMER_LT/voice_km/voice_km_ws/install/voice_interfaces/share/voice_interfaces/hook/ld_library_path_lib.sh'
[2.452s] Level 1:colcon.colcon_core.environment:checking '/home/mimi/voice_km/2025_SUMMER_LT/voice_km/voice_km_ws/install/voice_interfaces/bin'
[2.453s] Level 1:colcon.colcon_core.environment:checking '/home/mimi/voice_km/2025_SUMMER_LT/voice_km/voice_km_ws/install/voice_interfaces/lib/pkgconfig/voice_interfaces.pc'
[2.453s] Level 1:colcon.colcon_core.environment:checking '/home/mimi/voice_km/2025_SUMMER_LT/voice_km/voice_km_ws/install/voice_interfaces/lib/python3.10/site-packages'
[2.454s] Level 1:colcon.colcon_core.environment:checking '/home/mimi/voice_km/2025_SUMMER_LT/voice_km/voice_km_ws/install/voice_interfaces/bin'
[2.454s] INFO:colcon.colcon_core.shell:Creating package script '/home/mimi/voice_km/2025_SUMMER_LT/voice_km/voice_km_ws/install/voice_interfaces/share/voice_interfaces/package.ps1'
[2.457s] INFO:colcon.colcon_core.shell:Creating package descriptor '/home/mimi/voice_km/2025_SUMMER_LT/voice_km/voice_km_ws/install/voice_interfaces/share/voice_interfaces/package.dsv'
[2.459s] INFO:colcon.colcon_core.shell:Creating package script '/home/mimi/voice_km/2025_SUMMER_LT/voice_km/voice_km_ws/install/voice_interfaces/share/voice_interfaces/package.sh'
[2.461s] INFO:colcon.colcon_core.shell:Creating package script '/home/mimi/voice_km/2025_SUMMER_LT/voice_km/voice_km_ws/install/voice_interfaces/share/voice_interfaces/package.bash'
[2.464s] INFO:colcon.colcon_core.shell:Creating package script '/home/mimi/voice_km/2025_SUMMER_LT/voice_km/voice_km_ws/install/voice_interfaces/share/voice_interfaces/package.zsh'
[2.466s] Level 1:colcon.colcon_core.environment:create_file_with_runtime_dependencies(/home/mimi/voice_km/2025_SUMMER_LT/voice_km/voice_km_ws/install/voice_interfaces/share/colcon-core/packages/voice_interfaces)
[2.468s] Level 1:colcon.colcon_core.environment:create_environment_scripts_only(voice_interfaces)
[2.468s] Level 1:colcon.colcon_core.environment:checking '/home/mimi/voice_km/2025_SUMMER_LT/voice_km/voice_km_ws/install/voice_interfaces' for CMake module files
[2.470s] Level 1:colcon.colcon_core.environment:checking '/home/mimi/voice_km/2025_SUMMER_LT/voice_km/voice_km_ws/install/voice_interfaces' for CMake config files
[2.471s] Level 1:colcon.colcon_core.shell:create_environment_hook('voice_interfaces', 'cmake_prefix_path')
[2.471s] INFO:colcon.colcon_core.shell:Creating environment hook '/home/mimi/voice_km/2025_SUMMER_LT/voice_km/voice_km_ws/install/voice_interfaces/share/voice_interfaces/hook/cmake_prefix_path.ps1'
[2.472s] INFO:colcon.colcon_core.shell:Creating environment descriptor '/home/mimi/voice_km/2025_SUMMER_LT/voice_km/voice_km_ws/install/voice_interfaces/share/voice_interfaces/hook/cmake_prefix_path.dsv'
[2.473s] INFO:colcon.colcon_core.shell:Creating environment hook '/home/mimi/voice_km/2025_SUMMER_LT/voice_km/voice_km_ws/install/voice_interfaces/share/voice_interfaces/hook/cmake_prefix_path.sh'
[2.475s] Level 1:colcon.colcon_core.environment:checking '/home/mimi/voice_km/2025_SUMMER_LT/voice_km/voice_km_ws/install/voice_interfaces/lib'
[2.475s] Level 1:colcon.colcon_core.shell:create_environment_hook('voice_interfaces', 'ld_library_path_lib')
[2.476s] INFO:colcon.colcon_core.shell:Creating environment hook '/home/mimi/voice_km/2025_SUMMER_LT/voice_km/voice_km_ws/install/voice_interfaces/share/voice_interfaces/hook/ld_library_path_lib.ps1'
[2.477s] INFO:colcon.colcon_core.shell:Creating environment descriptor '/home/mimi/voice_km/2025_SUMMER_LT/voice_km/voice_km_ws/install/voice_interfaces/share/voice_interfaces/hook/ld_library_path_lib.dsv'
[2.478s] INFO:colcon.colcon_core.shell:Creating environment hook '/home/mimi/voice_km/2025_SUMMER_LT/voice_km/voice_km_ws/install/voice_interfaces/share/voice_interfaces/hook/ld_library_path_lib.sh'
[2.480s] Level 1:colcon.colcon_core.environment:checking '/home/mimi/voice_km/2025_SUMMER_LT/voice_km/voice_km_ws/install/voice_interfaces/bin'
[2.480s] Level 1:colcon.colcon_core.environment:checking '/home/mimi/voice_km/2025_SUMMER_LT/voice_km/voice_km_ws/install/voice_interfaces/lib/pkgconfig/voice_interfaces.pc'
[2.481s] Level 1:colcon.colcon_core.environment:checking '/home/mimi/voice_km/2025_SUMMER_LT/voice_km/voice_km_ws/install/voice_interfaces/lib/python3.10/site-packages'
[2.481s] Level 1:colcon.colcon_core.environment:checking '/home/mimi/voice_km/2025_SUMMER_LT/voice_km/voice_km_ws/install/voice_interfaces/bin'
[2.482s] INFO:colcon.colcon_core.shell:Creating package script '/home/mimi/voice_km/2025_SUMMER_LT/voice_km/voice_km_ws/install/voice_interfaces/share/voice_interfaces/package.ps1'
[2.484s] INFO:colcon.colcon_core.shell:Creating package descriptor '/home/mimi/voice_km/2025_SUMMER_LT/voice_km/voice_km_ws/install/voice_interfaces/share/voice_interfaces/package.dsv'
[2.486s] INFO:colcon.colcon_core.shell:Creating package script '/home/mimi/voice_km/2025_SUMMER_LT/voice_km/voice_km_ws/install/voice_interfaces/share/voice_interfaces/package.sh'
[2.487s] INFO:colcon.colcon_core.shell:Creating package script '/home/mimi/voice_km/2025_SUMMER_LT/voice_km/voice_km_ws/install/voice_interfaces/share/voice_interfaces/package.bash'
[2.488s] INFO:colcon.colcon_core.shell:Creating package script '/home/mimi/voice_km/2025_SUMMER_LT/voice_km/voice_km_ws/install/voice_interfaces/share/voice_interfaces/package.zsh'
[2.490s] Level 1:colcon.colcon_core.environment:create_file_with_runtime_dependencies(/home/mimi/voice_km/2025_SUMMER_LT/voice_km/voice_km_ws/install/voice_interfaces/share/colcon-core/packages/voice_interfaces)
[2.492s] INFO:colcon.colcon_ros.task.ament_python.build:Building ROS package in '/home/mimi/voice_km/2025_SUMMER_LT/voice_km/voice_km_ws/src/voice_service' with build type 'ament_python'
[2.492s] Level 1:colcon.colcon_core.shell:create_environment_hook('voice_service', 'ament_prefix_path')
[2.493s] INFO:colcon.colcon_core.shell:Creating environment hook '/home/mimi/voice_km/2025_SUMMER_LT/voice_km/voice_km_ws/install/voice_service/share/voice_service/hook/ament_prefix_path.ps1'
[2.495s] INFO:colcon.colcon_core.shell:Creating environment descriptor '/home/mimi/voice_km/2025_SUMMER_LT/voice_km/voice_km_ws/install/voice_service/share/voice_service/hook/ament_prefix_path.dsv'
[2.498s] INFO:colcon.colcon_core.shell:Creating environment hook '/home/mimi/voice_km/2025_SUMMER_LT/voice_km/voice_km_ws/install/voice_service/share/voice_service/hook/ament_prefix_path.sh'
[2.500s] INFO:colcon.colcon_core.shell:Skip shell extension 'powershell' for command environment: Not usable outside of PowerShell
[2.500s] DEBUG:colcon.colcon_core.shell:Skip shell extension 'dsv' for command environment
[3.219s] INFO:colcon.colcon_core.task.python.build:Building Python package in '/home/mimi/voice_km/2025_SUMMER_LT/voice_km/voice_km_ws/src/voice_service'
[3.221s] INFO:colcon.colcon_core.shell:Skip shell extension 'powershell' for command environment: Not usable outside of PowerShell
[3.221s] DEBUG:colcon.colcon_core.shell:Skip shell extension 'dsv' for command environment
[4.174s] DEBUG:colcon.colcon_core.event_handler.log_command:Invoking command in '/home/mimi/voice_km/2025_SUMMER_LT/voice_km/voice_km_ws/src/voice_service': PYTHONPATH=/home/mimi/voice_km/2025_SUMMER_LT/voice_km/voice_km_ws/build/voice_service/prefix_override:/usr/lib/python3/dist-packages/colcon_core/task/python/colcon_distutils_commands:/home/mimi/voice_km/2025_SUMMER_LT/voice_km/voice_km_ws/install/voice_service/lib/python3.10/site-packages:${PYTHONPATH} /usr/bin/python3 -W ignore:setup.py install is deprecated -W ignore:easy_install command is deprecated setup.py egg_info --egg-base ../../build/voice_service build --build-base /home/mimi/voice_km/2025_SUMMER_LT/voice_km/voice_km_ws/build/voice_service/build install --record /home/mimi/voice_km/2025_SUMMER_LT/voice_km/voice_km_ws/build/voice_service/install.log --single-version-externally-managed install_data
[5.021s] Level 1:colcon.colcon_core.environment:checking '/home/mimi/voice_km/2025_SUMMER_LT/voice_km/voice_km_ws/install/voice_service' for CMake module files
[5.023s] DEBUG:colcon.colcon_core.event_handler.log_command:Invoked command in '/home/mimi/voice_km/2025_SUMMER_LT/voice_km/voice_km_ws/src/voice_service' returned '0': PYTHONPATH=/home/mimi/voice_km/2025_SUMMER_LT/voice_km/voice_km_ws/build/voice_service/prefix_override:/usr/lib/python3/dist-packages/colcon_core/task/python/colcon_distutils_commands:/home/mimi/voice_km/2025_SUMMER_LT/voice_km/voice_km_ws/install/voice_service/lib/python3.10/site-packages:${PYTHONPATH} /usr/bin/python3 -W ignore:setup.py install is deprecated -W ignore:easy_install command is deprecated setup.py egg_info --egg-base ../../build/voice_service build --build-base /home/mimi/voice_km/2025_SUMMER_LT/voice_km/voice_km_ws/build/voice_service/build install --record /home/mimi/voice_km/2025_SUMMER_LT/voice_km/voice_km_ws/build/voice_service/install.log --single-version-externally-managed install_data
[5.025s] Level 1:colcon.colcon_core.environment:checking '/home/mimi/voice_km/2025_SUMMER_LT/voice_km/voice_km_ws/install/voice_service' for CMake config files
[5.027s] Level 1:colcon.colcon_core.environment:checking '/home/mimi/voice_km/2025_SUMMER_LT/voice_km/voice_km_ws/install/voice_service/lib'
[5.027s] Level 1:colcon.colcon_core.environment:checking '/home/mimi/voice_km/2025_SUMMER_LT/voice_km/voice_km_ws/install/voice_service/bin'
[5.027s] Level 1:colcon.colcon_core.environment:checking '/home/mimi/voice_km/2025_SUMMER_LT/voice_km/voice_km_ws/install/voice_service/lib/pkgconfig/voice_service.pc'
[5.028s] Level 1:colcon.colcon_core.environment:checking '/home/mimi/voice_km/2025_SUMMER_LT/voice_km/voice_km_ws/install/voice_service/lib/python3.10/site-packages'
[5.028s] Level 1:colcon.colcon_core.shell:create_environment_hook('voice_service', 'pythonpath')
[5.029s] INFO:colcon.colcon_core.shell:Creating environment hook '/home/mimi/voice_km/2025_SUMMER_LT/voice_km/voice_km_ws/install/voice_service/share/voice_service/hook/pythonpath.ps1'
[5.031s] INFO:colcon.colcon_core.shell:Creating environment descriptor '/home/mimi/voice_km/2025_SUMMER_LT/voice_km/voice_km_ws/install/voice_service/share/voice_service/hook/pythonpath.dsv'
[5.033s] INFO:colcon.colcon_core.shell:Creating environment hook '/home/mimi/voice_km/2025_SUMMER_LT/voice_km/voice_km_ws/install/voice_service/share/voice_service/hook/pythonpath.sh'
[5.035s] Level 1:colcon.colcon_core.environment:checking '/home/mimi/voice_km/2025_SUMMER_LT/voice_km/voice_km_ws/install/voice_service/bin'
[5.035s] Level 1:colcon.colcon_core.environment:create_environment_scripts_only(voice_service)
[5.036s] INFO:colcon.colcon_core.shell:Creating package script '/home/mimi/voice_km/2025_SUMMER_LT/voice_km/voice_km_ws/install/voice_service/share/voice_service/package.ps1'
[5.038s] INFO:colcon.colcon_core.shell:Creating package descriptor '/home/mimi/voice_km/2025_SUMMER_LT/voice_km/voice_km_ws/install/voice_service/share/voice_service/package.dsv'
[5.039s] INFO:colcon.colcon_core.shell:Creating package script '/home/mimi/voice_km/2025_SUMMER_LT/voice_km/voice_km_ws/install/voice_service/share/voice_service/package.sh'
[5.041s] INFO:colcon.colcon_core.shell:Creating package script '/home/mimi/voice_km/2025_SUMMER_LT/voice_km/voice_km_ws/install/voice_service/share/voice_service/package.bash'
[5.042s] INFO:colcon.colcon_core.shell:Creating package script '/home/mimi/voice_km/2025_SUMMER_LT/voice_km/voice_km_ws/install/voice_service/share/voice_service/package.zsh'
[5.043s] Level 1:colcon.colcon_core.environment:create_file_with_runtime_dependencies(/home/mimi/voice_km/2025_SUMMER_LT/voice_km/voice_km_ws/install/voice_service/share/colcon-core/packages/voice_service)
[5.045s] DEBUG:colcon.colcon_parallel_executor.executor.parallel:closing loop
[5.047s] DEBUG:colcon.colcon_parallel_executor.executor.parallel:loop closed
[5.047s] DEBUG:colcon.colcon_parallel_executor.executor.parallel:run_until_complete finished with '0'
[5.047s] DEBUG:colcon.colcon_core.event_reactor:joining thread
[5.063s] INFO:colcon.colcon_core.plugin_system:Skipping extension 'colcon_notification.desktop_notification.terminal_notifier': Not used on non-Darwin systems
[5.063s] INFO:colcon.colcon_core.plugin_system:Skipping extension 'colcon_notification.desktop_notification.win32': Not used on non-Windows systems
[5.063s] INFO:colcon.colcon_notification.desktop_notification:Sending desktop notification using 'notify2'
[5.105s] DEBUG:colcon.colcon_core.event_reactor:joined thread
[5.107s] INFO:colcon.colcon_core.shell:Creating prefix script '/home/mimi/voice_km/2025_SUMMER_LT/voice_km/voice_km_ws/install/local_setup.ps1'
[5.110s] INFO:colcon.colcon_core.shell:Creating prefix util module '/home/mimi/voice_km/2025_SUMMER_LT/voice_km/voice_km_ws/install/_local_setup_util_ps1.py'
[5.117s] INFO:colcon.colcon_core.shell:Creating prefix chain script '/home/mimi/voice_km/2025_SUMMER_LT/voice_km/voice_km_ws/install/setup.ps1'
[5.122s] INFO:colcon.colcon_core.shell:Creating prefix script '/home/mimi/voice_km/2025_SUMMER_LT/voice_km/voice_km_ws/install/local_setup.sh'
[5.124s] INFO:colcon.colcon_core.shell:Creating prefix util module '/home/mimi/voice_km/2025_SUMMER_LT/voice_km/voice_km_ws/install/_local_setup_util_sh.py'
[5.126s] INFO:colcon.colcon_core.shell:Creating prefix chain script '/home/mimi/voice_km/2025_SUMMER_LT/voice_km/voice_km_ws/install/setup.sh'
[5.130s] INFO:colcon.colcon_core.shell:Creating prefix script '/home/mimi/voice_km/2025_SUMMER_LT/voice_km/voice_km_ws/install/local_setup.bash'
[5.132s] INFO:colcon.colcon_core.shell:Creating prefix chain script '/home/mimi/voice_km/2025_SUMMER_LT/voice_km/voice_km_ws/install/setup.bash'
[5.135s] INFO:colcon.colcon_core.shell:Creating prefix script '/home/mimi/voice_km/2025_SUMMER_LT/voice_km/voice_km_ws/install/local_setup.zsh'
[5.137s] INFO:colcon.colcon_core.shell:Creating prefix chain script '/home/mimi/voice_km/2025_SUMMER_LT/voice_km/voice_km_ws/install/setup.zsh'
