[0.312s] DEBUG:colcon:Command line arguments: ['/usr/bin/colcon', 'build']
[0.312s] DEBUG:colcon:Parsed command line arguments: Namespace(log_base=None, log_level=None, verb_name='build', build_base='build', install_base='install', merge_install=False, symlink_install=False, test_result_base=None, continue_on_error=False, executor='parallel', parallel_workers=8, event_handlers=None, ignore_user_meta=False, metas=['./colcon.meta'], base_paths=['.'], packages_ignore=None, packages_ignore_regex=None, paths=None, packages_up_to=None, packages_up_to_regex=None, packages_above=None, packages_above_and_dependencies=None, packages_above_depth=None, packages_select_by_dep=None, packages_skip_by_dep=None, packages_skip_up_to=None, packages_select_build_failed=False, packages_skip_build_finished=False, packages_select_test_failures=False, packages_skip_test_passed=False, packages_select=None, packages_skip=None, packages_select_regex=None, packages_skip_regex=None, packages_start=None, packages_end=None, allow_overriding=[], cmake_args=None, cmake_target=None, cmake_target_skip_unavailable=False, cmake_clean_cache=False, cmake_clean_first=False, cmake_force_configure=False, ament_cmake_args=None, catkin_cmake_args=None, catkin_skip_building_tests=False, verb_parser=<colcon_defaults.argument_parser.defaults.DefaultArgumentsDecorator object at 0x7619392546a0>, verb_extension=<colcon_core.verb.build.BuildVerb object at 0x761939254130>, main=<bound method BuildVerb.main of <colcon_core.verb.build.BuildVerb object at 0x761939254130>>)
[0.751s] Level 1:colcon.colcon_core.package_discovery:discover_packages(colcon_meta) check parameters
[0.751s] Level 1:colcon.colcon_core.package_discovery:discover_packages(recursive) check parameters
[0.751s] Level 1:colcon.colcon_core.package_discovery:discover_packages(ignore) check parameters
[0.751s] Level 1:colcon.colcon_core.package_discovery:discover_packages(path) check parameters
[0.751s] Level 1:colcon.colcon_core.package_discovery:discover_packages(colcon_meta) discover
[0.751s] Level 1:colcon.colcon_core.package_discovery:discover_packages(recursive) discover
[0.752s] INFO:colcon.colcon_core.package_discovery:Crawling recursively for packages in '/home/mimi/voice_km/2025_SUMMER_LT/voice_km/voice_km_ws'
[0.753s] Level 1:colcon.colcon_core.package_identification:_identify(.) by extensions ['ignore', 'ignore_ament_install']
[0.753s] Level 1:colcon.colcon_core.package_identification:_identify(.) by extension 'ignore'
[0.754s] Level 1:colcon.colcon_core.package_identification:_identify(.) by extension 'ignore_ament_install'
[0.754s] Level 1:colcon.colcon_core.package_identification:_identify(.) by extensions ['colcon_pkg']
[0.754s] Level 1:colcon.colcon_core.package_identification:_identify(.) by extension 'colcon_pkg'
[0.754s] Level 1:colcon.colcon_core.package_identification:_identify(.) by extensions ['colcon_meta']
[0.754s] Level 1:colcon.colcon_core.package_identification:_identify(.) by extension 'colcon_meta'
[0.754s] Level 1:colcon.colcon_core.package_identification:_identify(.) by extensions ['ros']
[0.754s] Level 1:colcon.colcon_core.package_identification:_identify(.) by extension 'ros'
[0.788s] Level 1:colcon.colcon_core.package_identification:_identify(.) by extensions ['cmake', 'python']
[0.789s] Level 1:colcon.colcon_core.package_identification:_identify(.) by extension 'cmake'
[0.789s] Level 1:colcon.colcon_core.package_identification:_identify(.) by extension 'python'
[0.789s] Level 1:colcon.colcon_core.package_identification:_identify(.) by extensions ['python_setup_py']
[0.789s] Level 1:colcon.colcon_core.package_identification:_identify(.) by extension 'python_setup_py'
[0.789s] Level 1:colcon.colcon_core.package_identification:_identify(build) by extensions ['ignore', 'ignore_ament_install']
[0.790s] Level 1:colcon.colcon_core.package_identification:_identify(build) by extension 'ignore'
[0.790s] Level 1:colcon.colcon_core.package_identification:_identify(build) ignored
[0.791s] Level 1:colcon.colcon_core.package_identification:_identify(install) by extensions ['ignore', 'ignore_ament_install']
[0.791s] Level 1:colcon.colcon_core.package_identification:_identify(install) by extension 'ignore'
[0.791s] Level 1:colcon.colcon_core.package_identification:_identify(install) ignored
[0.791s] Level 1:colcon.colcon_core.package_identification:_identify(log) by extensions ['ignore', 'ignore_ament_install']
[0.792s] Level 1:colcon.colcon_core.package_identification:_identify(log) by extension 'ignore'
[0.792s] Level 1:colcon.colcon_core.package_identification:_identify(log) ignored
[0.792s] Level 1:colcon.colcon_core.package_identification:_identify(src) by extensions ['ignore', 'ignore_ament_install']
[0.792s] Level 1:colcon.colcon_core.package_identification:_identify(src) by extension 'ignore'
[0.792s] Level 1:colcon.colcon_core.package_identification:_identify(src) by extension 'ignore_ament_install'
[0.792s] Level 1:colcon.colcon_core.package_identification:_identify(src) by extensions ['colcon_pkg']
[0.792s] Level 1:colcon.colcon_core.package_identification:_identify(src) by extension 'colcon_pkg'
[0.792s] Level 1:colcon.colcon_core.package_identification:_identify(src) by extensions ['colcon_meta']
[0.793s] Level 1:colcon.colcon_core.package_identification:_identify(src) by extension 'colcon_meta'
[0.793s] Level 1:colcon.colcon_core.package_identification:_identify(src) by extensions ['ros']
[0.793s] Level 1:colcon.colcon_core.package_identification:_identify(src) by extension 'ros'
[0.793s] Level 1:colcon.colcon_core.package_identification:_identify(src) by extensions ['cmake', 'python']
[0.793s] Level 1:colcon.colcon_core.package_identification:_identify(src) by extension 'cmake'
[0.793s] Level 1:colcon.colcon_core.package_identification:_identify(src) by extension 'python'
[0.793s] Level 1:colcon.colcon_core.package_identification:_identify(src) by extensions ['python_setup_py']
[0.793s] Level 1:colcon.colcon_core.package_identification:_identify(src) by extension 'python_setup_py'
[0.793s] Level 1:colcon.colcon_core.package_identification:_identify(src/voice_interfaces) by extensions ['ignore', 'ignore_ament_install']
[0.794s] Level 1:colcon.colcon_core.package_identification:_identify(src/voice_interfaces) by extension 'ignore'
[0.794s] Level 1:colcon.colcon_core.package_identification:_identify(src/voice_interfaces) by extension 'ignore_ament_install'
[0.794s] Level 1:colcon.colcon_core.package_identification:_identify(src/voice_interfaces) by extensions ['colcon_pkg']
[0.794s] Level 1:colcon.colcon_core.package_identification:_identify(src/voice_interfaces) by extension 'colcon_pkg'
[0.794s] Level 1:colcon.colcon_core.package_identification:_identify(src/voice_interfaces) by extensions ['colcon_meta']
[0.794s] Level 1:colcon.colcon_core.package_identification:_identify(src/voice_interfaces) by extension 'colcon_meta'
[0.794s] Level 1:colcon.colcon_core.package_identification:_identify(src/voice_interfaces) by extensions ['ros']
[0.794s] Level 1:colcon.colcon_core.package_identification:_identify(src/voice_interfaces) by extension 'ros'
[0.801s] DEBUG:colcon.colcon_core.package_identification:Package 'src/voice_interfaces' with type 'ros.ament_cmake' and name 'voice_interfaces'
[0.801s] Level 1:colcon.colcon_core.package_identification:_identify(src/voice_service) by extensions ['ignore', 'ignore_ament_install']
[0.802s] Level 1:colcon.colcon_core.package_identification:_identify(src/voice_service) by extension 'ignore'
[0.802s] Level 1:colcon.colcon_core.package_identification:_identify(src/voice_service) by extension 'ignore_ament_install'
[0.802s] Level 1:colcon.colcon_core.package_identification:_identify(src/voice_service) by extensions ['colcon_pkg']
[0.802s] Level 1:colcon.colcon_core.package_identification:_identify(src/voice_service) by extension 'colcon_pkg'
[0.802s] Level 1:colcon.colcon_core.package_identification:_identify(src/voice_service) by extensions ['colcon_meta']
[0.802s] Level 1:colcon.colcon_core.package_identification:_identify(src/voice_service) by extension 'colcon_meta'
[0.803s] Level 1:colcon.colcon_core.package_identification:_identify(src/voice_service) by extensions ['ros']
[0.803s] Level 1:colcon.colcon_core.package_identification:_identify(src/voice_service) by extension 'ros'
[0.804s] DEBUG:colcon.colcon_core.package_identification:Package 'src/voice_service' with type 'ros.ament_python' and name 'voice_service'
[0.805s] Level 1:colcon.colcon_core.package_discovery:discover_packages(recursive) using defaults
[0.805s] Level 1:colcon.colcon_core.package_discovery:discover_packages(ignore) discover
[0.805s] Level 1:colcon.colcon_core.package_discovery:discover_packages(ignore) using defaults
[0.805s] Level 1:colcon.colcon_core.package_discovery:discover_packages(path) discover
[0.805s] Level 1:colcon.colcon_core.package_discovery:discover_packages(path) using defaults
[0.865s] Level 1:colcon.colcon_core.package_discovery:discover_packages(prefix_path) check parameters
[0.865s] Level 1:colcon.colcon_core.package_discovery:discover_packages(prefix_path) discover
[0.872s] DEBUG:colcon.colcon_installed_package_information.package_discovery:Found 2 installed packages in /home/mimi/voice_km/2025_SUMMER_LT/voice_km/voice_km_ws/install
[0.873s] DEBUG:colcon.colcon_installed_package_information.package_discovery:Found 0 installed packages in /home/mimi/edu_ws/install
[0.878s] DEBUG:colcon.colcon_installed_package_information.package_discovery:Found 271 installed packages in /opt/ros/humble
[0.923s] Level 1:colcon.colcon_core.package_discovery:discover_packages(prefix_path) using defaults
[1.039s] Level 5:colcon.colcon_core.verb:set package 'voice_interfaces' build argument 'cmake_args' from command line to 'None'
[1.040s] Level 5:colcon.colcon_core.verb:set package 'voice_interfaces' build argument 'cmake_target' from command line to 'None'
[1.040s] Level 5:colcon.colcon_core.verb:set package 'voice_interfaces' build argument 'cmake_target_skip_unavailable' from command line to 'False'
[1.040s] Level 5:colcon.colcon_core.verb:set package 'voice_interfaces' build argument 'cmake_clean_cache' from command line to 'False'
[1.040s] Level 5:colcon.colcon_core.verb:set package 'voice_interfaces' build argument 'cmake_clean_first' from command line to 'False'
[1.040s] Level 5:colcon.colcon_core.verb:set package 'voice_interfaces' build argument 'cmake_force_configure' from command line to 'False'
[1.040s] Level 5:colcon.colcon_core.verb:set package 'voice_interfaces' build argument 'ament_cmake_args' from command line to 'None'
[1.040s] Level 5:colcon.colcon_core.verb:set package 'voice_interfaces' build argument 'catkin_cmake_args' from command line to 'None'
[1.040s] Level 5:colcon.colcon_core.verb:set package 'voice_interfaces' build argument 'catkin_skip_building_tests' from command line to 'False'
[1.040s] DEBUG:colcon.colcon_core.verb:Building package 'voice_interfaces' with the following arguments: {'ament_cmake_args': None, 'build_base': '/home/mimi/voice_km/2025_SUMMER_LT/voice_km/voice_km_ws/build/voice_interfaces', 'catkin_cmake_args': None, 'catkin_skip_building_tests': False, 'cmake_args': None, 'cmake_clean_cache': False, 'cmake_clean_first': False, 'cmake_force_configure': False, 'cmake_target': None, 'cmake_target_skip_unavailable': False, 'install_base': '/home/mimi/voice_km/2025_SUMMER_LT/voice_km/voice_km_ws/install/voice_interfaces', 'merge_install': False, 'path': '/home/mimi/voice_km/2025_SUMMER_LT/voice_km/voice_km_ws/src/voice_interfaces', 'symlink_install': False, 'test_result_base': None}
[1.041s] Level 5:colcon.colcon_core.verb:set package 'voice_service' build argument 'cmake_args' from command line to 'None'
[1.042s] Level 5:colcon.colcon_core.verb:set package 'voice_service' build argument 'cmake_target' from command line to 'None'
[1.042s] Level 5:colcon.colcon_core.verb:set package 'voice_service' build argument 'cmake_target_skip_unavailable' from command line to 'False'
[1.042s] Level 5:colcon.colcon_core.verb:set package 'voice_service' build argument 'cmake_clean_cache' from command line to 'False'
[1.042s] Level 5:colcon.colcon_core.verb:set package 'voice_service' build argument 'cmake_clean_first' from command line to 'False'
[1.042s] Level 5:colcon.colcon_core.verb:set package 'voice_service' build argument 'cmake_force_configure' from command line to 'False'
[1.042s] Level 5:colcon.colcon_core.verb:set package 'voice_service' build argument 'ament_cmake_args' from command line to 'None'
[1.042s] Level 5:colcon.colcon_core.verb:set package 'voice_service' build argument 'catkin_cmake_args' from command line to 'None'
[1.042s] Level 5:colcon.colcon_core.verb:set package 'voice_service' build argument 'catkin_skip_building_tests' from command line to 'False'
[1.042s] DEBUG:colcon.colcon_core.verb:Building package 'voice_service' with the following arguments: {'ament_cmake_args': None, 'build_base': '/home/mimi/voice_km/2025_SUMMER_LT/voice_km/voice_km_ws/build/voice_service', 'catkin_cmake_args': None, 'catkin_skip_building_tests': False, 'cmake_args': None, 'cmake_clean_cache': False, 'cmake_clean_first': False, 'cmake_force_configure': False, 'cmake_target': None, 'cmake_target_skip_unavailable': False, 'install_base': '/home/mimi/voice_km/2025_SUMMER_LT/voice_km/voice_km_ws/install/voice_service', 'merge_install': False, 'path': '/home/mimi/voice_km/2025_SUMMER_LT/voice_km/voice_km_ws/src/voice_service', 'symlink_install': False, 'test_result_base': None}
[1.042s] INFO:colcon.colcon_core.executor:Executing jobs using 'parallel' executor
[1.045s] DEBUG:colcon.colcon_parallel_executor.executor.parallel:run_until_complete
[1.046s] INFO:colcon.colcon_ros.task.ament_cmake.build:Building ROS package in '/home/mimi/voice_km/2025_SUMMER_LT/voice_km/voice_km_ws/src/voice_interfaces' with build type 'ament_cmake'
[1.046s] INFO:colcon.colcon_cmake.task.cmake.build:Building CMake package in '/home/mimi/voice_km/2025_SUMMER_LT/voice_km/voice_km_ws/src/voice_interfaces'
[1.053s] INFO:colcon.colcon_core.plugin_system:Skipping extension 'colcon_core.shell.bat': Not used on non-Windows systems
[1.053s] INFO:colcon.colcon_core.shell:Skip shell extension 'powershell' for command environment: Not usable outside of PowerShell
[1.054s] DEBUG:colcon.colcon_core.shell:Skip shell extension 'dsv' for command environment
[1.095s] DEBUG:colcon.colcon_core.event_handler.log_command:Invoking command in '/home/mimi/voice_km/2025_SUMMER_LT/voice_km/voice_km_ws/build/voice_interfaces': CMAKE_PREFIX_PATH=${CMAKE_PREFIX_PATH}:/home/mimi/voice_km/2025_SUMMER_LT/voice_km/voice_km_ws/install/voice_service:/opt/ros/humble /usr/bin/cmake --build /home/mimi/voice_km/2025_SUMMER_LT/voice_km/voice_km_ws/build/voice_interfaces -- -j8 -l8
[2.187s] DEBUG:colcon.colcon_core.event_handler.log_command:Invoked command in '/home/mimi/voice_km/2025_SUMMER_LT/voice_km/voice_km_ws/build/voice_interfaces' returned '0': CMAKE_PREFIX_PATH=${CMAKE_PREFIX_PATH}:/home/mimi/voice_km/2025_SUMMER_LT/voice_km/voice_km_ws/install/voice_service:/opt/ros/humble /usr/bin/cmake --build /home/mimi/voice_km/2025_SUMMER_LT/voice_km/voice_km_ws/build/voice_interfaces -- -j8 -l8
[2.230s] DEBUG:colcon.colcon_core.event_handler.log_command:Invoking command in '/home/mimi/voice_km/2025_SUMMER_LT/voice_km/voice_km_ws/build/voice_interfaces': CMAKE_PREFIX_PATH=${CMAKE_PREFIX_PATH}:/home/mimi/voice_km/2025_SUMMER_LT/voice_km/voice_km_ws/install/voice_service:/opt/ros/humble /usr/bin/cmake --install /home/mimi/voice_km/2025_SUMMER_LT/voice_km/voice_km_ws/build/voice_interfaces
[2.410s] Level 1:colcon.colcon_core.environment:create_environment_scripts_only(voice_interfaces)
[2.412s] DEBUG:colcon.colcon_core.event_handler.log_command:Invoked command in '/home/mimi/voice_km/2025_SUMMER_LT/voice_km/voice_km_ws/build/voice_interfaces' returned '0': CMAKE_PREFIX_PATH=${CMAKE_PREFIX_PATH}:/home/mimi/voice_km/2025_SUMMER_LT/voice_km/voice_km_ws/install/voice_service:/opt/ros/humble /usr/bin/cmake --install /home/mimi/voice_km/2025_SUMMER_LT/voice_km/voice_km_ws/build/voice_interfaces
[2.418s] Level 1:colcon.colcon_core.environment:checking '/home/mimi/voice_km/2025_SUMMER_LT/voice_km/voice_km_ws/install/voice_interfaces' for CMake module files
[2.421s] Level 1:colcon.colcon_core.environment:checking '/home/mimi/voice_km/2025_SUMMER_LT/voice_km/voice_km_ws/install/voice_interfaces' for CMake config files
[2.422s] Level 1:colcon.colcon_core.shell:create_environment_hook('voice_interfaces', 'cmake_prefix_path')
[2.422s] INFO:colcon.colcon_core.shell:Creating environment hook '/home/mimi/voice_km/2025_SUMMER_LT/voice_km/voice_km_ws/install/voice_interfaces/share/voice_interfaces/hook/cmake_prefix_path.ps1'
[2.424s] INFO:colcon.colcon_core.shell:Creating environment descriptor '/home/mimi/voice_km/2025_SUMMER_LT/voice_km/voice_km_ws/install/voice_interfaces/share/voice_interfaces/hook/cmake_prefix_path.dsv'
[2.425s] INFO:colcon.colcon_core.shell:Creating environment hook '/home/mimi/voice_km/2025_SUMMER_LT/voice_km/voice_km_ws/install/voice_interfaces/share/voice_interfaces/hook/cmake_prefix_path.sh'
[2.427s] Level 1:colcon.colcon_core.environment:checking '/home/mimi/voice_km/2025_SUMMER_LT/voice_km/voice_km_ws/install/voice_interfaces/lib'
[2.428s] Level 1:colcon.colcon_core.shell:create_environment_hook('voice_interfaces', 'ld_library_path_lib')
[2.428s] INFO:colcon.colcon_core.shell:Creating environment hook '/home/mimi/voice_km/2025_SUMMER_LT/voice_km/voice_km_ws/install/voice_interfaces/share/voice_interfaces/hook/ld_library_path_lib.ps1'
[2.430s] INFO:colcon.colcon_core.shell:Creating environment descriptor '/home/mimi/voice_km/2025_SUMMER_LT/voice_km/voice_km_ws/install/voice_interfaces/share/voice_interfaces/hook/ld_library_path_lib.dsv'
[2.431s] INFO:colcon.colcon_core.shell:Creating environment hook '/home/mimi/voice_km/2025_SUMMER_LT/voice_km/voice_km_ws/install/voice_interfaces/share/voice_interfaces/hook/ld_library_path_lib.sh'
[2.433s] Level 1:colcon.colcon_core.environment:checking '/home/mimi/voice_km/2025_SUMMER_LT/voice_km/voice_km_ws/install/voice_interfaces/bin'
[2.433s] Level 1:colcon.colcon_core.environment:checking '/home/mimi/voice_km/2025_SUMMER_LT/voice_km/voice_km_ws/install/voice_interfaces/lib/pkgconfig/voice_interfaces.pc'
[2.433s] Level 1:colcon.colcon_core.environment:checking '/home/mimi/voice_km/2025_SUMMER_LT/voice_km/voice_km_ws/install/voice_interfaces/lib/python3.10/site-packages'
[2.434s] Level 1:colcon.colcon_core.environment:checking '/home/mimi/voice_km/2025_SUMMER_LT/voice_km/voice_km_ws/install/voice_interfaces/bin'
[2.435s] INFO:colcon.colcon_core.shell:Creating package script '/home/mimi/voice_km/2025_SUMMER_LT/voice_km/voice_km_ws/install/voice_interfaces/share/voice_interfaces/package.ps1'
[2.437s] INFO:colcon.colcon_core.shell:Creating package descriptor '/home/mimi/voice_km/2025_SUMMER_LT/voice_km/voice_km_ws/install/voice_interfaces/share/voice_interfaces/package.dsv'
[2.438s] INFO:colcon.colcon_core.shell:Creating package script '/home/mimi/voice_km/2025_SUMMER_LT/voice_km/voice_km_ws/install/voice_interfaces/share/voice_interfaces/package.sh'
[2.440s] INFO:colcon.colcon_core.shell:Creating package script '/home/mimi/voice_km/2025_SUMMER_LT/voice_km/voice_km_ws/install/voice_interfaces/share/voice_interfaces/package.bash'
[2.443s] INFO:colcon.colcon_core.shell:Creating package script '/home/mimi/voice_km/2025_SUMMER_LT/voice_km/voice_km_ws/install/voice_interfaces/share/voice_interfaces/package.zsh'
[2.445s] Level 1:colcon.colcon_core.environment:create_file_with_runtime_dependencies(/home/mimi/voice_km/2025_SUMMER_LT/voice_km/voice_km_ws/install/voice_interfaces/share/colcon-core/packages/voice_interfaces)
[2.448s] Level 1:colcon.colcon_core.environment:create_environment_scripts_only(voice_interfaces)
[2.448s] Level 1:colcon.colcon_core.environment:checking '/home/mimi/voice_km/2025_SUMMER_LT/voice_km/voice_km_ws/install/voice_interfaces' for CMake module files
[2.450s] Level 1:colcon.colcon_core.environment:checking '/home/mimi/voice_km/2025_SUMMER_LT/voice_km/voice_km_ws/install/voice_interfaces' for CMake config files
[2.452s] Level 1:colcon.colcon_core.shell:create_environment_hook('voice_interfaces', 'cmake_prefix_path')
[2.452s] INFO:colcon.colcon_core.shell:Creating environment hook '/home/mimi/voice_km/2025_SUMMER_LT/voice_km/voice_km_ws/install/voice_interfaces/share/voice_interfaces/hook/cmake_prefix_path.ps1'
[2.453s] INFO:colcon.colcon_core.shell:Creating environment descriptor '/home/mimi/voice_km/2025_SUMMER_LT/voice_km/voice_km_ws/install/voice_interfaces/share/voice_interfaces/hook/cmake_prefix_path.dsv'
[2.454s] INFO:colcon.colcon_core.shell:Creating environment hook '/home/mimi/voice_km/2025_SUMMER_LT/voice_km/voice_km_ws/install/voice_interfaces/share/voice_interfaces/hook/cmake_prefix_path.sh'
[2.456s] Level 1:colcon.colcon_core.environment:checking '/home/mimi/voice_km/2025_SUMMER_LT/voice_km/voice_km_ws/install/voice_interfaces/lib'
[2.456s] Level 1:colcon.colcon_core.shell:create_environment_hook('voice_interfaces', 'ld_library_path_lib')
[2.456s] INFO:colcon.colcon_core.shell:Creating environment hook '/home/mimi/voice_km/2025_SUMMER_LT/voice_km/voice_km_ws/install/voice_interfaces/share/voice_interfaces/hook/ld_library_path_lib.ps1'
[2.458s] INFO:colcon.colcon_core.shell:Creating environment descriptor '/home/mimi/voice_km/2025_SUMMER_LT/voice_km/voice_km_ws/install/voice_interfaces/share/voice_interfaces/hook/ld_library_path_lib.dsv'
[2.459s] INFO:colcon.colcon_core.shell:Creating environment hook '/home/mimi/voice_km/2025_SUMMER_LT/voice_km/voice_km_ws/install/voice_interfaces/share/voice_interfaces/hook/ld_library_path_lib.sh'
[2.460s] Level 1:colcon.colcon_core.environment:checking '/home/mimi/voice_km/2025_SUMMER_LT/voice_km/voice_km_ws/install/voice_interfaces/bin'
[2.461s] Level 1:colcon.colcon_core.environment:checking '/home/mimi/voice_km/2025_SUMMER_LT/voice_km/voice_km_ws/install/voice_interfaces/lib/pkgconfig/voice_interfaces.pc'
[2.461s] Level 1:colcon.colcon_core.environment:checking '/home/mimi/voice_km/2025_SUMMER_LT/voice_km/voice_km_ws/install/voice_interfaces/lib/python3.10/site-packages'
[2.462s] Level 1:colcon.colcon_core.environment:checking '/home/mimi/voice_km/2025_SUMMER_LT/voice_km/voice_km_ws/install/voice_interfaces/bin'
[2.463s] INFO:colcon.colcon_core.shell:Creating package script '/home/mimi/voice_km/2025_SUMMER_LT/voice_km/voice_km_ws/install/voice_interfaces/share/voice_interfaces/package.ps1'
[2.465s] INFO:colcon.colcon_core.shell:Creating package descriptor '/home/mimi/voice_km/2025_SUMMER_LT/voice_km/voice_km_ws/install/voice_interfaces/share/voice_interfaces/package.dsv'
[2.466s] INFO:colcon.colcon_core.shell:Creating package script '/home/mimi/voice_km/2025_SUMMER_LT/voice_km/voice_km_ws/install/voice_interfaces/share/voice_interfaces/package.sh'
[2.468s] INFO:colcon.colcon_core.shell:Creating package script '/home/mimi/voice_km/2025_SUMMER_LT/voice_km/voice_km_ws/install/voice_interfaces/share/voice_interfaces/package.bash'
[2.469s] INFO:colcon.colcon_core.shell:Creating package script '/home/mimi/voice_km/2025_SUMMER_LT/voice_km/voice_km_ws/install/voice_interfaces/share/voice_interfaces/package.zsh'
[2.471s] Level 1:colcon.colcon_core.environment:create_file_with_runtime_dependencies(/home/mimi/voice_km/2025_SUMMER_LT/voice_km/voice_km_ws/install/voice_interfaces/share/colcon-core/packages/voice_interfaces)
[2.473s] INFO:colcon.colcon_ros.task.ament_python.build:Building ROS package in '/home/mimi/voice_km/2025_SUMMER_LT/voice_km/voice_km_ws/src/voice_service' with build type 'ament_python'
[2.474s] Level 1:colcon.colcon_core.shell:create_environment_hook('voice_service', 'ament_prefix_path')
[2.475s] INFO:colcon.colcon_core.shell:Creating environment hook '/home/mimi/voice_km/2025_SUMMER_LT/voice_km/voice_km_ws/install/voice_service/share/voice_service/hook/ament_prefix_path.ps1'
[2.479s] INFO:colcon.colcon_core.shell:Creating environment descriptor '/home/mimi/voice_km/2025_SUMMER_LT/voice_km/voice_km_ws/install/voice_service/share/voice_service/hook/ament_prefix_path.dsv'
[2.481s] INFO:colcon.colcon_core.shell:Creating environment hook '/home/mimi/voice_km/2025_SUMMER_LT/voice_km/voice_km_ws/install/voice_service/share/voice_service/hook/ament_prefix_path.sh'
[2.483s] INFO:colcon.colcon_core.shell:Skip shell extension 'powershell' for command environment: Not usable outside of PowerShell
[2.484s] DEBUG:colcon.colcon_core.shell:Skip shell extension 'dsv' for command environment
[3.177s] INFO:colcon.colcon_core.task.python.build:Building Python package in '/home/mimi/voice_km/2025_SUMMER_LT/voice_km/voice_km_ws/src/voice_service'
[3.178s] INFO:colcon.colcon_core.shell:Skip shell extension 'powershell' for command environment: Not usable outside of PowerShell
[3.178s] DEBUG:colcon.colcon_core.shell:Skip shell extension 'dsv' for command environment
[4.155s] DEBUG:colcon.colcon_core.event_handler.log_command:Invoking command in '/home/mimi/voice_km/2025_SUMMER_LT/voice_km/voice_km_ws/src/voice_service': PYTHONPATH=/home/mimi/voice_km/2025_SUMMER_LT/voice_km/voice_km_ws/build/voice_service/prefix_override:/usr/lib/python3/dist-packages/colcon_core/task/python/colcon_distutils_commands:/home/mimi/voice_km/2025_SUMMER_LT/voice_km/voice_km_ws/install/voice_service/lib/python3.10/site-packages:${PYTHONPATH} /usr/bin/python3 -W ignore:setup.py install is deprecated -W ignore:easy_install command is deprecated setup.py egg_info --egg-base ../../build/voice_service build --build-base /home/mimi/voice_km/2025_SUMMER_LT/voice_km/voice_km_ws/build/voice_service/build install --record /home/mimi/voice_km/2025_SUMMER_LT/voice_km/voice_km_ws/build/voice_service/install.log --single-version-externally-managed install_data
[5.013s] Level 1:colcon.colcon_core.environment:checking '/home/mimi/voice_km/2025_SUMMER_LT/voice_km/voice_km_ws/install/voice_service' for CMake module files
[5.016s] DEBUG:colcon.colcon_core.event_handler.log_command:Invoked command in '/home/mimi/voice_km/2025_SUMMER_LT/voice_km/voice_km_ws/src/voice_service' returned '0': PYTHONPATH=/home/mimi/voice_km/2025_SUMMER_LT/voice_km/voice_km_ws/build/voice_service/prefix_override:/usr/lib/python3/dist-packages/colcon_core/task/python/colcon_distutils_commands:/home/mimi/voice_km/2025_SUMMER_LT/voice_km/voice_km_ws/install/voice_service/lib/python3.10/site-packages:${PYTHONPATH} /usr/bin/python3 -W ignore:setup.py install is deprecated -W ignore:easy_install command is deprecated setup.py egg_info --egg-base ../../build/voice_service build --build-base /home/mimi/voice_km/2025_SUMMER_LT/voice_km/voice_km_ws/build/voice_service/build install --record /home/mimi/voice_km/2025_SUMMER_LT/voice_km/voice_km_ws/build/voice_service/install.log --single-version-externally-managed install_data
[5.017s] Level 1:colcon.colcon_core.environment:checking '/home/mimi/voice_km/2025_SUMMER_LT/voice_km/voice_km_ws/install/voice_service' for CMake config files
[5.019s] Level 1:colcon.colcon_core.environment:checking '/home/mimi/voice_km/2025_SUMMER_LT/voice_km/voice_km_ws/install/voice_service/lib'
[5.019s] Level 1:colcon.colcon_core.environment:checking '/home/mimi/voice_km/2025_SUMMER_LT/voice_km/voice_km_ws/install/voice_service/bin'
[5.019s] Level 1:colcon.colcon_core.environment:checking '/home/mimi/voice_km/2025_SUMMER_LT/voice_km/voice_km_ws/install/voice_service/lib/pkgconfig/voice_service.pc'
[5.020s] Level 1:colcon.colcon_core.environment:checking '/home/mimi/voice_km/2025_SUMMER_LT/voice_km/voice_km_ws/install/voice_service/lib/python3.10/site-packages'
[5.020s] Level 1:colcon.colcon_core.shell:create_environment_hook('voice_service', 'pythonpath')
[5.022s] INFO:colcon.colcon_core.shell:Creating environment hook '/home/mimi/voice_km/2025_SUMMER_LT/voice_km/voice_km_ws/install/voice_service/share/voice_service/hook/pythonpath.ps1'
[5.024s] INFO:colcon.colcon_core.shell:Creating environment descriptor '/home/mimi/voice_km/2025_SUMMER_LT/voice_km/voice_km_ws/install/voice_service/share/voice_service/hook/pythonpath.dsv'
[5.026s] INFO:colcon.colcon_core.shell:Creating environment hook '/home/mimi/voice_km/2025_SUMMER_LT/voice_km/voice_km_ws/install/voice_service/share/voice_service/hook/pythonpath.sh'
[5.028s] Level 1:colcon.colcon_core.environment:checking '/home/mimi/voice_km/2025_SUMMER_LT/voice_km/voice_km_ws/install/voice_service/bin'
[5.029s] Level 1:colcon.colcon_core.environment:create_environment_scripts_only(voice_service)
[5.030s] INFO:colcon.colcon_core.shell:Creating package script '/home/mimi/voice_km/2025_SUMMER_LT/voice_km/voice_km_ws/install/voice_service/share/voice_service/package.ps1'
[5.031s] INFO:colcon.colcon_core.shell:Creating package descriptor '/home/mimi/voice_km/2025_SUMMER_LT/voice_km/voice_km_ws/install/voice_service/share/voice_service/package.dsv'
[5.033s] INFO:colcon.colcon_core.shell:Creating package script '/home/mimi/voice_km/2025_SUMMER_LT/voice_km/voice_km_ws/install/voice_service/share/voice_service/package.sh'
[5.035s] INFO:colcon.colcon_core.shell:Creating package script '/home/mimi/voice_km/2025_SUMMER_LT/voice_km/voice_km_ws/install/voice_service/share/voice_service/package.bash'
[5.036s] INFO:colcon.colcon_core.shell:Creating package script '/home/mimi/voice_km/2025_SUMMER_LT/voice_km/voice_km_ws/install/voice_service/share/voice_service/package.zsh'
[5.037s] Level 1:colcon.colcon_core.environment:create_file_with_runtime_dependencies(/home/mimi/voice_km/2025_SUMMER_LT/voice_km/voice_km_ws/install/voice_service/share/colcon-core/packages/voice_service)
[5.038s] DEBUG:colcon.colcon_parallel_executor.executor.parallel:closing loop
[5.039s] DEBUG:colcon.colcon_parallel_executor.executor.parallel:loop closed
[5.040s] DEBUG:colcon.colcon_parallel_executor.executor.parallel:run_until_complete finished with '0'
[5.040s] DEBUG:colcon.colcon_core.event_reactor:joining thread
[5.057s] INFO:colcon.colcon_core.plugin_system:Skipping extension 'colcon_notification.desktop_notification.terminal_notifier': Not used on non-Darwin systems
[5.057s] INFO:colcon.colcon_core.plugin_system:Skipping extension 'colcon_notification.desktop_notification.win32': Not used on non-Windows systems
[5.058s] INFO:colcon.colcon_notification.desktop_notification:Sending desktop notification using 'notify2'
[5.097s] DEBUG:colcon.colcon_core.event_reactor:joined thread
[5.098s] INFO:colcon.colcon_core.shell:Creating prefix script '/home/mimi/voice_km/2025_SUMMER_LT/voice_km/voice_km_ws/install/local_setup.ps1'
[5.102s] INFO:colcon.colcon_core.shell:Creating prefix util module '/home/mimi/voice_km/2025_SUMMER_LT/voice_km/voice_km_ws/install/_local_setup_util_ps1.py'
[5.106s] INFO:colcon.colcon_core.shell:Creating prefix chain script '/home/mimi/voice_km/2025_SUMMER_LT/voice_km/voice_km_ws/install/setup.ps1'
[5.110s] INFO:colcon.colcon_core.shell:Creating prefix script '/home/mimi/voice_km/2025_SUMMER_LT/voice_km/voice_km_ws/install/local_setup.sh'
[5.112s] INFO:colcon.colcon_core.shell:Creating prefix util module '/home/mimi/voice_km/2025_SUMMER_LT/voice_km/voice_km_ws/install/_local_setup_util_sh.py'
[5.115s] INFO:colcon.colcon_core.shell:Creating prefix chain script '/home/mimi/voice_km/2025_SUMMER_LT/voice_km/voice_km_ws/install/setup.sh'
[5.118s] INFO:colcon.colcon_core.shell:Creating prefix script '/home/mimi/voice_km/2025_SUMMER_LT/voice_km/voice_km_ws/install/local_setup.bash'
[5.121s] INFO:colcon.colcon_core.shell:Creating prefix chain script '/home/mimi/voice_km/2025_SUMMER_LT/voice_km/voice_km_ws/install/setup.bash'
[5.123s] INFO:colcon.colcon_core.shell:Creating prefix script '/home/mimi/voice_km/2025_SUMMER_LT/voice_km/voice_km_ws/install/local_setup.zsh'
[5.125s] INFO:colcon.colcon_core.shell:Creating prefix chain script '/home/mimi/voice_km/2025_SUMMER_LT/voice_km/voice_km_ws/install/setup.zsh'
