[1.615s] Invoking command in '/home/mimi/voice_km/2025_SUMMER_LT/voice_km/voice_km_ws/src/voice_service': PYTHONPATH=/home/mimi/voice_km/2025_SUMMER_LT/voice_km/voice_km_ws/build/voice_service/prefix_override:/usr/lib/python3/dist-packages/colcon_core/task/python/colcon_distutils_commands:/home/mimi/voice_km/2025_SUMMER_LT/voice_km/voice_km_ws/install/voice_service/lib/python3.10/site-packages:${PYTHONPATH} /usr/bin/python3 -W ignore:setup.py install is deprecated -W ignore:easy_install command is deprecated setup.py egg_info --egg-base ../../build/voice_service build --build-base /home/mimi/voice_km/2025_SUMMER_LT/voice_km/voice_km_ws/build/voice_service/build install --record /home/mimi/voice_km/2025_SUMMER_LT/voice_km/voice_km_ws/build/voice_service/install.log --single-version-externally-managed install_data
[2.244s] running egg_info
[2.246s] writing ../../build/voice_service/voice_service.egg-info/PKG-INFO
[2.247s] writing dependency_links to ../../build/voice_service/voice_service.egg-info/dependency_links.txt
[2.248s] writing entry points to ../../build/voice_service/voice_service.egg-info/entry_points.txt
[2.249s] writing requirements to ../../build/voice_service/voice_service.egg-info/requires.txt
[2.249s] writing top-level names to ../../build/voice_service/voice_service.egg-info/top_level.txt
[2.254s] reading manifest file '../../build/voice_service/voice_service.egg-info/SOURCES.txt'
[2.257s] writing manifest file '../../build/voice_service/voice_service.egg-info/SOURCES.txt'
[2.257s] running build
[2.258s] running build_py
[2.259s] copying voice_service/voice_client_node.py -> /home/mimi/voice_km/2025_SUMMER_LT/voice_km/voice_km_ws/build/voice_service/build/lib/voice_service
[2.260s] running install
[2.261s] running install_lib
[2.263s] copying /home/mimi/voice_km/2025_SUMMER_LT/voice_km/voice_km_ws/build/voice_service/build/lib/voice_service/voice_client_node.py -> /home/mimi/voice_km/2025_SUMMER_LT/voice_km/voice_km_ws/install/voice_service/lib/python3.10/site-packages/voice_service
[2.265s] byte-compiling /home/mimi/voice_km/2025_SUMMER_LT/voice_km/voice_km_ws/install/voice_service/lib/python3.10/site-packages/voice_service/voice_client_node.py to voice_client_node.cpython-310.pyc
[2.267s] running install_data
[2.268s] running install_egg_info
[2.273s] removing '/home/mimi/voice_km/2025_SUMMER_LT/voice_km/voice_km_ws/install/voice_service/lib/python3.10/site-packages/voice_service-0.0.0-py3.10.egg-info' (and everything under it)
[2.273s] Copying ../../build/voice_service/voice_service.egg-info to /home/mimi/voice_km/2025_SUMMER_LT/voice_km/voice_km_ws/install/voice_service/lib/python3.10/site-packages/voice_service-0.0.0-py3.10.egg-info
[2.275s] running install_scripts
[2.333s] Installing voice_client_node script to /home/mimi/voice_km/2025_SUMMER_LT/voice_km/voice_km_ws/install/voice_service/lib/voice_service
[2.334s] Installing voice_service_node script to /home/mimi/voice_km/2025_SUMMER_LT/voice_km/voice_km_ws/install/voice_service/lib/voice_service
[2.336s] writing list of installed files to '/home/mimi/voice_km/2025_SUMMER_LT/voice_km/voice_km_ws/build/voice_service/install.log'
[2.397s] Invoked command in '/home/mimi/voice_km/2025_SUMMER_LT/voice_km/voice_km_ws/src/voice_service' returned '0': PYTHONPATH=/home/mimi/voice_km/2025_SUMMER_LT/voice_km/voice_km_ws/build/voice_service/prefix_override:/usr/lib/python3/dist-packages/colcon_core/task/python/colcon_distutils_commands:/home/mimi/voice_km/2025_SUMMER_LT/voice_km/voice_km_ws/install/voice_service/lib/python3.10/site-packages:${PYTHONPATH} /usr/bin/python3 -W ignore:setup.py install is deprecated -W ignore:easy_install command is deprecated setup.py egg_info --egg-base ../../build/voice_service build --build-base /home/mimi/voice_km/2025_SUMMER_LT/voice_km/voice_km_ws/build/voice_service/build install --record /home/mimi/voice_km/2025_SUMMER_LT/voice_km/voice_km_ws/build/voice_service/install.log --single-version-externally-managed install_data
