[0.046s] Invoking command in '/home/mimi/voice_km/2025_SUMMER_LT/voice_km/voice_km_ws/build/voice_interfaces': CMAKE_PREFIX_PATH=${CMAKE_PREFIX_PATH}:/home/mimi/voice_km/2025_SUMMER_LT/voice_km/voice_km_ws/install/voice_service:/opt/ros/humble /usr/bin/cmake --build /home/mimi/voice_km/2025_SUMMER_LT/voice_km/voice_km_ws/build/voice_interfaces -- -j8 -l8
[0.318s] [  3%] Built target voice_interfaces__cpp
[0.318s] [ 12%] Built target voice_interfaces__rosidl_generator_c
[0.366s] [ 12%] Built target ament_cmake_python_copy_voice_interfaces
[0.420s] [ 22%] Built target voice_interfaces__rosidl_typesupport_introspection_c
[0.424s] [ 32%] Built target voice_interfaces__rosidl_typesupport_cpp
[0.426s] [ 51%] Built target voice_interfaces__rosidl_typesupport_fastrtps_c
[0.427s] [ 48%] Built target voice_interfaces__rosidl_typesupport_c
[0.434s] [ 61%] Built target voice_interfaces__rosidl_typesupport_introspection_cpp
[0.434s] [ 70%] Built target voice_interfaces__rosidl_typesupport_fastrtps_cpp
[0.526s] [ 70%] Built target voice_interfaces
[0.617s] [ 74%] Built target voice_interfaces__py
[0.712s] [ 80%] Built target voice_interfaces__rosidl_generator_py
[0.805s] [ 93%] Built target voice_interfaces__rosidl_typesupport_fastrtps_c__pyext
[0.805s] [ 93%] Built target voice_interfaces__rosidl_typesupport_introspection_c__pyext
[0.806s] [100%] Built target voice_interfaces__rosidl_typesupport_c__pyext
[1.052s] running egg_info
[1.055s] writing voice_interfaces.egg-info/PKG-INFO
[1.055s] writing dependency_links to voice_interfaces.egg-info/dependency_links.txt
[1.055s] writing top-level names to voice_interfaces.egg-info/top_level.txt
[1.061s] reading manifest file 'voice_interfaces.egg-info/SOURCES.txt'
[1.063s] writing manifest file 'voice_interfaces.egg-info/SOURCES.txt'
[1.141s] [100%] Built target ament_cmake_python_build_voice_interfaces_egg
[1.186s] Invoked command in '/home/mimi/voice_km/2025_SUMMER_LT/voice_km/voice_km_ws/build/voice_interfaces' returned '0': CMAKE_PREFIX_PATH=${CMAKE_PREFIX_PATH}:/home/mimi/voice_km/2025_SUMMER_LT/voice_km/voice_km_ws/install/voice_service:/opt/ros/humble /usr/bin/cmake --build /home/mimi/voice_km/2025_SUMMER_LT/voice_km/voice_km_ws/build/voice_interfaces -- -j8 -l8
[1.224s] Invoking command in '/home/mimi/voice_km/2025_SUMMER_LT/voice_km/voice_km_ws/build/voice_interfaces': CMAKE_PREFIX_PATH=${CMAKE_PREFIX_PATH}:/home/mimi/voice_km/2025_SUMMER_LT/voice_km/voice_km_ws/install/voice_service:/opt/ros/humble /usr/bin/cmake --install /home/mimi/voice_km/2025_SUMMER_LT/voice_km/voice_km_ws/build/voice_interfaces
[1.256s] -- Install configuration: ""
[1.256s] -- Up-to-date: /home/mimi/voice_km/2025_SUMMER_LT/voice_km/voice_km_ws/install/voice_interfaces/share/ament_index/resource_index/rosidl_interfaces/voice_interfaces
[1.256s] -- Up-to-date: /home/mimi/voice_km/2025_SUMMER_LT/voice_km/voice_km_ws/install/voice_interfaces/include/voice_interfaces/voice_interfaces
[1.256s] -- Up-to-date: /home/mimi/voice_km/2025_SUMMER_LT/voice_km/voice_km_ws/install/voice_interfaces/include/voice_interfaces/voice_interfaces/msg
[1.256s] -- Up-to-date: /home/mimi/voice_km/2025_SUMMER_LT/voice_km/voice_km_ws/install/voice_interfaces/include/voice_interfaces/voice_interfaces/msg/rosidl_generator_c__visibility_control.h
[1.257s] -- Up-to-date: /home/mimi/voice_km/2025_SUMMER_LT/voice_km/voice_km_ws/install/voice_interfaces/include/voice_interfaces/voice_interfaces/action
[1.257s] -- Up-to-date: /home/mimi/voice_km/2025_SUMMER_LT/voice_km/voice_km_ws/install/voice_interfaces/include/voice_interfaces/voice_interfaces/action/detail
[1.257s] -- Up-to-date: /home/mimi/voice_km/2025_SUMMER_LT/voice_km/voice_km_ws/install/voice_interfaces/include/voice_interfaces/voice_interfaces/action/detail/voice_command__type_support.h
[1.257s] -- Up-to-date: /home/mimi/voice_km/2025_SUMMER_LT/voice_km/voice_km_ws/install/voice_interfaces/include/voice_interfaces/voice_interfaces/action/detail/voice_command__struct.h
[1.293s] -- Up-to-date: /home/mimi/voice_km/2025_SUMMER_LT/voice_km/voice_km_ws/install/voice_interfaces/include/voice_interfaces/voice_interfaces/action/detail/voice_command__functions.c
[1.294s] -- Up-to-date: /home/mimi/voice_km/2025_SUMMER_LT/voice_km/voice_km_ws/install/voice_interfaces/include/voice_interfaces/voice_interfaces/action/detail/voice_command__functions.h
[1.294s] -- Up-to-date: /home/mimi/voice_km/2025_SUMMER_LT/voice_km/voice_km_ws/install/voice_interfaces/include/voice_interfaces/voice_interfaces/action/voice_command.h
[1.295s] -- Up-to-date: /home/mimi/voice_km/2025_SUMMER_LT/voice_km/voice_km_ws/install/voice_interfaces/share/voice_interfaces/environment/library_path.sh
[1.295s] -- Up-to-date: /home/mimi/voice_km/2025_SUMMER_LT/voice_km/voice_km_ws/install/voice_interfaces/share/voice_interfaces/environment/library_path.dsv
[1.295s] -- Up-to-date: /home/mimi/voice_km/2025_SUMMER_LT/voice_km/voice_km_ws/install/voice_interfaces/lib/libvoice_interfaces__rosidl_generator_c.so
[1.295s] -- Up-to-date: /home/mimi/voice_km/2025_SUMMER_LT/voice_km/voice_km_ws/install/voice_interfaces/include/voice_interfaces/voice_interfaces
[1.296s] -- Up-to-date: /home/mimi/voice_km/2025_SUMMER_LT/voice_km/voice_km_ws/install/voice_interfaces/include/voice_interfaces/voice_interfaces/msg
[1.296s] -- Up-to-date: /home/mimi/voice_km/2025_SUMMER_LT/voice_km/voice_km_ws/install/voice_interfaces/include/voice_interfaces/voice_interfaces/msg/rosidl_typesupport_fastrtps_c__visibility_control.h
[1.297s] -- Up-to-date: /home/mimi/voice_km/2025_SUMMER_LT/voice_km/voice_km_ws/install/voice_interfaces/include/voice_interfaces/voice_interfaces/action
[1.297s] -- Up-to-date: /home/mimi/voice_km/2025_SUMMER_LT/voice_km/voice_km_ws/install/voice_interfaces/include/voice_interfaces/voice_interfaces/action/detail
[1.298s] -- Up-to-date: /home/mimi/voice_km/2025_SUMMER_LT/voice_km/voice_km_ws/install/voice_interfaces/include/voice_interfaces/voice_interfaces/action/detail/voice_command__rosidl_typesupport_fastrtps_c.h
[1.298s] -- Up-to-date: /home/mimi/voice_km/2025_SUMMER_LT/voice_km/voice_km_ws/install/voice_interfaces/lib/libvoice_interfaces__rosidl_typesupport_fastrtps_c.so
[1.298s] -- Up-to-date: /home/mimi/voice_km/2025_SUMMER_LT/voice_km/voice_km_ws/install/voice_interfaces/include/voice_interfaces/voice_interfaces
[1.298s] -- Up-to-date: /home/mimi/voice_km/2025_SUMMER_LT/voice_km/voice_km_ws/install/voice_interfaces/include/voice_interfaces/voice_interfaces/msg
[1.299s] -- Up-to-date: /home/mimi/voice_km/2025_SUMMER_LT/voice_km/voice_km_ws/install/voice_interfaces/include/voice_interfaces/voice_interfaces/msg/rosidl_typesupport_introspection_c__visibility_control.h
[1.299s] -- Up-to-date: /home/mimi/voice_km/2025_SUMMER_LT/voice_km/voice_km_ws/install/voice_interfaces/include/voice_interfaces/voice_interfaces/action
[1.299s] -- Up-to-date: /home/mimi/voice_km/2025_SUMMER_LT/voice_km/voice_km_ws/install/voice_interfaces/include/voice_interfaces/voice_interfaces/action/detail
[1.300s] -- Up-to-date: /home/mimi/voice_km/2025_SUMMER_LT/voice_km/voice_km_ws/install/voice_interfaces/include/voice_interfaces/voice_interfaces/action/detail/voice_command__rosidl_typesupport_introspection_c.h
[1.300s] -- Up-to-date: /home/mimi/voice_km/2025_SUMMER_LT/voice_km/voice_km_ws/install/voice_interfaces/include/voice_interfaces/voice_interfaces/action/detail/voice_command__type_support.c
[1.300s] -- Up-to-date: /home/mimi/voice_km/2025_SUMMER_LT/voice_km/voice_km_ws/install/voice_interfaces/lib/libvoice_interfaces__rosidl_typesupport_introspection_c.so
[1.301s] -- Up-to-date: /home/mimi/voice_km/2025_SUMMER_LT/voice_km/voice_km_ws/install/voice_interfaces/lib/libvoice_interfaces__rosidl_typesupport_c.so
[1.302s] -- Up-to-date: /home/mimi/voice_km/2025_SUMMER_LT/voice_km/voice_km_ws/install/voice_interfaces/include/voice_interfaces/voice_interfaces
[1.302s] -- Up-to-date: /home/mimi/voice_km/2025_SUMMER_LT/voice_km/voice_km_ws/install/voice_interfaces/include/voice_interfaces/voice_interfaces/msg
[1.302s] -- Up-to-date: /home/mimi/voice_km/2025_SUMMER_LT/voice_km/voice_km_ws/install/voice_interfaces/include/voice_interfaces/voice_interfaces/msg/rosidl_generator_cpp__visibility_control.hpp
[1.303s] -- Up-to-date: /home/mimi/voice_km/2025_SUMMER_LT/voice_km/voice_km_ws/install/voice_interfaces/include/voice_interfaces/voice_interfaces/action
[1.303s] -- Up-to-date: /home/mimi/voice_km/2025_SUMMER_LT/voice_km/voice_km_ws/install/voice_interfaces/include/voice_interfaces/voice_interfaces/action/detail
[1.303s] -- Up-to-date: /home/mimi/voice_km/2025_SUMMER_LT/voice_km/voice_km_ws/install/voice_interfaces/include/voice_interfaces/voice_interfaces/action/detail/voice_command__struct.hpp
[1.303s] -- Up-to-date: /home/mimi/voice_km/2025_SUMMER_LT/voice_km/voice_km_ws/install/voice_interfaces/include/voice_interfaces/voice_interfaces/action/detail/voice_command__type_support.hpp
[1.303s] -- Up-to-date: /home/mimi/voice_km/2025_SUMMER_LT/voice_km/voice_km_ws/install/voice_interfaces/include/voice_interfaces/voice_interfaces/action/detail/voice_command__traits.hpp
[1.303s] -- Up-to-date: /home/mimi/voice_km/2025_SUMMER_LT/voice_km/voice_km_ws/install/voice_interfaces/include/voice_interfaces/voice_interfaces/action/detail/voice_command__builder.hpp
[1.303s] -- Up-to-date: /home/mimi/voice_km/2025_SUMMER_LT/voice_km/voice_km_ws/install/voice_interfaces/include/voice_interfaces/voice_interfaces/action/voice_command.hpp
[1.303s] -- Up-to-date: /home/mimi/voice_km/2025_SUMMER_LT/voice_km/voice_km_ws/install/voice_interfaces/include/voice_interfaces/voice_interfaces
[1.304s] -- Up-to-date: /home/mimi/voice_km/2025_SUMMER_LT/voice_km/voice_km_ws/install/voice_interfaces/include/voice_interfaces/voice_interfaces/msg
[1.304s] -- Up-to-date: /home/mimi/voice_km/2025_SUMMER_LT/voice_km/voice_km_ws/install/voice_interfaces/include/voice_interfaces/voice_interfaces/msg/rosidl_typesupport_fastrtps_cpp__visibility_control.h
[1.304s] -- Up-to-date: /home/mimi/voice_km/2025_SUMMER_LT/voice_km/voice_km_ws/install/voice_interfaces/include/voice_interfaces/voice_interfaces/action
[1.305s] -- Up-to-date: /home/mimi/voice_km/2025_SUMMER_LT/voice_km/voice_km_ws/install/voice_interfaces/include/voice_interfaces/voice_interfaces/action/detail
[1.305s] -- Up-to-date: /home/mimi/voice_km/2025_SUMMER_LT/voice_km/voice_km_ws/install/voice_interfaces/include/voice_interfaces/voice_interfaces/action/detail/voice_command__rosidl_typesupport_fastrtps_cpp.hpp
[1.306s] -- Up-to-date: /home/mimi/voice_km/2025_SUMMER_LT/voice_km/voice_km_ws/install/voice_interfaces/include/voice_interfaces/voice_interfaces/action/detail/dds_fastrtps
[1.306s] -- Up-to-date: /home/mimi/voice_km/2025_SUMMER_LT/voice_km/voice_km_ws/install/voice_interfaces/lib/libvoice_interfaces__rosidl_typesupport_fastrtps_cpp.so
[1.307s] -- Up-to-date: /home/mimi/voice_km/2025_SUMMER_LT/voice_km/voice_km_ws/install/voice_interfaces/include/voice_interfaces/voice_interfaces
[1.307s] -- Up-to-date: /home/mimi/voice_km/2025_SUMMER_LT/voice_km/voice_km_ws/install/voice_interfaces/include/voice_interfaces/voice_interfaces/action
[1.308s] -- Up-to-date: /home/mimi/voice_km/2025_SUMMER_LT/voice_km/voice_km_ws/install/voice_interfaces/include/voice_interfaces/voice_interfaces/action/detail
[1.309s] -- Up-to-date: /home/mimi/voice_km/2025_SUMMER_LT/voice_km/voice_km_ws/install/voice_interfaces/include/voice_interfaces/voice_interfaces/action/detail/voice_command__rosidl_typesupport_introspection_cpp.hpp
[1.309s] -- Up-to-date: /home/mimi/voice_km/2025_SUMMER_LT/voice_km/voice_km_ws/install/voice_interfaces/include/voice_interfaces/voice_interfaces/action/detail/voice_command__type_support.cpp
[1.309s] -- Up-to-date: /home/mimi/voice_km/2025_SUMMER_LT/voice_km/voice_km_ws/install/voice_interfaces/lib/libvoice_interfaces__rosidl_typesupport_introspection_cpp.so
[1.309s] -- Up-to-date: /home/mimi/voice_km/2025_SUMMER_LT/voice_km/voice_km_ws/install/voice_interfaces/lib/libvoice_interfaces__rosidl_typesupport_cpp.so
[1.310s] -- Up-to-date: /home/mimi/voice_km/2025_SUMMER_LT/voice_km/voice_km_ws/install/voice_interfaces/share/voice_interfaces/environment/pythonpath.sh
[1.310s] -- Up-to-date: /home/mimi/voice_km/2025_SUMMER_LT/voice_km/voice_km_ws/install/voice_interfaces/share/voice_interfaces/environment/pythonpath.dsv
[1.310s] -- Up-to-date: /home/mimi/voice_km/2025_SUMMER_LT/voice_km/voice_km_ws/install/voice_interfaces/local/lib/python3.10/dist-packages/voice_interfaces-0.0.0-py3.10.egg-info
[1.310s] -- Installing: /home/mimi/voice_km/2025_SUMMER_LT/voice_km/voice_km_ws/install/voice_interfaces/local/lib/python3.10/dist-packages/voice_interfaces-0.0.0-py3.10.egg-info/SOURCES.txt
[1.310s] -- Installing: /home/mimi/voice_km/2025_SUMMER_LT/voice_km/voice_km_ws/install/voice_interfaces/local/lib/python3.10/dist-packages/voice_interfaces-0.0.0-py3.10.egg-info/dependency_links.txt
[1.311s] -- Installing: /home/mimi/voice_km/2025_SUMMER_LT/voice_km/voice_km_ws/install/voice_interfaces/local/lib/python3.10/dist-packages/voice_interfaces-0.0.0-py3.10.egg-info/top_level.txt
[1.311s] -- Installing: /home/mimi/voice_km/2025_SUMMER_LT/voice_km/voice_km_ws/install/voice_interfaces/local/lib/python3.10/dist-packages/voice_interfaces-0.0.0-py3.10.egg-info/PKG-INFO
[1.311s] -- Up-to-date: /home/mimi/voice_km/2025_SUMMER_LT/voice_km/voice_km_ws/install/voice_interfaces/local/lib/python3.10/dist-packages/voice_interfaces
[1.311s] -- Up-to-date: /home/mimi/voice_km/2025_SUMMER_LT/voice_km/voice_km_ws/install/voice_interfaces/local/lib/python3.10/dist-packages/voice_interfaces/voice_interfaces_s__rosidl_typesupport_introspection_c.cpython-310-x86_64-linux-gnu.so
[1.311s] -- Up-to-date: /home/mimi/voice_km/2025_SUMMER_LT/voice_km/voice_km_ws/install/voice_interfaces/local/lib/python3.10/dist-packages/voice_interfaces/_voice_interfaces_s.ep.rosidl_typesupport_fastrtps_c.c
[1.311s] -- Up-to-date: /home/mimi/voice_km/2025_SUMMER_LT/voice_km/voice_km_ws/install/voice_interfaces/local/lib/python3.10/dist-packages/voice_interfaces/_voice_interfaces_s.ep.rosidl_typesupport_c.c
[1.312s] -- Up-to-date: /home/mimi/voice_km/2025_SUMMER_LT/voice_km/voice_km_ws/install/voice_interfaces/local/lib/python3.10/dist-packages/voice_interfaces/voice_interfaces_s__rosidl_typesupport_c.cpython-310-x86_64-linux-gnu.so
[1.312s] -- Up-to-date: /home/mimi/voice_km/2025_SUMMER_LT/voice_km/voice_km_ws/install/voice_interfaces/local/lib/python3.10/dist-packages/voice_interfaces/_voice_interfaces_s.ep.rosidl_typesupport_introspection_c.c
[1.312s] -- Up-to-date: /home/mimi/voice_km/2025_SUMMER_LT/voice_km/voice_km_ws/install/voice_interfaces/local/lib/python3.10/dist-packages/voice_interfaces/voice_interfaces_s__rosidl_typesupport_fastrtps_c.cpython-310-x86_64-linux-gnu.so
[1.312s] -- Up-to-date: /home/mimi/voice_km/2025_SUMMER_LT/voice_km/voice_km_ws/install/voice_interfaces/local/lib/python3.10/dist-packages/voice_interfaces/libvoice_interfaces__rosidl_generator_py.so
[1.312s] -- Up-to-date: /home/mimi/voice_km/2025_SUMMER_LT/voice_km/voice_km_ws/install/voice_interfaces/local/lib/python3.10/dist-packages/voice_interfaces/action
[1.312s] -- Up-to-date: /home/mimi/voice_km/2025_SUMMER_LT/voice_km/voice_km_ws/install/voice_interfaces/local/lib/python3.10/dist-packages/voice_interfaces/action/_voice_command.py
[1.312s] -- Up-to-date: /home/mimi/voice_km/2025_SUMMER_LT/voice_km/voice_km_ws/install/voice_interfaces/local/lib/python3.10/dist-packages/voice_interfaces/action/__init__.py
[1.313s] -- Up-to-date: /home/mimi/voice_km/2025_SUMMER_LT/voice_km/voice_km_ws/install/voice_interfaces/local/lib/python3.10/dist-packages/voice_interfaces/action/_voice_command_s.c
[1.313s] -- Up-to-date: /home/mimi/voice_km/2025_SUMMER_LT/voice_km/voice_km_ws/install/voice_interfaces/local/lib/python3.10/dist-packages/voice_interfaces/__init__.py
[1.411s] Listing '/home/mimi/voice_km/2025_SUMMER_LT/voice_km/voice_km_ws/install/voice_interfaces/local/lib/python3.10/dist-packages/voice_interfaces'...
[1.411s] Listing '/home/mimi/voice_km/2025_SUMMER_LT/voice_km/voice_km_ws/install/voice_interfaces/local/lib/python3.10/dist-packages/voice_interfaces/action'...
[1.422s] -- Up-to-date: /home/mimi/voice_km/2025_SUMMER_LT/voice_km/voice_km_ws/install/voice_interfaces/local/lib/python3.10/dist-packages/voice_interfaces/voice_interfaces_s__rosidl_typesupport_fastrtps_c.cpython-310-x86_64-linux-gnu.so
[1.425s] -- Up-to-date: /home/mimi/voice_km/2025_SUMMER_LT/voice_km/voice_km_ws/install/voice_interfaces/local/lib/python3.10/dist-packages/voice_interfaces/voice_interfaces_s__rosidl_typesupport_introspection_c.cpython-310-x86_64-linux-gnu.so
[1.426s] -- Up-to-date: /home/mimi/voice_km/2025_SUMMER_LT/voice_km/voice_km_ws/install/voice_interfaces/local/lib/python3.10/dist-packages/voice_interfaces/voice_interfaces_s__rosidl_typesupport_c.cpython-310-x86_64-linux-gnu.so
[1.426s] -- Up-to-date: /home/mimi/voice_km/2025_SUMMER_LT/voice_km/voice_km_ws/install/voice_interfaces/lib/libvoice_interfaces__rosidl_generator_py.so
[1.427s] -- Up-to-date: /home/mimi/voice_km/2025_SUMMER_LT/voice_km/voice_km_ws/install/voice_interfaces/share/voice_interfaces/action/VoiceCommand.idl
[1.428s] -- Up-to-date: /home/mimi/voice_km/2025_SUMMER_LT/voice_km/voice_km_ws/install/voice_interfaces/share/voice_interfaces/action/VoiceCommand.action
[1.428s] -- Up-to-date: /home/mimi/voice_km/2025_SUMMER_LT/voice_km/voice_km_ws/install/voice_interfaces/share/ament_index/resource_index/package_run_dependencies/voice_interfaces
[1.429s] -- Up-to-date: /home/mimi/voice_km/2025_SUMMER_LT/voice_km/voice_km_ws/install/voice_interfaces/share/ament_index/resource_index/parent_prefix_path/voice_interfaces
[1.429s] -- Up-to-date: /home/mimi/voice_km/2025_SUMMER_LT/voice_km/voice_km_ws/install/voice_interfaces/share/voice_interfaces/environment/ament_prefix_path.sh
[1.429s] -- Up-to-date: /home/mimi/voice_km/2025_SUMMER_LT/voice_km/voice_km_ws/install/voice_interfaces/share/voice_interfaces/environment/ament_prefix_path.dsv
[1.430s] -- Up-to-date: /home/mimi/voice_km/2025_SUMMER_LT/voice_km/voice_km_ws/install/voice_interfaces/share/voice_interfaces/environment/path.sh
[1.430s] -- Up-to-date: /home/mimi/voice_km/2025_SUMMER_LT/voice_km/voice_km_ws/install/voice_interfaces/share/voice_interfaces/environment/path.dsv
[1.431s] -- Up-to-date: /home/mimi/voice_km/2025_SUMMER_LT/voice_km/voice_km_ws/install/voice_interfaces/share/voice_interfaces/local_setup.bash
[1.431s] -- Up-to-date: /home/mimi/voice_km/2025_SUMMER_LT/voice_km/voice_km_ws/install/voice_interfaces/share/voice_interfaces/local_setup.sh
[1.431s] -- Up-to-date: /home/mimi/voice_km/2025_SUMMER_LT/voice_km/voice_km_ws/install/voice_interfaces/share/voice_interfaces/local_setup.zsh
[1.431s] -- Up-to-date: /home/mimi/voice_km/2025_SUMMER_LT/voice_km/voice_km_ws/install/voice_interfaces/share/voice_interfaces/local_setup.dsv
[1.431s] -- Installing: /home/mimi/voice_km/2025_SUMMER_LT/voice_km/voice_km_ws/install/voice_interfaces/share/voice_interfaces/package.dsv
[1.432s] -- Up-to-date: /home/mimi/voice_km/2025_SUMMER_LT/voice_km/voice_km_ws/install/voice_interfaces/share/ament_index/resource_index/packages/voice_interfaces
[1.432s] -- Up-to-date: /home/mimi/voice_km/2025_SUMMER_LT/voice_km/voice_km_ws/install/voice_interfaces/share/voice_interfaces/cmake/export_voice_interfaces__rosidl_generator_cExport.cmake
[1.432s] -- Up-to-date: /home/mimi/voice_km/2025_SUMMER_LT/voice_km/voice_km_ws/install/voice_interfaces/share/voice_interfaces/cmake/export_voice_interfaces__rosidl_generator_cExport-noconfig.cmake
[1.432s] -- Up-to-date: /home/mimi/voice_km/2025_SUMMER_LT/voice_km/voice_km_ws/install/voice_interfaces/share/voice_interfaces/cmake/export_voice_interfaces__rosidl_typesupport_fastrtps_cExport.cmake
[1.432s] -- Up-to-date: /home/mimi/voice_km/2025_SUMMER_LT/voice_km/voice_km_ws/install/voice_interfaces/share/voice_interfaces/cmake/export_voice_interfaces__rosidl_typesupport_fastrtps_cExport-noconfig.cmake
[1.433s] -- Up-to-date: /home/mimi/voice_km/2025_SUMMER_LT/voice_km/voice_km_ws/install/voice_interfaces/share/voice_interfaces/cmake/voice_interfaces__rosidl_typesupport_introspection_cExport.cmake
[1.433s] -- Up-to-date: /home/mimi/voice_km/2025_SUMMER_LT/voice_km/voice_km_ws/install/voice_interfaces/share/voice_interfaces/cmake/voice_interfaces__rosidl_typesupport_introspection_cExport-noconfig.cmake
[1.433s] -- Up-to-date: /home/mimi/voice_km/2025_SUMMER_LT/voice_km/voice_km_ws/install/voice_interfaces/share/voice_interfaces/cmake/voice_interfaces__rosidl_typesupport_cExport.cmake
[1.434s] -- Up-to-date: /home/mimi/voice_km/2025_SUMMER_LT/voice_km/voice_km_ws/install/voice_interfaces/share/voice_interfaces/cmake/voice_interfaces__rosidl_typesupport_cExport-noconfig.cmake
[1.434s] -- Up-to-date: /home/mimi/voice_km/2025_SUMMER_LT/voice_km/voice_km_ws/install/voice_interfaces/share/voice_interfaces/cmake/export_voice_interfaces__rosidl_generator_cppExport.cmake
[1.434s] -- Up-to-date: /home/mimi/voice_km/2025_SUMMER_LT/voice_km/voice_km_ws/install/voice_interfaces/share/voice_interfaces/cmake/export_voice_interfaces__rosidl_typesupport_fastrtps_cppExport.cmake
[1.434s] -- Up-to-date: /home/mimi/voice_km/2025_SUMMER_LT/voice_km/voice_km_ws/install/voice_interfaces/share/voice_interfaces/cmake/export_voice_interfaces__rosidl_typesupport_fastrtps_cppExport-noconfig.cmake
[1.435s] -- Up-to-date: /home/mimi/voice_km/2025_SUMMER_LT/voice_km/voice_km_ws/install/voice_interfaces/share/voice_interfaces/cmake/voice_interfaces__rosidl_typesupport_introspection_cppExport.cmake
[1.435s] -- Up-to-date: /home/mimi/voice_km/2025_SUMMER_LT/voice_km/voice_km_ws/install/voice_interfaces/share/voice_interfaces/cmake/voice_interfaces__rosidl_typesupport_introspection_cppExport-noconfig.cmake
[1.436s] -- Up-to-date: /home/mimi/voice_km/2025_SUMMER_LT/voice_km/voice_km_ws/install/voice_interfaces/share/voice_interfaces/cmake/voice_interfaces__rosidl_typesupport_cppExport.cmake
[1.437s] -- Up-to-date: /home/mimi/voice_km/2025_SUMMER_LT/voice_km/voice_km_ws/install/voice_interfaces/share/voice_interfaces/cmake/voice_interfaces__rosidl_typesupport_cppExport-noconfig.cmake
[1.437s] -- Up-to-date: /home/mimi/voice_km/2025_SUMMER_LT/voice_km/voice_km_ws/install/voice_interfaces/share/voice_interfaces/cmake/export_voice_interfaces__rosidl_generator_pyExport.cmake
[1.437s] -- Up-to-date: /home/mimi/voice_km/2025_SUMMER_LT/voice_km/voice_km_ws/install/voice_interfaces/share/voice_interfaces/cmake/export_voice_interfaces__rosidl_generator_pyExport-noconfig.cmake
[1.437s] -- Up-to-date: /home/mimi/voice_km/2025_SUMMER_LT/voice_km/voice_km_ws/install/voice_interfaces/share/voice_interfaces/cmake/rosidl_cmake-extras.cmake
[1.437s] -- Up-to-date: /home/mimi/voice_km/2025_SUMMER_LT/voice_km/voice_km_ws/install/voice_interfaces/share/voice_interfaces/cmake/ament_cmake_export_dependencies-extras.cmake
[1.438s] -- Up-to-date: /home/mimi/voice_km/2025_SUMMER_LT/voice_km/voice_km_ws/install/voice_interfaces/share/voice_interfaces/cmake/ament_cmake_export_include_directories-extras.cmake
[1.438s] -- Up-to-date: /home/mimi/voice_km/2025_SUMMER_LT/voice_km/voice_km_ws/install/voice_interfaces/share/voice_interfaces/cmake/ament_cmake_export_libraries-extras.cmake
[1.438s] -- Up-to-date: /home/mimi/voice_km/2025_SUMMER_LT/voice_km/voice_km_ws/install/voice_interfaces/share/voice_interfaces/cmake/ament_cmake_export_targets-extras.cmake
[1.438s] -- Up-to-date: /home/mimi/voice_km/2025_SUMMER_LT/voice_km/voice_km_ws/install/voice_interfaces/share/voice_interfaces/cmake/rosidl_cmake_export_typesupport_targets-extras.cmake
[1.438s] -- Up-to-date: /home/mimi/voice_km/2025_SUMMER_LT/voice_km/voice_km_ws/install/voice_interfaces/share/voice_interfaces/cmake/rosidl_cmake_export_typesupport_libraries-extras.cmake
[1.439s] -- Up-to-date: /home/mimi/voice_km/2025_SUMMER_LT/voice_km/voice_km_ws/install/voice_interfaces/share/voice_interfaces/cmake/voice_interfacesConfig.cmake
[1.439s] -- Up-to-date: /home/mimi/voice_km/2025_SUMMER_LT/voice_km/voice_km_ws/install/voice_interfaces/share/voice_interfaces/cmake/voice_interfacesConfig-version.cmake
[1.439s] -- Up-to-date: /home/mimi/voice_km/2025_SUMMER_LT/voice_km/voice_km_ws/install/voice_interfaces/share/voice_interfaces/package.xml
[1.446s] Invoked command in '/home/mimi/voice_km/2025_SUMMER_LT/voice_km/voice_km_ws/build/voice_interfaces' returned '0': CMAKE_PREFIX_PATH=${CMAKE_PREFIX_PATH}:/home/mimi/voice_km/2025_SUMMER_LT/voice_km/voice_km_ws/install/voice_service:/opt/ros/humble /usr/bin/cmake --install /home/mimi/voice_km/2025_SUMMER_LT/voice_km/voice_km_ws/build/voice_interfaces
