[1.653s] Invoking command in '/home/mimi/voice_km/2025_SUMMER_LT/voice_km/voice_km_ws/src/voice_service': PYTHONPATH=/home/mimi/voice_km/2025_SUMMER_LT/voice_km/voice_km_ws/build/voice_service/prefix_override:/usr/lib/python3/dist-packages/colcon_core/task/python/colcon_distutils_commands:/home/mimi/voice_km/2025_SUMMER_LT/voice_km/voice_km_ws/install/voice_service/lib/python3.10/site-packages:${PYTHONPATH} /usr/bin/python3 -W ignore:setup.py install is deprecated -W ignore:easy_install command is deprecated setup.py egg_info --egg-base ../../build/voice_service build --build-base /home/mimi/voice_km/2025_SUMMER_LT/voice_km/voice_km_ws/build/voice_service/build install --record /home/mimi/voice_km/2025_SUMMER_LT/voice_km/voice_km_ws/build/voice_service/install.log --single-version-externally-managed install_data
[2.303s] running egg_info
[2.303s] writing ../../build/voice_service/voice_service.egg-info/PKG-INFO
[2.305s] writing dependency_links to ../../build/voice_service/voice_service.egg-info/dependency_links.txt
[2.306s] writing entry points to ../../build/voice_service/voice_service.egg-info/entry_points.txt
[2.307s] writing requirements to ../../build/voice_service/voice_service.egg-info/requires.txt
[2.307s] writing top-level names to ../../build/voice_service/voice_service.egg-info/top_level.txt
[2.312s] reading manifest file '../../build/voice_service/voice_service.egg-info/SOURCES.txt'
[2.315s] writing manifest file '../../build/voice_service/voice_service.egg-info/SOURCES.txt'
[2.316s] running build
[2.316s] running build_py
[2.317s] copying voice_service/voice_client_node.py -> /home/mimi/voice_km/2025_SUMMER_LT/voice_km/voice_km_ws/build/voice_service/build/lib/voice_service
[2.317s] running install
[2.318s] running install_lib
[2.320s] copying /home/mimi/voice_km/2025_SUMMER_LT/voice_km/voice_km_ws/build/voice_service/build/lib/voice_service/voice_client_node.py -> /home/mimi/voice_km/2025_SUMMER_LT/voice_km/voice_km_ws/install/voice_service/lib/python3.10/site-packages/voice_service
[2.322s] byte-compiling /home/mimi/voice_km/2025_SUMMER_LT/voice_km/voice_km_ws/install/voice_service/lib/python3.10/site-packages/voice_service/voice_client_node.py to voice_client_node.cpython-310.pyc
[2.324s] running install_data
[2.325s] running install_egg_info
[2.329s] removing '/home/mimi/voice_km/2025_SUMMER_LT/voice_km/voice_km_ws/install/voice_service/lib/python3.10/site-packages/voice_service-0.0.0-py3.10.egg-info' (and everything under it)
[2.330s] Copying ../../build/voice_service/voice_service.egg-info to /home/mimi/voice_km/2025_SUMMER_LT/voice_km/voice_km_ws/install/voice_service/lib/python3.10/site-packages/voice_service-0.0.0-py3.10.egg-info
[2.332s] running install_scripts
[2.384s] Installing voice_client_node script to /home/mimi/voice_km/2025_SUMMER_LT/voice_km/voice_km_ws/install/voice_service/lib/voice_service
[2.385s] Installing voice_service_node script to /home/mimi/voice_km/2025_SUMMER_LT/voice_km/voice_km_ws/install/voice_service/lib/voice_service
[2.387s] writing list of installed files to '/home/mimi/voice_km/2025_SUMMER_LT/voice_km/voice_km_ws/build/voice_service/install.log'
[2.438s] Invoked command in '/home/mimi/voice_km/2025_SUMMER_LT/voice_km/voice_km_ws/src/voice_service' returned '0': PYTHONPATH=/home/mimi/voice_km/2025_SUMMER_LT/voice_km/voice_km_ws/build/voice_service/prefix_override:/usr/lib/python3/dist-packages/colcon_core/task/python/colcon_distutils_commands:/home/mimi/voice_km/2025_SUMMER_LT/voice_km/voice_km_ws/install/voice_service/lib/python3.10/site-packages:${PYTHONPATH} /usr/bin/python3 -W ignore:setup.py install is deprecated -W ignore:easy_install command is deprecated setup.py egg_info --egg-base ../../build/voice_service build --build-base /home/mimi/voice_km/2025_SUMMER_LT/voice_km/voice_km_ws/build/voice_service/build install --record /home/mimi/voice_km/2025_SUMMER_LT/voice_km/voice_km_ws/build/voice_service/install.log --single-version-externally-managed install_data
