[0.804s] DEBUG:colcon:Command line arguments: ['/usr/bin/colcon', 'build']
[0.805s] DEBUG:colcon:Parsed command line arguments: Namespace(log_base=None, log_level=None, verb_name='build', build_base='build', install_base='install', merge_install=False, symlink_install=False, test_result_base=None, continue_on_error=False, executor='parallel', parallel_workers=8, event_handlers=None, ignore_user_meta=False, metas=['./colcon.meta'], base_paths=['.'], packages_ignore=None, packages_ignore_regex=None, paths=None, packages_up_to=None, packages_up_to_regex=None, packages_above=None, packages_above_and_dependencies=None, packages_above_depth=None, packages_select_by_dep=None, packages_skip_by_dep=None, packages_skip_up_to=None, packages_select_build_failed=False, packages_skip_build_finished=False, packages_select_test_failures=False, packages_skip_test_passed=False, packages_select=None, packages_skip=None, packages_select_regex=None, packages_skip_regex=None, packages_start=None, packages_end=None, allow_overriding=[], cmake_args=None, cmake_target=None, cmake_target_skip_unavailable=False, cmake_clean_cache=False, cmake_clean_first=False, cmake_force_configure=False, ament_cmake_args=None, catkin_cmake_args=None, catkin_skip_building_tests=False, verb_parser=<colcon_defaults.argument_parser.defaults.DefaultArgumentsDecorator object at 0x7dd773964520>, verb_extension=<colcon_core.verb.build.BuildVerb object at 0x7dd77392ffd0>, main=<bound method BuildVerb.main of <colcon_core.verb.build.BuildVerb object at 0x7dd77392ffd0>>)
[1.986s] Level 1:colcon.colcon_core.package_discovery:discover_packages(colcon_meta) check parameters
[1.986s] Level 1:colcon.colcon_core.package_discovery:discover_packages(recursive) check parameters
[1.987s] Level 1:colcon.colcon_core.package_discovery:discover_packages(ignore) check parameters
[1.987s] Level 1:colcon.colcon_core.package_discovery:discover_packages(path) check parameters
[1.987s] Level 1:colcon.colcon_core.package_discovery:discover_packages(colcon_meta) discover
[1.987s] Level 1:colcon.colcon_core.package_discovery:discover_packages(recursive) discover
[1.987s] INFO:colcon.colcon_core.package_discovery:Crawling recursively for packages in '/home/mimi/voice_km/2025_SUMMER_LT/voice_km/voice_km_ws'
[1.987s] Level 1:colcon.colcon_core.package_identification:_identify(.) by extensions ['ignore', 'ignore_ament_install']
[1.988s] Level 1:colcon.colcon_core.package_identification:_identify(.) by extension 'ignore'
[1.988s] Level 1:colcon.colcon_core.package_identification:_identify(.) by extension 'ignore_ament_install'
[1.989s] Level 1:colcon.colcon_core.package_identification:_identify(.) by extensions ['colcon_pkg']
[1.989s] Level 1:colcon.colcon_core.package_identification:_identify(.) by extension 'colcon_pkg'
[1.989s] Level 1:colcon.colcon_core.package_identification:_identify(.) by extensions ['colcon_meta']
[1.990s] Level 1:colcon.colcon_core.package_identification:_identify(.) by extension 'colcon_meta'
[1.990s] Level 1:colcon.colcon_core.package_identification:_identify(.) by extensions ['ros']
[1.990s] Level 1:colcon.colcon_core.package_identification:_identify(.) by extension 'ros'
[2.046s] Level 1:colcon.colcon_core.package_identification:_identify(.) by extensions ['cmake', 'python']
[2.046s] Level 1:colcon.colcon_core.package_identification:_identify(.) by extension 'cmake'
[2.046s] Level 1:colcon.colcon_core.package_identification:_identify(.) by extension 'python'
[2.046s] Level 1:colcon.colcon_core.package_identification:_identify(.) by extensions ['python_setup_py']
[2.046s] Level 1:colcon.colcon_core.package_identification:_identify(.) by extension 'python_setup_py'
[2.047s] Level 1:colcon.colcon_core.package_identification:_identify(build) by extensions ['ignore', 'ignore_ament_install']
[2.047s] Level 1:colcon.colcon_core.package_identification:_identify(build) by extension 'ignore'
[2.047s] Level 1:colcon.colcon_core.package_identification:_identify(build) ignored
[2.047s] Level 1:colcon.colcon_core.package_identification:_identify(install) by extensions ['ignore', 'ignore_ament_install']
[2.048s] Level 1:colcon.colcon_core.package_identification:_identify(install) by extension 'ignore'
[2.048s] Level 1:colcon.colcon_core.package_identification:_identify(install) ignored
[2.049s] Level 1:colcon.colcon_core.package_identification:_identify(log) by extensions ['ignore', 'ignore_ament_install']
[2.049s] Level 1:colcon.colcon_core.package_identification:_identify(log) by extension 'ignore'
[2.049s] Level 1:colcon.colcon_core.package_identification:_identify(log) ignored
[2.049s] Level 1:colcon.colcon_core.package_identification:_identify(src) by extensions ['ignore', 'ignore_ament_install']
[2.049s] Level 1:colcon.colcon_core.package_identification:_identify(src) by extension 'ignore'
[2.050s] Level 1:colcon.colcon_core.package_identification:_identify(src) by extension 'ignore_ament_install'
[2.050s] Level 1:colcon.colcon_core.package_identification:_identify(src) by extensions ['colcon_pkg']
[2.050s] Level 1:colcon.colcon_core.package_identification:_identify(src) by extension 'colcon_pkg'
[2.050s] Level 1:colcon.colcon_core.package_identification:_identify(src) by extensions ['colcon_meta']
[2.050s] Level 1:colcon.colcon_core.package_identification:_identify(src) by extension 'colcon_meta'
[2.050s] Level 1:colcon.colcon_core.package_identification:_identify(src) by extensions ['ros']
[2.050s] Level 1:colcon.colcon_core.package_identification:_identify(src) by extension 'ros'
[2.051s] Level 1:colcon.colcon_core.package_identification:_identify(src) by extensions ['cmake', 'python']
[2.051s] Level 1:colcon.colcon_core.package_identification:_identify(src) by extension 'cmake'
[2.051s] Level 1:colcon.colcon_core.package_identification:_identify(src) by extension 'python'
[2.051s] Level 1:colcon.colcon_core.package_identification:_identify(src) by extensions ['python_setup_py']
[2.052s] Level 1:colcon.colcon_core.package_identification:_identify(src) by extension 'python_setup_py'
[2.052s] Level 1:colcon.colcon_core.package_identification:_identify(src/voice_interfaces) by extensions ['ignore', 'ignore_ament_install']
[2.052s] Level 1:colcon.colcon_core.package_identification:_identify(src/voice_interfaces) by extension 'ignore'
[2.053s] Level 1:colcon.colcon_core.package_identification:_identify(src/voice_interfaces) by extension 'ignore_ament_install'
[2.053s] Level 1:colcon.colcon_core.package_identification:_identify(src/voice_interfaces) by extensions ['colcon_pkg']
[2.053s] Level 1:colcon.colcon_core.package_identification:_identify(src/voice_interfaces) by extension 'colcon_pkg'
[2.053s] Level 1:colcon.colcon_core.package_identification:_identify(src/voice_interfaces) by extensions ['colcon_meta']
[2.053s] Level 1:colcon.colcon_core.package_identification:_identify(src/voice_interfaces) by extension 'colcon_meta'
[2.053s] Level 1:colcon.colcon_core.package_identification:_identify(src/voice_interfaces) by extensions ['ros']
[2.053s] Level 1:colcon.colcon_core.package_identification:_identify(src/voice_interfaces) by extension 'ros'
[2.068s] DEBUG:colcon.colcon_core.package_identification:Package 'src/voice_interfaces' with type 'ros.ament_cmake' and name 'voice_interfaces'
[2.068s] Level 1:colcon.colcon_core.package_identification:_identify(src/voice_service) by extensions ['ignore', 'ignore_ament_install']
[2.069s] Level 1:colcon.colcon_core.package_identification:_identify(src/voice_service) by extension 'ignore'
[2.069s] Level 1:colcon.colcon_core.package_identification:_identify(src/voice_service) by extension 'ignore_ament_install'
[2.069s] Level 1:colcon.colcon_core.package_identification:_identify(src/voice_service) by extensions ['colcon_pkg']
[2.070s] Level 1:colcon.colcon_core.package_identification:_identify(src/voice_service) by extension 'colcon_pkg'
[2.070s] Level 1:colcon.colcon_core.package_identification:_identify(src/voice_service) by extensions ['colcon_meta']
[2.070s] Level 1:colcon.colcon_core.package_identification:_identify(src/voice_service) by extension 'colcon_meta'
[2.070s] Level 1:colcon.colcon_core.package_identification:_identify(src/voice_service) by extensions ['ros']
[2.070s] Level 1:colcon.colcon_core.package_identification:_identify(src/voice_service) by extension 'ros'
[2.074s] DEBUG:colcon.colcon_core.package_identification:Package 'src/voice_service' with type 'ros.ament_python' and name 'voice_service'
[2.075s] Level 1:colcon.colcon_core.package_discovery:discover_packages(recursive) using defaults
[2.075s] Level 1:colcon.colcon_core.package_discovery:discover_packages(ignore) discover
[2.075s] Level 1:colcon.colcon_core.package_discovery:discover_packages(ignore) using defaults
[2.075s] Level 1:colcon.colcon_core.package_discovery:discover_packages(path) discover
[2.075s] Level 1:colcon.colcon_core.package_discovery:discover_packages(path) using defaults
[2.180s] Level 1:colcon.colcon_core.package_discovery:discover_packages(prefix_path) check parameters
[2.180s] Level 1:colcon.colcon_core.package_discovery:discover_packages(prefix_path) discover
[2.194s] DEBUG:colcon.colcon_installed_package_information.package_discovery:Found 2 installed packages in /home/mimi/voice_km/2025_SUMMER_LT/voice_km/voice_km_ws/install
[2.197s] DEBUG:colcon.colcon_installed_package_information.package_discovery:Found 0 installed packages in /home/mimi/edu_ws/install
[2.205s] DEBUG:colcon.colcon_installed_package_information.package_discovery:Found 271 installed packages in /opt/ros/humble
[2.234s] Level 1:colcon.colcon_core.package_discovery:discover_packages(prefix_path) using defaults
[2.694s] Level 5:colcon.colcon_core.verb:set package 'voice_interfaces' build argument 'cmake_args' from command line to 'None'
[2.695s] Level 5:colcon.colcon_core.verb:set package 'voice_interfaces' build argument 'cmake_target' from command line to 'None'
[2.695s] Level 5:colcon.colcon_core.verb:set package 'voice_interfaces' build argument 'cmake_target_skip_unavailable' from command line to 'False'
[2.695s] Level 5:colcon.colcon_core.verb:set package 'voice_interfaces' build argument 'cmake_clean_cache' from command line to 'False'
[2.695s] Level 5:colcon.colcon_core.verb:set package 'voice_interfaces' build argument 'cmake_clean_first' from command line to 'False'
[2.696s] Level 5:colcon.colcon_core.verb:set package 'voice_interfaces' build argument 'cmake_force_configure' from command line to 'False'
[2.696s] Level 5:colcon.colcon_core.verb:set package 'voice_interfaces' build argument 'ament_cmake_args' from command line to 'None'
[2.696s] Level 5:colcon.colcon_core.verb:set package 'voice_interfaces' build argument 'catkin_cmake_args' from command line to 'None'
[2.696s] Level 5:colcon.colcon_core.verb:set package 'voice_interfaces' build argument 'catkin_skip_building_tests' from command line to 'False'
[2.696s] DEBUG:colcon.colcon_core.verb:Building package 'voice_interfaces' with the following arguments: {'ament_cmake_args': None, 'build_base': '/home/mimi/voice_km/2025_SUMMER_LT/voice_km/voice_km_ws/build/voice_interfaces', 'catkin_cmake_args': None, 'catkin_skip_building_tests': False, 'cmake_args': None, 'cmake_clean_cache': False, 'cmake_clean_first': False, 'cmake_force_configure': False, 'cmake_target': None, 'cmake_target_skip_unavailable': False, 'install_base': '/home/mimi/voice_km/2025_SUMMER_LT/voice_km/voice_km_ws/install/voice_interfaces', 'merge_install': False, 'path': '/home/mimi/voice_km/2025_SUMMER_LT/voice_km/voice_km_ws/src/voice_interfaces', 'symlink_install': False, 'test_result_base': None}
[2.697s] Level 5:colcon.colcon_core.verb:set package 'voice_service' build argument 'cmake_args' from command line to 'None'
[2.697s] Level 5:colcon.colcon_core.verb:set package 'voice_service' build argument 'cmake_target' from command line to 'None'
[2.697s] Level 5:colcon.colcon_core.verb:set package 'voice_service' build argument 'cmake_target_skip_unavailable' from command line to 'False'
[2.697s] Level 5:colcon.colcon_core.verb:set package 'voice_service' build argument 'cmake_clean_cache' from command line to 'False'
[2.697s] Level 5:colcon.colcon_core.verb:set package 'voice_service' build argument 'cmake_clean_first' from command line to 'False'
[2.697s] Level 5:colcon.colcon_core.verb:set package 'voice_service' build argument 'cmake_force_configure' from command line to 'False'
[2.698s] Level 5:colcon.colcon_core.verb:set package 'voice_service' build argument 'ament_cmake_args' from command line to 'None'
[2.698s] Level 5:colcon.colcon_core.verb:set package 'voice_service' build argument 'catkin_cmake_args' from command line to 'None'
[2.698s] Level 5:colcon.colcon_core.verb:set package 'voice_service' build argument 'catkin_skip_building_tests' from command line to 'False'
[2.698s] DEBUG:colcon.colcon_core.verb:Building package 'voice_service' with the following arguments: {'ament_cmake_args': None, 'build_base': '/home/mimi/voice_km/2025_SUMMER_LT/voice_km/voice_km_ws/build/voice_service', 'catkin_cmake_args': None, 'catkin_skip_building_tests': False, 'cmake_args': None, 'cmake_clean_cache': False, 'cmake_clean_first': False, 'cmake_force_configure': False, 'cmake_target': None, 'cmake_target_skip_unavailable': False, 'install_base': '/home/mimi/voice_km/2025_SUMMER_LT/voice_km/voice_km_ws/install/voice_service', 'merge_install': False, 'path': '/home/mimi/voice_km/2025_SUMMER_LT/voice_km/voice_km_ws/src/voice_service', 'symlink_install': False, 'test_result_base': None}
[2.698s] INFO:colcon.colcon_core.executor:Executing jobs using 'parallel' executor
[2.702s] DEBUG:colcon.colcon_parallel_executor.executor.parallel:run_until_complete
[2.703s] INFO:colcon.colcon_ros.task.ament_cmake.build:Building ROS package in '/home/mimi/voice_km/2025_SUMMER_LT/voice_km/voice_km_ws/src/voice_interfaces' with build type 'ament_cmake'
[2.704s] INFO:colcon.colcon_cmake.task.cmake.build:Building CMake package in '/home/mimi/voice_km/2025_SUMMER_LT/voice_km/voice_km_ws/src/voice_interfaces'
[2.725s] INFO:colcon.colcon_core.plugin_system:Skipping extension 'colcon_core.shell.bat': Not used on non-Windows systems
[2.726s] INFO:colcon.colcon_core.shell:Skip shell extension 'powershell' for command environment: Not usable outside of PowerShell
[2.726s] DEBUG:colcon.colcon_core.shell:Skip shell extension 'dsv' for command environment
[2.765s] DEBUG:colcon.colcon_core.event_handler.log_command:Invoking command in '/home/mimi/voice_km/2025_SUMMER_LT/voice_km/voice_km_ws/build/voice_interfaces': CMAKE_PREFIX_PATH=${CMAKE_PREFIX_PATH}:/home/mimi/voice_km/2025_SUMMER_LT/voice_km/voice_km_ws/install/voice_service:/opt/ros/humble /usr/bin/cmake --build /home/mimi/voice_km/2025_SUMMER_LT/voice_km/voice_km_ws/build/voice_interfaces -- -j8 -l8
[3.995s] DEBUG:colcon.colcon_core.event_handler.log_command:Invoked command in '/home/mimi/voice_km/2025_SUMMER_LT/voice_km/voice_km_ws/build/voice_interfaces' returned '0': CMAKE_PREFIX_PATH=${CMAKE_PREFIX_PATH}:/home/mimi/voice_km/2025_SUMMER_LT/voice_km/voice_km_ws/install/voice_service:/opt/ros/humble /usr/bin/cmake --build /home/mimi/voice_km/2025_SUMMER_LT/voice_km/voice_km_ws/build/voice_interfaces -- -j8 -l8
[4.036s] DEBUG:colcon.colcon_core.event_handler.log_command:Invoking command in '/home/mimi/voice_km/2025_SUMMER_LT/voice_km/voice_km_ws/build/voice_interfaces': CMAKE_PREFIX_PATH=${CMAKE_PREFIX_PATH}:/home/mimi/voice_km/2025_SUMMER_LT/voice_km/voice_km_ws/install/voice_service:/opt/ros/humble /usr/bin/cmake --install /home/mimi/voice_km/2025_SUMMER_LT/voice_km/voice_km_ws/build/voice_interfaces
[4.267s] Level 1:colcon.colcon_core.environment:create_environment_scripts_only(voice_interfaces)
[4.269s] DEBUG:colcon.colcon_core.event_handler.log_command:Invoked command in '/home/mimi/voice_km/2025_SUMMER_LT/voice_km/voice_km_ws/build/voice_interfaces' returned '0': CMAKE_PREFIX_PATH=${CMAKE_PREFIX_PATH}:/home/mimi/voice_km/2025_SUMMER_LT/voice_km/voice_km_ws/install/voice_service:/opt/ros/humble /usr/bin/cmake --install /home/mimi/voice_km/2025_SUMMER_LT/voice_km/voice_km_ws/build/voice_interfaces
[4.292s] Level 1:colcon.colcon_core.environment:checking '/home/mimi/voice_km/2025_SUMMER_LT/voice_km/voice_km_ws/install/voice_interfaces' for CMake module files
[4.294s] Level 1:colcon.colcon_core.environment:checking '/home/mimi/voice_km/2025_SUMMER_LT/voice_km/voice_km_ws/install/voice_interfaces' for CMake config files
[4.301s] Level 1:colcon.colcon_core.shell:create_environment_hook('voice_interfaces', 'cmake_prefix_path')
[4.302s] INFO:colcon.colcon_core.shell:Creating environment hook '/home/mimi/voice_km/2025_SUMMER_LT/voice_km/voice_km_ws/install/voice_interfaces/share/voice_interfaces/hook/cmake_prefix_path.ps1'
[4.304s] INFO:colcon.colcon_core.shell:Creating environment descriptor '/home/mimi/voice_km/2025_SUMMER_LT/voice_km/voice_km_ws/install/voice_interfaces/share/voice_interfaces/hook/cmake_prefix_path.dsv'
[4.307s] INFO:colcon.colcon_core.shell:Creating environment hook '/home/mimi/voice_km/2025_SUMMER_LT/voice_km/voice_km_ws/install/voice_interfaces/share/voice_interfaces/hook/cmake_prefix_path.sh'
[4.312s] Level 1:colcon.colcon_core.environment:checking '/home/mimi/voice_km/2025_SUMMER_LT/voice_km/voice_km_ws/install/voice_interfaces/lib'
[4.312s] Level 1:colcon.colcon_core.shell:create_environment_hook('voice_interfaces', 'ld_library_path_lib')
[4.313s] INFO:colcon.colcon_core.shell:Creating environment hook '/home/mimi/voice_km/2025_SUMMER_LT/voice_km/voice_km_ws/install/voice_interfaces/share/voice_interfaces/hook/ld_library_path_lib.ps1'
[4.314s] INFO:colcon.colcon_core.shell:Creating environment descriptor '/home/mimi/voice_km/2025_SUMMER_LT/voice_km/voice_km_ws/install/voice_interfaces/share/voice_interfaces/hook/ld_library_path_lib.dsv'
[4.315s] INFO:colcon.colcon_core.shell:Creating environment hook '/home/mimi/voice_km/2025_SUMMER_LT/voice_km/voice_km_ws/install/voice_interfaces/share/voice_interfaces/hook/ld_library_path_lib.sh'
[4.316s] Level 1:colcon.colcon_core.environment:checking '/home/mimi/voice_km/2025_SUMMER_LT/voice_km/voice_km_ws/install/voice_interfaces/bin'
[4.316s] Level 1:colcon.colcon_core.environment:checking '/home/mimi/voice_km/2025_SUMMER_LT/voice_km/voice_km_ws/install/voice_interfaces/lib/pkgconfig/voice_interfaces.pc'
[4.317s] Level 1:colcon.colcon_core.environment:checking '/home/mimi/voice_km/2025_SUMMER_LT/voice_km/voice_km_ws/install/voice_interfaces/lib/python3.10/site-packages'
[4.318s] Level 1:colcon.colcon_core.environment:checking '/home/mimi/voice_km/2025_SUMMER_LT/voice_km/voice_km_ws/install/voice_interfaces/bin'
[4.318s] INFO:colcon.colcon_core.shell:Creating package script '/home/mimi/voice_km/2025_SUMMER_LT/voice_km/voice_km_ws/install/voice_interfaces/share/voice_interfaces/package.ps1'
[4.321s] INFO:colcon.colcon_core.shell:Creating package descriptor '/home/mimi/voice_km/2025_SUMMER_LT/voice_km/voice_km_ws/install/voice_interfaces/share/voice_interfaces/package.dsv'
[4.324s] INFO:colcon.colcon_core.shell:Creating package script '/home/mimi/voice_km/2025_SUMMER_LT/voice_km/voice_km_ws/install/voice_interfaces/share/voice_interfaces/package.sh'
[4.327s] INFO:colcon.colcon_core.shell:Creating package script '/home/mimi/voice_km/2025_SUMMER_LT/voice_km/voice_km_ws/install/voice_interfaces/share/voice_interfaces/package.bash'
[4.331s] INFO:colcon.colcon_core.shell:Creating package script '/home/mimi/voice_km/2025_SUMMER_LT/voice_km/voice_km_ws/install/voice_interfaces/share/voice_interfaces/package.zsh'
[4.335s] Level 1:colcon.colcon_core.environment:create_file_with_runtime_dependencies(/home/mimi/voice_km/2025_SUMMER_LT/voice_km/voice_km_ws/install/voice_interfaces/share/colcon-core/packages/voice_interfaces)
[4.337s] Level 1:colcon.colcon_core.environment:create_environment_scripts_only(voice_interfaces)
[4.338s] Level 1:colcon.colcon_core.environment:checking '/home/mimi/voice_km/2025_SUMMER_LT/voice_km/voice_km_ws/install/voice_interfaces' for CMake module files
[4.339s] Level 1:colcon.colcon_core.environment:checking '/home/mimi/voice_km/2025_SUMMER_LT/voice_km/voice_km_ws/install/voice_interfaces' for CMake config files
[4.340s] Level 1:colcon.colcon_core.shell:create_environment_hook('voice_interfaces', 'cmake_prefix_path')
[4.341s] INFO:colcon.colcon_core.shell:Creating environment hook '/home/mimi/voice_km/2025_SUMMER_LT/voice_km/voice_km_ws/install/voice_interfaces/share/voice_interfaces/hook/cmake_prefix_path.ps1'
[4.342s] INFO:colcon.colcon_core.shell:Creating environment descriptor '/home/mimi/voice_km/2025_SUMMER_LT/voice_km/voice_km_ws/install/voice_interfaces/share/voice_interfaces/hook/cmake_prefix_path.dsv'
[4.343s] INFO:colcon.colcon_core.shell:Creating environment hook '/home/mimi/voice_km/2025_SUMMER_LT/voice_km/voice_km_ws/install/voice_interfaces/share/voice_interfaces/hook/cmake_prefix_path.sh'
[4.345s] Level 1:colcon.colcon_core.environment:checking '/home/mimi/voice_km/2025_SUMMER_LT/voice_km/voice_km_ws/install/voice_interfaces/lib'
[4.345s] Level 1:colcon.colcon_core.shell:create_environment_hook('voice_interfaces', 'ld_library_path_lib')
[4.346s] INFO:colcon.colcon_core.shell:Creating environment hook '/home/mimi/voice_km/2025_SUMMER_LT/voice_km/voice_km_ws/install/voice_interfaces/share/voice_interfaces/hook/ld_library_path_lib.ps1'
[4.347s] INFO:colcon.colcon_core.shell:Creating environment descriptor '/home/mimi/voice_km/2025_SUMMER_LT/voice_km/voice_km_ws/install/voice_interfaces/share/voice_interfaces/hook/ld_library_path_lib.dsv'
[4.348s] INFO:colcon.colcon_core.shell:Creating environment hook '/home/mimi/voice_km/2025_SUMMER_LT/voice_km/voice_km_ws/install/voice_interfaces/share/voice_interfaces/hook/ld_library_path_lib.sh'
[4.349s] Level 1:colcon.colcon_core.environment:checking '/home/mimi/voice_km/2025_SUMMER_LT/voice_km/voice_km_ws/install/voice_interfaces/bin'
[4.349s] Level 1:colcon.colcon_core.environment:checking '/home/mimi/voice_km/2025_SUMMER_LT/voice_km/voice_km_ws/install/voice_interfaces/lib/pkgconfig/voice_interfaces.pc'
[4.350s] Level 1:colcon.colcon_core.environment:checking '/home/mimi/voice_km/2025_SUMMER_LT/voice_km/voice_km_ws/install/voice_interfaces/lib/python3.10/site-packages'
[4.350s] Level 1:colcon.colcon_core.environment:checking '/home/mimi/voice_km/2025_SUMMER_LT/voice_km/voice_km_ws/install/voice_interfaces/bin'
[4.351s] INFO:colcon.colcon_core.shell:Creating package script '/home/mimi/voice_km/2025_SUMMER_LT/voice_km/voice_km_ws/install/voice_interfaces/share/voice_interfaces/package.ps1'
[4.352s] INFO:colcon.colcon_core.shell:Creating package descriptor '/home/mimi/voice_km/2025_SUMMER_LT/voice_km/voice_km_ws/install/voice_interfaces/share/voice_interfaces/package.dsv'
[4.354s] INFO:colcon.colcon_core.shell:Creating package script '/home/mimi/voice_km/2025_SUMMER_LT/voice_km/voice_km_ws/install/voice_interfaces/share/voice_interfaces/package.sh'
[4.355s] INFO:colcon.colcon_core.shell:Creating package script '/home/mimi/voice_km/2025_SUMMER_LT/voice_km/voice_km_ws/install/voice_interfaces/share/voice_interfaces/package.bash'
[4.356s] INFO:colcon.colcon_core.shell:Creating package script '/home/mimi/voice_km/2025_SUMMER_LT/voice_km/voice_km_ws/install/voice_interfaces/share/voice_interfaces/package.zsh'
[4.357s] Level 1:colcon.colcon_core.environment:create_file_with_runtime_dependencies(/home/mimi/voice_km/2025_SUMMER_LT/voice_km/voice_km_ws/install/voice_interfaces/share/colcon-core/packages/voice_interfaces)
[4.359s] INFO:colcon.colcon_ros.task.ament_python.build:Building ROS package in '/home/mimi/voice_km/2025_SUMMER_LT/voice_km/voice_km_ws/src/voice_service' with build type 'ament_python'
[4.359s] Level 1:colcon.colcon_core.shell:create_environment_hook('voice_service', 'ament_prefix_path')
[4.360s] INFO:colcon.colcon_core.shell:Creating environment hook '/home/mimi/voice_km/2025_SUMMER_LT/voice_km/voice_km_ws/install/voice_service/share/voice_service/hook/ament_prefix_path.ps1'
[4.363s] INFO:colcon.colcon_core.shell:Creating environment descriptor '/home/mimi/voice_km/2025_SUMMER_LT/voice_km/voice_km_ws/install/voice_service/share/voice_service/hook/ament_prefix_path.dsv'
[4.364s] INFO:colcon.colcon_core.shell:Creating environment hook '/home/mimi/voice_km/2025_SUMMER_LT/voice_km/voice_km_ws/install/voice_service/share/voice_service/hook/ament_prefix_path.sh'
[4.365s] INFO:colcon.colcon_core.shell:Skip shell extension 'powershell' for command environment: Not usable outside of PowerShell
[4.365s] DEBUG:colcon.colcon_core.shell:Skip shell extension 'dsv' for command environment
[5.124s] INFO:colcon.colcon_core.task.python.build:Building Python package in '/home/mimi/voice_km/2025_SUMMER_LT/voice_km/voice_km_ws/src/voice_service'
[5.125s] INFO:colcon.colcon_core.shell:Skip shell extension 'powershell' for command environment: Not usable outside of PowerShell
[5.125s] DEBUG:colcon.colcon_core.shell:Skip shell extension 'dsv' for command environment
[6.243s] DEBUG:colcon.colcon_core.event_handler.log_command:Invoking command in '/home/mimi/voice_km/2025_SUMMER_LT/voice_km/voice_km_ws/src/voice_service': PYTHONPATH=/home/mimi/voice_km/2025_SUMMER_LT/voice_km/voice_km_ws/build/voice_service/prefix_override:/usr/lib/python3/dist-packages/colcon_core/task/python/colcon_distutils_commands:/home/mimi/voice_km/2025_SUMMER_LT/voice_km/voice_km_ws/install/voice_service/lib/python3.10/site-packages:${PYTHONPATH} /usr/bin/python3 -W ignore:setup.py install is deprecated -W ignore:easy_install command is deprecated setup.py egg_info --egg-base ../../build/voice_service build --build-base /home/mimi/voice_km/2025_SUMMER_LT/voice_km/voice_km_ws/build/voice_service/build install --record /home/mimi/voice_km/2025_SUMMER_LT/voice_km/voice_km_ws/build/voice_service/install.log --single-version-externally-managed install_data
[7.034s] Level 1:colcon.colcon_core.environment:checking '/home/mimi/voice_km/2025_SUMMER_LT/voice_km/voice_km_ws/install/voice_service' for CMake module files
[7.036s] Level 1:colcon.colcon_core.environment:checking '/home/mimi/voice_km/2025_SUMMER_LT/voice_km/voice_km_ws/install/voice_service' for CMake config files
[7.037s] DEBUG:colcon.colcon_core.event_handler.log_command:Invoked command in '/home/mimi/voice_km/2025_SUMMER_LT/voice_km/voice_km_ws/src/voice_service' returned '0': PYTHONPATH=/home/mimi/voice_km/2025_SUMMER_LT/voice_km/voice_km_ws/build/voice_service/prefix_override:/usr/lib/python3/dist-packages/colcon_core/task/python/colcon_distutils_commands:/home/mimi/voice_km/2025_SUMMER_LT/voice_km/voice_km_ws/install/voice_service/lib/python3.10/site-packages:${PYTHONPATH} /usr/bin/python3 -W ignore:setup.py install is deprecated -W ignore:easy_install command is deprecated setup.py egg_info --egg-base ../../build/voice_service build --build-base /home/mimi/voice_km/2025_SUMMER_LT/voice_km/voice_km_ws/build/voice_service/build install --record /home/mimi/voice_km/2025_SUMMER_LT/voice_km/voice_km_ws/build/voice_service/install.log --single-version-externally-managed install_data
[7.040s] Level 1:colcon.colcon_core.environment:checking '/home/mimi/voice_km/2025_SUMMER_LT/voice_km/voice_km_ws/install/voice_service/lib'
[7.040s] Level 1:colcon.colcon_core.environment:checking '/home/mimi/voice_km/2025_SUMMER_LT/voice_km/voice_km_ws/install/voice_service/bin'
[7.040s] Level 1:colcon.colcon_core.environment:checking '/home/mimi/voice_km/2025_SUMMER_LT/voice_km/voice_km_ws/install/voice_service/lib/pkgconfig/voice_service.pc'
[7.041s] Level 1:colcon.colcon_core.environment:checking '/home/mimi/voice_km/2025_SUMMER_LT/voice_km/voice_km_ws/install/voice_service/lib/python3.10/site-packages'
[7.041s] Level 1:colcon.colcon_core.shell:create_environment_hook('voice_service', 'pythonpath')
[7.042s] INFO:colcon.colcon_core.shell:Creating environment hook '/home/mimi/voice_km/2025_SUMMER_LT/voice_km/voice_km_ws/install/voice_service/share/voice_service/hook/pythonpath.ps1'
[7.044s] INFO:colcon.colcon_core.shell:Creating environment descriptor '/home/mimi/voice_km/2025_SUMMER_LT/voice_km/voice_km_ws/install/voice_service/share/voice_service/hook/pythonpath.dsv'
[7.045s] INFO:colcon.colcon_core.shell:Creating environment hook '/home/mimi/voice_km/2025_SUMMER_LT/voice_km/voice_km_ws/install/voice_service/share/voice_service/hook/pythonpath.sh'
[7.047s] Level 1:colcon.colcon_core.environment:checking '/home/mimi/voice_km/2025_SUMMER_LT/voice_km/voice_km_ws/install/voice_service/bin'
[7.048s] Level 1:colcon.colcon_core.environment:create_environment_scripts_only(voice_service)
[7.048s] INFO:colcon.colcon_core.shell:Creating package script '/home/mimi/voice_km/2025_SUMMER_LT/voice_km/voice_km_ws/install/voice_service/share/voice_service/package.ps1'
[7.050s] INFO:colcon.colcon_core.shell:Creating package descriptor '/home/mimi/voice_km/2025_SUMMER_LT/voice_km/voice_km_ws/install/voice_service/share/voice_service/package.dsv'
[7.051s] INFO:colcon.colcon_core.shell:Creating package script '/home/mimi/voice_km/2025_SUMMER_LT/voice_km/voice_km_ws/install/voice_service/share/voice_service/package.sh'
[7.053s] INFO:colcon.colcon_core.shell:Creating package script '/home/mimi/voice_km/2025_SUMMER_LT/voice_km/voice_km_ws/install/voice_service/share/voice_service/package.bash'
[7.054s] INFO:colcon.colcon_core.shell:Creating package script '/home/mimi/voice_km/2025_SUMMER_LT/voice_km/voice_km_ws/install/voice_service/share/voice_service/package.zsh'
[7.055s] Level 1:colcon.colcon_core.environment:create_file_with_runtime_dependencies(/home/mimi/voice_km/2025_SUMMER_LT/voice_km/voice_km_ws/install/voice_service/share/colcon-core/packages/voice_service)
[7.056s] DEBUG:colcon.colcon_parallel_executor.executor.parallel:closing loop
[7.058s] DEBUG:colcon.colcon_parallel_executor.executor.parallel:loop closed
[7.058s] DEBUG:colcon.colcon_parallel_executor.executor.parallel:run_until_complete finished with '0'
[7.058s] DEBUG:colcon.colcon_core.event_reactor:joining thread
[7.130s] INFO:colcon.colcon_core.plugin_system:Skipping extension 'colcon_notification.desktop_notification.terminal_notifier': Not used on non-Darwin systems
[7.131s] INFO:colcon.colcon_core.plugin_system:Skipping extension 'colcon_notification.desktop_notification.win32': Not used on non-Windows systems
[7.131s] INFO:colcon.colcon_notification.desktop_notification:Sending desktop notification using 'notify2'
[7.173s] DEBUG:colcon.colcon_core.event_reactor:joined thread
[7.174s] INFO:colcon.colcon_core.shell:Creating prefix script '/home/mimi/voice_km/2025_SUMMER_LT/voice_km/voice_km_ws/install/local_setup.ps1'
[7.179s] INFO:colcon.colcon_core.shell:Creating prefix util module '/home/mimi/voice_km/2025_SUMMER_LT/voice_km/voice_km_ws/install/_local_setup_util_ps1.py'
[7.184s] INFO:colcon.colcon_core.shell:Creating prefix chain script '/home/mimi/voice_km/2025_SUMMER_LT/voice_km/voice_km_ws/install/setup.ps1'
[7.188s] INFO:colcon.colcon_core.shell:Creating prefix script '/home/mimi/voice_km/2025_SUMMER_LT/voice_km/voice_km_ws/install/local_setup.sh'
[7.192s] INFO:colcon.colcon_core.shell:Creating prefix util module '/home/mimi/voice_km/2025_SUMMER_LT/voice_km/voice_km_ws/install/_local_setup_util_sh.py'
[7.194s] INFO:colcon.colcon_core.shell:Creating prefix chain script '/home/mimi/voice_km/2025_SUMMER_LT/voice_km/voice_km_ws/install/setup.sh'
[7.199s] INFO:colcon.colcon_core.shell:Creating prefix script '/home/mimi/voice_km/2025_SUMMER_LT/voice_km/voice_km_ws/install/local_setup.bash'
[7.203s] INFO:colcon.colcon_core.shell:Creating prefix chain script '/home/mimi/voice_km/2025_SUMMER_LT/voice_km/voice_km_ws/install/setup.bash'
[7.206s] INFO:colcon.colcon_core.shell:Creating prefix script '/home/mimi/voice_km/2025_SUMMER_LT/voice_km/voice_km_ws/install/local_setup.zsh'
[7.209s] INFO:colcon.colcon_core.shell:Creating prefix chain script '/home/mimi/voice_km/2025_SUMMER_LT/voice_km/voice_km_ws/install/setup.zsh'
