[0.048s] Invoking command in '/home/mimi/voice_km/2025_SUMMER_LT/voice_km/voice_km_ws/build/voice_interfaces': CMAKE_PREFIX_PATH=${CMAKE_PREFIX_PATH}:/home/mimi/voice_km/2025_SUMMER_LT/voice_km/voice_km_ws/install/voice_service:/opt/ros/humble /usr/bin/cmake --build /home/mimi/voice_km/2025_SUMMER_LT/voice_km/voice_km_ws/build/voice_interfaces -- -j8 -l8
[0.274s] [  3%] Built target voice_interfaces__cpp
[0.283s] [ 12%] Built target voice_interfaces__rosidl_generator_c
[0.326s] [ 12%] Built target ament_cmake_python_copy_voice_interfaces
[0.380s] [ 22%] Built target voice_interfaces__rosidl_typesupport_fastrtps_cpp
[0.388s] [ 32%] Built target voice_interfaces__rosidl_typesupport_introspection_cpp
[0.392s] [ 41%] Built target voice_interfaces__rosidl_typesupport_fastrtps_c
[0.399s] [ 51%] Built target voice_interfaces__rosidl_typesupport_cpp
[0.400s] [ 61%] Built target voice_interfaces__rosidl_typesupport_introspection_c
[0.437s] [ 70%] Built target voice_interfaces__rosidl_typesupport_c
[0.534s] [ 70%] Built target voice_interfaces
[0.634s] [ 74%] Built target voice_interfaces__py
[0.737s] [ 80%] Built target voice_interfaces__rosidl_generator_py
[0.831s] [ 90%] Built target voice_interfaces__rosidl_typesupport_c__pyext
[0.832s] [ 93%] Built target voice_interfaces__rosidl_typesupport_fastrtps_c__pyext
[0.832s] [100%] Built target voice_interfaces__rosidl_typesupport_introspection_c__pyext
[1.084s] running egg_info
[1.086s] writing voice_interfaces.egg-info/PKG-INFO
[1.087s] writing dependency_links to voice_interfaces.egg-info/dependency_links.txt
[1.088s] writing top-level names to voice_interfaces.egg-info/top_level.txt
[1.094s] reading manifest file 'voice_interfaces.egg-info/SOURCES.txt'
[1.096s] writing manifest file 'voice_interfaces.egg-info/SOURCES.txt'
[1.191s] [100%] Built target ament_cmake_python_build_voice_interfaces_egg
[1.250s] Invoked command in '/home/mimi/voice_km/2025_SUMMER_LT/voice_km/voice_km_ws/build/voice_interfaces' returned '0': CMAKE_PREFIX_PATH=${CMAKE_PREFIX_PATH}:/home/mimi/voice_km/2025_SUMMER_LT/voice_km/voice_km_ws/install/voice_service:/opt/ros/humble /usr/bin/cmake --build /home/mimi/voice_km/2025_SUMMER_LT/voice_km/voice_km_ws/build/voice_interfaces -- -j8 -l8
[1.290s] Invoking command in '/home/mimi/voice_km/2025_SUMMER_LT/voice_km/voice_km_ws/build/voice_interfaces': CMAKE_PREFIX_PATH=${CMAKE_PREFIX_PATH}:/home/mimi/voice_km/2025_SUMMER_LT/voice_km/voice_km_ws/install/voice_service:/opt/ros/humble /usr/bin/cmake --install /home/mimi/voice_km/2025_SUMMER_LT/voice_km/voice_km_ws/build/voice_interfaces
[1.320s] -- Install configuration: ""
[1.323s] -- Up-to-date: /home/mimi/voice_km/2025_SUMMER_LT/voice_km/voice_km_ws/install/voice_interfaces/share/ament_index/resource_index/rosidl_interfaces/voice_interfaces
[1.323s] -- Up-to-date: /home/mimi/voice_km/2025_SUMMER_LT/voice_km/voice_km_ws/install/voice_interfaces/include/voice_interfaces/voice_interfaces
[1.323s] -- Up-to-date: /home/mimi/voice_km/2025_SUMMER_LT/voice_km/voice_km_ws/install/voice_interfaces/include/voice_interfaces/voice_interfaces/msg
[1.323s] -- Up-to-date: /home/mimi/voice_km/2025_SUMMER_LT/voice_km/voice_km_ws/install/voice_interfaces/include/voice_interfaces/voice_interfaces/msg/rosidl_generator_c__visibility_control.h
[1.323s] -- Up-to-date: /home/mimi/voice_km/2025_SUMMER_LT/voice_km/voice_km_ws/install/voice_interfaces/include/voice_interfaces/voice_interfaces/action
[1.324s] -- Up-to-date: /home/mimi/voice_km/2025_SUMMER_LT/voice_km/voice_km_ws/install/voice_interfaces/include/voice_interfaces/voice_interfaces/action/detail
[1.325s] -- Up-to-date: /home/mimi/voice_km/2025_SUMMER_LT/voice_km/voice_km_ws/install/voice_interfaces/include/voice_interfaces/voice_interfaces/action/detail/voice_command__type_support.h
[1.325s] -- Up-to-date: /home/mimi/voice_km/2025_SUMMER_LT/voice_km/voice_km_ws/install/voice_interfaces/include/voice_interfaces/voice_interfaces/action/detail/voice_command__struct.h
[1.325s] -- Up-to-date: /home/mimi/voice_km/2025_SUMMER_LT/voice_km/voice_km_ws/install/voice_interfaces/include/voice_interfaces/voice_interfaces/action/detail/voice_command__functions.c
[1.326s] -- Up-to-date: /home/mimi/voice_km/2025_SUMMER_LT/voice_km/voice_km_ws/install/voice_interfaces/include/voice_interfaces/voice_interfaces/action/detail/voice_command__functions.h
[1.326s] -- Up-to-date: /home/mimi/voice_km/2025_SUMMER_LT/voice_km/voice_km_ws/install/voice_interfaces/include/voice_interfaces/voice_interfaces/action/voice_command.h
[1.326s] -- Up-to-date: /home/mimi/voice_km/2025_SUMMER_LT/voice_km/voice_km_ws/install/voice_interfaces/include/voice_interfaces/voice_interfaces/srv
[1.326s] -- Up-to-date: /home/mimi/voice_km/2025_SUMMER_LT/voice_km/voice_km_ws/install/voice_interfaces/include/voice_interfaces/voice_interfaces/srv/detail
[1.326s] -- Up-to-date: /home/mimi/voice_km/2025_SUMMER_LT/voice_km/voice_km_ws/install/voice_interfaces/include/voice_interfaces/voice_interfaces/srv/detail/voice_command__type_support.h
[1.326s] -- Up-to-date: /home/mimi/voice_km/2025_SUMMER_LT/voice_km/voice_km_ws/install/voice_interfaces/include/voice_interfaces/voice_interfaces/srv/detail/voice_command__struct.h
[1.327s] -- Up-to-date: /home/mimi/voice_km/2025_SUMMER_LT/voice_km/voice_km_ws/install/voice_interfaces/include/voice_interfaces/voice_interfaces/srv/detail/voice_command__functions.c
[1.327s] -- Up-to-date: /home/mimi/voice_km/2025_SUMMER_LT/voice_km/voice_km_ws/install/voice_interfaces/include/voice_interfaces/voice_interfaces/srv/detail/voice_command__functions.h
[1.327s] -- Up-to-date: /home/mimi/voice_km/2025_SUMMER_LT/voice_km/voice_km_ws/install/voice_interfaces/include/voice_interfaces/voice_interfaces/srv/voice_command.h
[1.327s] -- Up-to-date: /home/mimi/voice_km/2025_SUMMER_LT/voice_km/voice_km_ws/install/voice_interfaces/share/voice_interfaces/environment/library_path.sh
[1.327s] -- Up-to-date: /home/mimi/voice_km/2025_SUMMER_LT/voice_km/voice_km_ws/install/voice_interfaces/share/voice_interfaces/environment/library_path.dsv
[1.328s] -- Up-to-date: /home/mimi/voice_km/2025_SUMMER_LT/voice_km/voice_km_ws/install/voice_interfaces/lib/libvoice_interfaces__rosidl_generator_c.so
[1.328s] -- Up-to-date: /home/mimi/voice_km/2025_SUMMER_LT/voice_km/voice_km_ws/install/voice_interfaces/include/voice_interfaces/voice_interfaces
[1.328s] -- Up-to-date: /home/mimi/voice_km/2025_SUMMER_LT/voice_km/voice_km_ws/install/voice_interfaces/include/voice_interfaces/voice_interfaces/msg
[1.328s] -- Up-to-date: /home/mimi/voice_km/2025_SUMMER_LT/voice_km/voice_km_ws/install/voice_interfaces/include/voice_interfaces/voice_interfaces/msg/rosidl_typesupport_fastrtps_c__visibility_control.h
[1.328s] -- Up-to-date: /home/mimi/voice_km/2025_SUMMER_LT/voice_km/voice_km_ws/install/voice_interfaces/include/voice_interfaces/voice_interfaces/action
[1.329s] -- Up-to-date: /home/mimi/voice_km/2025_SUMMER_LT/voice_km/voice_km_ws/install/voice_interfaces/include/voice_interfaces/voice_interfaces/action/detail
[1.329s] -- Up-to-date: /home/mimi/voice_km/2025_SUMMER_LT/voice_km/voice_km_ws/install/voice_interfaces/include/voice_interfaces/voice_interfaces/action/detail/voice_command__rosidl_typesupport_fastrtps_c.h
[1.329s] -- Up-to-date: /home/mimi/voice_km/2025_SUMMER_LT/voice_km/voice_km_ws/install/voice_interfaces/include/voice_interfaces/voice_interfaces/srv
[1.329s] -- Up-to-date: /home/mimi/voice_km/2025_SUMMER_LT/voice_km/voice_km_ws/install/voice_interfaces/include/voice_interfaces/voice_interfaces/srv/detail
[1.329s] -- Up-to-date: /home/mimi/voice_km/2025_SUMMER_LT/voice_km/voice_km_ws/install/voice_interfaces/include/voice_interfaces/voice_interfaces/srv/detail/voice_command__rosidl_typesupport_fastrtps_c.h
[1.329s] -- Up-to-date: /home/mimi/voice_km/2025_SUMMER_LT/voice_km/voice_km_ws/install/voice_interfaces/lib/libvoice_interfaces__rosidl_typesupport_fastrtps_c.so
[1.329s] -- Up-to-date: /home/mimi/voice_km/2025_SUMMER_LT/voice_km/voice_km_ws/install/voice_interfaces/include/voice_interfaces/voice_interfaces
[1.329s] -- Up-to-date: /home/mimi/voice_km/2025_SUMMER_LT/voice_km/voice_km_ws/install/voice_interfaces/include/voice_interfaces/voice_interfaces/msg
[1.329s] -- Up-to-date: /home/mimi/voice_km/2025_SUMMER_LT/voice_km/voice_km_ws/install/voice_interfaces/include/voice_interfaces/voice_interfaces/msg/rosidl_typesupport_introspection_c__visibility_control.h
[1.330s] -- Up-to-date: /home/mimi/voice_km/2025_SUMMER_LT/voice_km/voice_km_ws/install/voice_interfaces/include/voice_interfaces/voice_interfaces/action
[1.330s] -- Up-to-date: /home/mimi/voice_km/2025_SUMMER_LT/voice_km/voice_km_ws/install/voice_interfaces/include/voice_interfaces/voice_interfaces/action/detail
[1.330s] -- Up-to-date: /home/mimi/voice_km/2025_SUMMER_LT/voice_km/voice_km_ws/install/voice_interfaces/include/voice_interfaces/voice_interfaces/action/detail/voice_command__rosidl_typesupport_introspection_c.h
[1.331s] -- Up-to-date: /home/mimi/voice_km/2025_SUMMER_LT/voice_km/voice_km_ws/install/voice_interfaces/include/voice_interfaces/voice_interfaces/action/detail/voice_command__type_support.c
[1.331s] -- Up-to-date: /home/mimi/voice_km/2025_SUMMER_LT/voice_km/voice_km_ws/install/voice_interfaces/include/voice_interfaces/voice_interfaces/srv
[1.331s] -- Up-to-date: /home/mimi/voice_km/2025_SUMMER_LT/voice_km/voice_km_ws/install/voice_interfaces/include/voice_interfaces/voice_interfaces/srv/detail
[1.331s] -- Up-to-date: /home/mimi/voice_km/2025_SUMMER_LT/voice_km/voice_km_ws/install/voice_interfaces/include/voice_interfaces/voice_interfaces/srv/detail/voice_command__rosidl_typesupport_introspection_c.h
[1.332s] -- Up-to-date: /home/mimi/voice_km/2025_SUMMER_LT/voice_km/voice_km_ws/install/voice_interfaces/include/voice_interfaces/voice_interfaces/srv/detail/voice_command__type_support.c
[1.332s] -- Up-to-date: /home/mimi/voice_km/2025_SUMMER_LT/voice_km/voice_km_ws/install/voice_interfaces/lib/libvoice_interfaces__rosidl_typesupport_introspection_c.so
[1.333s] -- Up-to-date: /home/mimi/voice_km/2025_SUMMER_LT/voice_km/voice_km_ws/install/voice_interfaces/lib/libvoice_interfaces__rosidl_typesupport_c.so
[1.333s] -- Up-to-date: /home/mimi/voice_km/2025_SUMMER_LT/voice_km/voice_km_ws/install/voice_interfaces/include/voice_interfaces/voice_interfaces
[1.333s] -- Up-to-date: /home/mimi/voice_km/2025_SUMMER_LT/voice_km/voice_km_ws/install/voice_interfaces/include/voice_interfaces/voice_interfaces/msg
[1.333s] -- Up-to-date: /home/mimi/voice_km/2025_SUMMER_LT/voice_km/voice_km_ws/install/voice_interfaces/include/voice_interfaces/voice_interfaces/msg/rosidl_generator_cpp__visibility_control.hpp
[1.334s] -- Up-to-date: /home/mimi/voice_km/2025_SUMMER_LT/voice_km/voice_km_ws/install/voice_interfaces/include/voice_interfaces/voice_interfaces/action
[1.334s] -- Up-to-date: /home/mimi/voice_km/2025_SUMMER_LT/voice_km/voice_km_ws/install/voice_interfaces/include/voice_interfaces/voice_interfaces/action/detail
[1.334s] -- Up-to-date: /home/mimi/voice_km/2025_SUMMER_LT/voice_km/voice_km_ws/install/voice_interfaces/include/voice_interfaces/voice_interfaces/action/detail/voice_command__struct.hpp
[1.334s] -- Up-to-date: /home/mimi/voice_km/2025_SUMMER_LT/voice_km/voice_km_ws/install/voice_interfaces/include/voice_interfaces/voice_interfaces/action/detail/voice_command__type_support.hpp
[1.334s] -- Up-to-date: /home/mimi/voice_km/2025_SUMMER_LT/voice_km/voice_km_ws/install/voice_interfaces/include/voice_interfaces/voice_interfaces/action/detail/voice_command__traits.hpp
[1.335s] -- Up-to-date: /home/mimi/voice_km/2025_SUMMER_LT/voice_km/voice_km_ws/install/voice_interfaces/include/voice_interfaces/voice_interfaces/action/detail/voice_command__builder.hpp
[1.335s] -- Up-to-date: /home/mimi/voice_km/2025_SUMMER_LT/voice_km/voice_km_ws/install/voice_interfaces/include/voice_interfaces/voice_interfaces/action/voice_command.hpp
[1.335s] -- Up-to-date: /home/mimi/voice_km/2025_SUMMER_LT/voice_km/voice_km_ws/install/voice_interfaces/include/voice_interfaces/voice_interfaces/srv
[1.335s] -- Up-to-date: /home/mimi/voice_km/2025_SUMMER_LT/voice_km/voice_km_ws/install/voice_interfaces/include/voice_interfaces/voice_interfaces/srv/detail
[1.335s] -- Up-to-date: /home/mimi/voice_km/2025_SUMMER_LT/voice_km/voice_km_ws/install/voice_interfaces/include/voice_interfaces/voice_interfaces/srv/detail/voice_command__struct.hpp
[1.336s] -- Up-to-date: /home/mimi/voice_km/2025_SUMMER_LT/voice_km/voice_km_ws/install/voice_interfaces/include/voice_interfaces/voice_interfaces/srv/detail/voice_command__type_support.hpp
[1.336s] -- Up-to-date: /home/mimi/voice_km/2025_SUMMER_LT/voice_km/voice_km_ws/install/voice_interfaces/include/voice_interfaces/voice_interfaces/srv/detail/voice_command__traits.hpp
[1.336s] -- Up-to-date: /home/mimi/voice_km/2025_SUMMER_LT/voice_km/voice_km_ws/install/voice_interfaces/include/voice_interfaces/voice_interfaces/srv/detail/voice_command__builder.hpp
[1.337s] -- Up-to-date: /home/mimi/voice_km/2025_SUMMER_LT/voice_km/voice_km_ws/install/voice_interfaces/include/voice_interfaces/voice_interfaces/srv/voice_command.hpp
[1.337s] -- Up-to-date: /home/mimi/voice_km/2025_SUMMER_LT/voice_km/voice_km_ws/install/voice_interfaces/include/voice_interfaces/voice_interfaces
[1.337s] -- Up-to-date: /home/mimi/voice_km/2025_SUMMER_LT/voice_km/voice_km_ws/install/voice_interfaces/include/voice_interfaces/voice_interfaces/msg
[1.337s] -- Up-to-date: /home/mimi/voice_km/2025_SUMMER_LT/voice_km/voice_km_ws/install/voice_interfaces/include/voice_interfaces/voice_interfaces/msg/rosidl_typesupport_fastrtps_cpp__visibility_control.h
[1.337s] -- Up-to-date: /home/mimi/voice_km/2025_SUMMER_LT/voice_km/voice_km_ws/install/voice_interfaces/include/voice_interfaces/voice_interfaces/action
[1.338s] -- Up-to-date: /home/mimi/voice_km/2025_SUMMER_LT/voice_km/voice_km_ws/install/voice_interfaces/include/voice_interfaces/voice_interfaces/action/detail
[1.338s] -- Up-to-date: /home/mimi/voice_km/2025_SUMMER_LT/voice_km/voice_km_ws/install/voice_interfaces/include/voice_interfaces/voice_interfaces/action/detail/voice_command__rosidl_typesupport_fastrtps_cpp.hpp
[1.338s] -- Up-to-date: /home/mimi/voice_km/2025_SUMMER_LT/voice_km/voice_km_ws/install/voice_interfaces/include/voice_interfaces/voice_interfaces/action/detail/dds_fastrtps
[1.339s] -- Up-to-date: /home/mimi/voice_km/2025_SUMMER_LT/voice_km/voice_km_ws/install/voice_interfaces/include/voice_interfaces/voice_interfaces/srv
[1.339s] -- Up-to-date: /home/mimi/voice_km/2025_SUMMER_LT/voice_km/voice_km_ws/install/voice_interfaces/include/voice_interfaces/voice_interfaces/srv/detail
[1.339s] -- Up-to-date: /home/mimi/voice_km/2025_SUMMER_LT/voice_km/voice_km_ws/install/voice_interfaces/include/voice_interfaces/voice_interfaces/srv/detail/voice_command__rosidl_typesupport_fastrtps_cpp.hpp
[1.339s] -- Up-to-date: /home/mimi/voice_km/2025_SUMMER_LT/voice_km/voice_km_ws/install/voice_interfaces/include/voice_interfaces/voice_interfaces/srv/detail/dds_fastrtps
[1.339s] -- Up-to-date: /home/mimi/voice_km/2025_SUMMER_LT/voice_km/voice_km_ws/install/voice_interfaces/lib/libvoice_interfaces__rosidl_typesupport_fastrtps_cpp.so
[1.339s] -- Up-to-date: /home/mimi/voice_km/2025_SUMMER_LT/voice_km/voice_km_ws/install/voice_interfaces/include/voice_interfaces/voice_interfaces
[1.339s] -- Up-to-date: /home/mimi/voice_km/2025_SUMMER_LT/voice_km/voice_km_ws/install/voice_interfaces/include/voice_interfaces/voice_interfaces/action
[1.339s] -- Up-to-date: /home/mimi/voice_km/2025_SUMMER_LT/voice_km/voice_km_ws/install/voice_interfaces/include/voice_interfaces/voice_interfaces/action/detail
[1.340s] -- Up-to-date: /home/mimi/voice_km/2025_SUMMER_LT/voice_km/voice_km_ws/install/voice_interfaces/include/voice_interfaces/voice_interfaces/action/detail/voice_command__rosidl_typesupport_introspection_cpp.hpp
[1.340s] -- Up-to-date: /home/mimi/voice_km/2025_SUMMER_LT/voice_km/voice_km_ws/install/voice_interfaces/include/voice_interfaces/voice_interfaces/action/detail/voice_command__type_support.cpp
[1.340s] -- Up-to-date: /home/mimi/voice_km/2025_SUMMER_LT/voice_km/voice_km_ws/install/voice_interfaces/include/voice_interfaces/voice_interfaces/srv
[1.340s] -- Up-to-date: /home/mimi/voice_km/2025_SUMMER_LT/voice_km/voice_km_ws/install/voice_interfaces/include/voice_interfaces/voice_interfaces/srv/detail
[1.340s] -- Up-to-date: /home/mimi/voice_km/2025_SUMMER_LT/voice_km/voice_km_ws/install/voice_interfaces/include/voice_interfaces/voice_interfaces/srv/detail/voice_command__rosidl_typesupport_introspection_cpp.hpp
[1.340s] -- Up-to-date: /home/mimi/voice_km/2025_SUMMER_LT/voice_km/voice_km_ws/install/voice_interfaces/include/voice_interfaces/voice_interfaces/srv/detail/voice_command__type_support.cpp
[1.340s] -- Up-to-date: /home/mimi/voice_km/2025_SUMMER_LT/voice_km/voice_km_ws/install/voice_interfaces/lib/libvoice_interfaces__rosidl_typesupport_introspection_cpp.so
[1.341s] -- Up-to-date: /home/mimi/voice_km/2025_SUMMER_LT/voice_km/voice_km_ws/install/voice_interfaces/lib/libvoice_interfaces__rosidl_typesupport_cpp.so
[1.341s] -- Up-to-date: /home/mimi/voice_km/2025_SUMMER_LT/voice_km/voice_km_ws/install/voice_interfaces/share/voice_interfaces/environment/pythonpath.sh
[1.341s] -- Up-to-date: /home/mimi/voice_km/2025_SUMMER_LT/voice_km/voice_km_ws/install/voice_interfaces/share/voice_interfaces/environment/pythonpath.dsv
[1.341s] -- Up-to-date: /home/mimi/voice_km/2025_SUMMER_LT/voice_km/voice_km_ws/install/voice_interfaces/local/lib/python3.10/dist-packages/voice_interfaces-0.0.0-py3.10.egg-info
[1.341s] -- Installing: /home/mimi/voice_km/2025_SUMMER_LT/voice_km/voice_km_ws/install/voice_interfaces/local/lib/python3.10/dist-packages/voice_interfaces-0.0.0-py3.10.egg-info/SOURCES.txt
[1.341s] -- Installing: /home/mimi/voice_km/2025_SUMMER_LT/voice_km/voice_km_ws/install/voice_interfaces/local/lib/python3.10/dist-packages/voice_interfaces-0.0.0-py3.10.egg-info/dependency_links.txt
[1.341s] -- Installing: /home/mimi/voice_km/2025_SUMMER_LT/voice_km/voice_km_ws/install/voice_interfaces/local/lib/python3.10/dist-packages/voice_interfaces-0.0.0-py3.10.egg-info/top_level.txt
[1.341s] -- Installing: /home/mimi/voice_km/2025_SUMMER_LT/voice_km/voice_km_ws/install/voice_interfaces/local/lib/python3.10/dist-packages/voice_interfaces-0.0.0-py3.10.egg-info/PKG-INFO
[1.342s] -- Up-to-date: /home/mimi/voice_km/2025_SUMMER_LT/voice_km/voice_km_ws/install/voice_interfaces/local/lib/python3.10/dist-packages/voice_interfaces
[1.342s] -- Up-to-date: /home/mimi/voice_km/2025_SUMMER_LT/voice_km/voice_km_ws/install/voice_interfaces/local/lib/python3.10/dist-packages/voice_interfaces/voice_interfaces_s__rosidl_typesupport_introspection_c.cpython-310-x86_64-linux-gnu.so
[1.342s] -- Up-to-date: /home/mimi/voice_km/2025_SUMMER_LT/voice_km/voice_km_ws/install/voice_interfaces/local/lib/python3.10/dist-packages/voice_interfaces/_voice_interfaces_s.ep.rosidl_typesupport_fastrtps_c.c
[1.342s] -- Up-to-date: /home/mimi/voice_km/2025_SUMMER_LT/voice_km/voice_km_ws/install/voice_interfaces/local/lib/python3.10/dist-packages/voice_interfaces/_voice_interfaces_s.ep.rosidl_typesupport_c.c
[1.342s] -- Up-to-date: /home/mimi/voice_km/2025_SUMMER_LT/voice_km/voice_km_ws/install/voice_interfaces/local/lib/python3.10/dist-packages/voice_interfaces/voice_interfaces_s__rosidl_typesupport_c.cpython-310-x86_64-linux-gnu.so
[1.343s] -- Up-to-date: /home/mimi/voice_km/2025_SUMMER_LT/voice_km/voice_km_ws/install/voice_interfaces/local/lib/python3.10/dist-packages/voice_interfaces/_voice_interfaces_s.ep.rosidl_typesupport_introspection_c.c
[1.343s] -- Up-to-date: /home/mimi/voice_km/2025_SUMMER_LT/voice_km/voice_km_ws/install/voice_interfaces/local/lib/python3.10/dist-packages/voice_interfaces/voice_interfaces_s__rosidl_typesupport_fastrtps_c.cpython-310-x86_64-linux-gnu.so
[1.343s] -- Up-to-date: /home/mimi/voice_km/2025_SUMMER_LT/voice_km/voice_km_ws/install/voice_interfaces/local/lib/python3.10/dist-packages/voice_interfaces/libvoice_interfaces__rosidl_generator_py.so
[1.343s] -- Up-to-date: /home/mimi/voice_km/2025_SUMMER_LT/voice_km/voice_km_ws/install/voice_interfaces/local/lib/python3.10/dist-packages/voice_interfaces/action
[1.343s] -- Up-to-date: /home/mimi/voice_km/2025_SUMMER_LT/voice_km/voice_km_ws/install/voice_interfaces/local/lib/python3.10/dist-packages/voice_interfaces/action/_voice_command.py
[1.343s] -- Up-to-date: /home/mimi/voice_km/2025_SUMMER_LT/voice_km/voice_km_ws/install/voice_interfaces/local/lib/python3.10/dist-packages/voice_interfaces/action/__init__.py
[1.343s] -- Up-to-date: /home/mimi/voice_km/2025_SUMMER_LT/voice_km/voice_km_ws/install/voice_interfaces/local/lib/python3.10/dist-packages/voice_interfaces/action/_voice_command_s.c
[1.343s] -- Up-to-date: /home/mimi/voice_km/2025_SUMMER_LT/voice_km/voice_km_ws/install/voice_interfaces/local/lib/python3.10/dist-packages/voice_interfaces/srv
[1.343s] -- Up-to-date: /home/mimi/voice_km/2025_SUMMER_LT/voice_km/voice_km_ws/install/voice_interfaces/local/lib/python3.10/dist-packages/voice_interfaces/srv/_voice_command.py
[1.343s] -- Up-to-date: /home/mimi/voice_km/2025_SUMMER_LT/voice_km/voice_km_ws/install/voice_interfaces/local/lib/python3.10/dist-packages/voice_interfaces/srv/__init__.py
[1.344s] -- Up-to-date: /home/mimi/voice_km/2025_SUMMER_LT/voice_km/voice_km_ws/install/voice_interfaces/local/lib/python3.10/dist-packages/voice_interfaces/srv/_voice_command_s.c
[1.344s] -- Up-to-date: /home/mimi/voice_km/2025_SUMMER_LT/voice_km/voice_km_ws/install/voice_interfaces/local/lib/python3.10/dist-packages/voice_interfaces/__init__.py
[1.446s] Listing '/home/mimi/voice_km/2025_SUMMER_LT/voice_km/voice_km_ws/install/voice_interfaces/local/lib/python3.10/dist-packages/voice_interfaces'...
[1.446s] Listing '/home/mimi/voice_km/2025_SUMMER_LT/voice_km/voice_km_ws/install/voice_interfaces/local/lib/python3.10/dist-packages/voice_interfaces/action'...
[1.446s] Listing '/home/mimi/voice_km/2025_SUMMER_LT/voice_km/voice_km_ws/install/voice_interfaces/local/lib/python3.10/dist-packages/voice_interfaces/srv'...
[1.457s] -- Up-to-date: /home/mimi/voice_km/2025_SUMMER_LT/voice_km/voice_km_ws/install/voice_interfaces/local/lib/python3.10/dist-packages/voice_interfaces/voice_interfaces_s__rosidl_typesupport_fastrtps_c.cpython-310-x86_64-linux-gnu.so
[1.458s] -- Up-to-date: /home/mimi/voice_km/2025_SUMMER_LT/voice_km/voice_km_ws/install/voice_interfaces/local/lib/python3.10/dist-packages/voice_interfaces/voice_interfaces_s__rosidl_typesupport_introspection_c.cpython-310-x86_64-linux-gnu.so
[1.459s] -- Up-to-date: /home/mimi/voice_km/2025_SUMMER_LT/voice_km/voice_km_ws/install/voice_interfaces/local/lib/python3.10/dist-packages/voice_interfaces/voice_interfaces_s__rosidl_typesupport_c.cpython-310-x86_64-linux-gnu.so
[1.460s] -- Up-to-date: /home/mimi/voice_km/2025_SUMMER_LT/voice_km/voice_km_ws/install/voice_interfaces/lib/libvoice_interfaces__rosidl_generator_py.so
[1.461s] -- Up-to-date: /home/mimi/voice_km/2025_SUMMER_LT/voice_km/voice_km_ws/install/voice_interfaces/share/voice_interfaces/srv/VoiceCommand.idl
[1.462s] -- Up-to-date: /home/mimi/voice_km/2025_SUMMER_LT/voice_km/voice_km_ws/install/voice_interfaces/share/voice_interfaces/srv/VoiceCommand.srv
[1.462s] -- Up-to-date: /home/mimi/voice_km/2025_SUMMER_LT/voice_km/voice_km_ws/install/voice_interfaces/share/voice_interfaces/srv/VoiceCommand_Request.msg
[1.462s] -- Up-to-date: /home/mimi/voice_km/2025_SUMMER_LT/voice_km/voice_km_ws/install/voice_interfaces/share/voice_interfaces/srv/VoiceCommand_Response.msg
[1.462s] -- Up-to-date: /home/mimi/voice_km/2025_SUMMER_LT/voice_km/voice_km_ws/install/voice_interfaces/share/ament_index/resource_index/package_run_dependencies/voice_interfaces
[1.463s] -- Up-to-date: /home/mimi/voice_km/2025_SUMMER_LT/voice_km/voice_km_ws/install/voice_interfaces/share/ament_index/resource_index/parent_prefix_path/voice_interfaces
[1.463s] -- Up-to-date: /home/mimi/voice_km/2025_SUMMER_LT/voice_km/voice_km_ws/install/voice_interfaces/share/voice_interfaces/environment/ament_prefix_path.sh
[1.463s] -- Up-to-date: /home/mimi/voice_km/2025_SUMMER_LT/voice_km/voice_km_ws/install/voice_interfaces/share/voice_interfaces/environment/ament_prefix_path.dsv
[1.463s] -- Up-to-date: /home/mimi/voice_km/2025_SUMMER_LT/voice_km/voice_km_ws/install/voice_interfaces/share/voice_interfaces/environment/path.sh
[1.463s] -- Up-to-date: /home/mimi/voice_km/2025_SUMMER_LT/voice_km/voice_km_ws/install/voice_interfaces/share/voice_interfaces/environment/path.dsv
[1.464s] -- Up-to-date: /home/mimi/voice_km/2025_SUMMER_LT/voice_km/voice_km_ws/install/voice_interfaces/share/voice_interfaces/local_setup.bash
[1.464s] -- Up-to-date: /home/mimi/voice_km/2025_SUMMER_LT/voice_km/voice_km_ws/install/voice_interfaces/share/voice_interfaces/local_setup.sh
[1.464s] -- Up-to-date: /home/mimi/voice_km/2025_SUMMER_LT/voice_km/voice_km_ws/install/voice_interfaces/share/voice_interfaces/local_setup.zsh
[1.464s] -- Up-to-date: /home/mimi/voice_km/2025_SUMMER_LT/voice_km/voice_km_ws/install/voice_interfaces/share/voice_interfaces/local_setup.dsv
[1.465s] -- Installing: /home/mimi/voice_km/2025_SUMMER_LT/voice_km/voice_km_ws/install/voice_interfaces/share/voice_interfaces/package.dsv
[1.465s] -- Up-to-date: /home/mimi/voice_km/2025_SUMMER_LT/voice_km/voice_km_ws/install/voice_interfaces/share/ament_index/resource_index/packages/voice_interfaces
[1.465s] -- Up-to-date: /home/mimi/voice_km/2025_SUMMER_LT/voice_km/voice_km_ws/install/voice_interfaces/share/voice_interfaces/cmake/export_voice_interfaces__rosidl_generator_cExport.cmake
[1.465s] -- Up-to-date: /home/mimi/voice_km/2025_SUMMER_LT/voice_km/voice_km_ws/install/voice_interfaces/share/voice_interfaces/cmake/export_voice_interfaces__rosidl_generator_cExport-noconfig.cmake
[1.465s] -- Up-to-date: /home/mimi/voice_km/2025_SUMMER_LT/voice_km/voice_km_ws/install/voice_interfaces/share/voice_interfaces/cmake/export_voice_interfaces__rosidl_typesupport_fastrtps_cExport.cmake
[1.466s] -- Up-to-date: /home/mimi/voice_km/2025_SUMMER_LT/voice_km/voice_km_ws/install/voice_interfaces/share/voice_interfaces/cmake/export_voice_interfaces__rosidl_typesupport_fastrtps_cExport-noconfig.cmake
[1.466s] -- Up-to-date: /home/mimi/voice_km/2025_SUMMER_LT/voice_km/voice_km_ws/install/voice_interfaces/share/voice_interfaces/cmake/voice_interfaces__rosidl_typesupport_introspection_cExport.cmake
[1.467s] -- Up-to-date: /home/mimi/voice_km/2025_SUMMER_LT/voice_km/voice_km_ws/install/voice_interfaces/share/voice_interfaces/cmake/voice_interfaces__rosidl_typesupport_introspection_cExport-noconfig.cmake
[1.467s] -- Up-to-date: /home/mimi/voice_km/2025_SUMMER_LT/voice_km/voice_km_ws/install/voice_interfaces/share/voice_interfaces/cmake/voice_interfaces__rosidl_typesupport_cExport.cmake
[1.467s] -- Up-to-date: /home/mimi/voice_km/2025_SUMMER_LT/voice_km/voice_km_ws/install/voice_interfaces/share/voice_interfaces/cmake/voice_interfaces__rosidl_typesupport_cExport-noconfig.cmake
[1.468s] -- Up-to-date: /home/mimi/voice_km/2025_SUMMER_LT/voice_km/voice_km_ws/install/voice_interfaces/share/voice_interfaces/cmake/export_voice_interfaces__rosidl_generator_cppExport.cmake
[1.469s] -- Up-to-date: /home/mimi/voice_km/2025_SUMMER_LT/voice_km/voice_km_ws/install/voice_interfaces/share/voice_interfaces/cmake/export_voice_interfaces__rosidl_typesupport_fastrtps_cppExport.cmake
[1.469s] -- Up-to-date: /home/mimi/voice_km/2025_SUMMER_LT/voice_km/voice_km_ws/install/voice_interfaces/share/voice_interfaces/cmake/export_voice_interfaces__rosidl_typesupport_fastrtps_cppExport-noconfig.cmake
[1.469s] -- Up-to-date: /home/mimi/voice_km/2025_SUMMER_LT/voice_km/voice_km_ws/install/voice_interfaces/share/voice_interfaces/cmake/voice_interfaces__rosidl_typesupport_introspection_cppExport.cmake
[1.469s] -- Up-to-date: /home/mimi/voice_km/2025_SUMMER_LT/voice_km/voice_km_ws/install/voice_interfaces/share/voice_interfaces/cmake/voice_interfaces__rosidl_typesupport_introspection_cppExport-noconfig.cmake
[1.469s] -- Up-to-date: /home/mimi/voice_km/2025_SUMMER_LT/voice_km/voice_km_ws/install/voice_interfaces/share/voice_interfaces/cmake/voice_interfaces__rosidl_typesupport_cppExport.cmake
[1.470s] -- Up-to-date: /home/mimi/voice_km/2025_SUMMER_LT/voice_km/voice_km_ws/install/voice_interfaces/share/voice_interfaces/cmake/voice_interfaces__rosidl_typesupport_cppExport-noconfig.cmake
[1.470s] -- Up-to-date: /home/mimi/voice_km/2025_SUMMER_LT/voice_km/voice_km_ws/install/voice_interfaces/share/voice_interfaces/cmake/export_voice_interfaces__rosidl_generator_pyExport.cmake
[1.470s] -- Up-to-date: /home/mimi/voice_km/2025_SUMMER_LT/voice_km/voice_km_ws/install/voice_interfaces/share/voice_interfaces/cmake/export_voice_interfaces__rosidl_generator_pyExport-noconfig.cmake
[1.470s] -- Up-to-date: /home/mimi/voice_km/2025_SUMMER_LT/voice_km/voice_km_ws/install/voice_interfaces/share/voice_interfaces/cmake/rosidl_cmake-extras.cmake
[1.470s] -- Up-to-date: /home/mimi/voice_km/2025_SUMMER_LT/voice_km/voice_km_ws/install/voice_interfaces/share/voice_interfaces/cmake/ament_cmake_export_include_directories-extras.cmake
[1.470s] -- Up-to-date: /home/mimi/voice_km/2025_SUMMER_LT/voice_km/voice_km_ws/install/voice_interfaces/share/voice_interfaces/cmake/ament_cmake_export_libraries-extras.cmake
[1.471s] -- Up-to-date: /home/mimi/voice_km/2025_SUMMER_LT/voice_km/voice_km_ws/install/voice_interfaces/share/voice_interfaces/cmake/ament_cmake_export_targets-extras.cmake
[1.472s] -- Up-to-date: /home/mimi/voice_km/2025_SUMMER_LT/voice_km/voice_km_ws/install/voice_interfaces/share/voice_interfaces/cmake/rosidl_cmake_export_typesupport_targets-extras.cmake
[1.472s] -- Up-to-date: /home/mimi/voice_km/2025_SUMMER_LT/voice_km/voice_km_ws/install/voice_interfaces/share/voice_interfaces/cmake/ament_cmake_export_dependencies-extras.cmake
[1.472s] -- Up-to-date: /home/mimi/voice_km/2025_SUMMER_LT/voice_km/voice_km_ws/install/voice_interfaces/share/voice_interfaces/cmake/rosidl_cmake_export_typesupport_libraries-extras.cmake
[1.472s] -- Up-to-date: /home/mimi/voice_km/2025_SUMMER_LT/voice_km/voice_km_ws/install/voice_interfaces/share/voice_interfaces/cmake/voice_interfacesConfig.cmake
[1.472s] -- Up-to-date: /home/mimi/voice_km/2025_SUMMER_LT/voice_km/voice_km_ws/install/voice_interfaces/share/voice_interfaces/cmake/voice_interfacesConfig-version.cmake
[1.473s] -- Up-to-date: /home/mimi/voice_km/2025_SUMMER_LT/voice_km/voice_km_ws/install/voice_interfaces/share/voice_interfaces/package.xml
[1.483s] Invoked command in '/home/mimi/voice_km/2025_SUMMER_LT/voice_km/voice_km_ws/build/voice_interfaces' returned '0': CMAKE_PREFIX_PATH=${CMAKE_PREFIX_PATH}:/home/mimi/voice_km/2025_SUMMER_LT/voice_km/voice_km_ws/install/voice_service:/opt/ros/humble /usr/bin/cmake --install /home/mimi/voice_km/2025_SUMMER_LT/voice_km/voice_km_ws/build/voice_interfaces
