[0.038s] Invoking command in '/home/mimi/voice_km/2025_SUMMER_LT/voice_km/voice_km_ws/build/voice_interfaces': CMAKE_PREFIX_PATH=${CMAKE_PREFIX_PATH}:/home/mimi/voice_km/2025_SUMMER_LT/voice_km/voice_km_ws/install/voice_service:/opt/ros/humble /usr/bin/cmake --build /home/mimi/voice_km/2025_SUMMER_LT/voice_km/voice_km_ws/build/voice_interfaces -- -j8 -l8
[0.243s] [ 12%] Built target voice_interfaces__rosidl_generator_c
[0.243s] [ 12%] Built target voice_interfaces__cpp
[0.274s] [ 12%] Built target ament_cmake_python_copy_voice_interfaces
[0.337s] [ 25%] Built target voice_interfaces__rosidl_typesupport_cpp
[0.337s] [ 32%] Built target voice_interfaces__rosidl_typesupport_introspection_cpp
[0.338s] [ 41%] Built target voice_interfaces__rosidl_typesupport_fastrtps_cpp
[0.359s] [ 51%] Built target voice_interfaces__rosidl_typesupport_introspection_c
[0.363s] [ 67%] Built target voice_interfaces__rosidl_typesupport_c
[0.363s] [ 70%] Built target voice_interfaces__rosidl_typesupport_fastrtps_c
[0.453s] [ 70%] Built target voice_interfaces
[0.543s] [ 74%] Built target voice_interfaces__py
[0.632s] [ 80%] Built target voice_interfaces__rosidl_generator_py
[0.726s] [ 87%] Built target voice_interfaces__rosidl_typesupport_fastrtps_c__pyext
[0.727s] [ 93%] Built target voice_interfaces__rosidl_typesupport_introspection_c__pyext
[0.727s] [100%] Built target voice_interfaces__rosidl_typesupport_c__pyext
[0.941s] running egg_info
[0.943s] writing voice_interfaces.egg-info/PKG-INFO
[0.944s] writing dependency_links to voice_interfaces.egg-info/dependency_links.txt
[0.946s] writing top-level names to voice_interfaces.egg-info/top_level.txt
[0.951s] reading manifest file 'voice_interfaces.egg-info/SOURCES.txt'
[0.953s] writing manifest file 'voice_interfaces.egg-info/SOURCES.txt'
[1.035s] [100%] Built target ament_cmake_python_build_voice_interfaces_egg
[1.082s] Invoked command in '/home/mimi/voice_km/2025_SUMMER_LT/voice_km/voice_km_ws/build/voice_interfaces' returned '0': CMAKE_PREFIX_PATH=${CMAKE_PREFIX_PATH}:/home/mimi/voice_km/2025_SUMMER_LT/voice_km/voice_km_ws/install/voice_service:/opt/ros/humble /usr/bin/cmake --build /home/mimi/voice_km/2025_SUMMER_LT/voice_km/voice_km_ws/build/voice_interfaces -- -j8 -l8
[1.125s] Invoking command in '/home/mimi/voice_km/2025_SUMMER_LT/voice_km/voice_km_ws/build/voice_interfaces': CMAKE_PREFIX_PATH=${CMAKE_PREFIX_PATH}:/home/mimi/voice_km/2025_SUMMER_LT/voice_km/voice_km_ws/install/voice_service:/opt/ros/humble /usr/bin/cmake --install /home/mimi/voice_km/2025_SUMMER_LT/voice_km/voice_km_ws/build/voice_interfaces
[1.155s] -- Install configuration: ""
[1.156s] -- Up-to-date: /home/mimi/voice_km/2025_SUMMER_LT/voice_km/voice_km_ws/install/voice_interfaces/share/ament_index/resource_index/rosidl_interfaces/voice_interfaces
[1.156s] -- Up-to-date: /home/mimi/voice_km/2025_SUMMER_LT/voice_km/voice_km_ws/install/voice_interfaces/include/voice_interfaces/voice_interfaces
[1.157s] -- Up-to-date: /home/mimi/voice_km/2025_SUMMER_LT/voice_km/voice_km_ws/install/voice_interfaces/include/voice_interfaces/voice_interfaces/msg
[1.158s] -- Up-to-date: /home/mimi/voice_km/2025_SUMMER_LT/voice_km/voice_km_ws/install/voice_interfaces/include/voice_interfaces/voice_interfaces/msg/rosidl_generator_c__visibility_control.h
[1.158s] -- Up-to-date: /home/mimi/voice_km/2025_SUMMER_LT/voice_km/voice_km_ws/install/voice_interfaces/include/voice_interfaces/voice_interfaces/action
[1.158s] -- Up-to-date: /home/mimi/voice_km/2025_SUMMER_LT/voice_km/voice_km_ws/install/voice_interfaces/include/voice_interfaces/voice_interfaces/action/detail
[1.158s] -- Up-to-date: /home/mimi/voice_km/2025_SUMMER_LT/voice_km/voice_km_ws/install/voice_interfaces/include/voice_interfaces/voice_interfaces/action/detail/voice_command__type_support.h
[1.159s] -- Up-to-date: /home/mimi/voice_km/2025_SUMMER_LT/voice_km/voice_km_ws/install/voice_interfaces/include/voice_interfaces/voice_interfaces/action/detail/voice_command__struct.h
[1.159s] -- Up-to-date: /home/mimi/voice_km/2025_SUMMER_LT/voice_km/voice_km_ws/install/voice_interfaces/include/voice_interfaces/voice_interfaces/action/detail/voice_command__functions.c
[1.159s] -- Up-to-date: /home/mimi/voice_km/2025_SUMMER_LT/voice_km/voice_km_ws/install/voice_interfaces/include/voice_interfaces/voice_interfaces/action/detail/voice_command__functions.h
[1.159s] -- Up-to-date: /home/mimi/voice_km/2025_SUMMER_LT/voice_km/voice_km_ws/install/voice_interfaces/include/voice_interfaces/voice_interfaces/action/voice_command.h
[1.160s] -- Up-to-date: /home/mimi/voice_km/2025_SUMMER_LT/voice_km/voice_km_ws/install/voice_interfaces/include/voice_interfaces/voice_interfaces/srv
[1.161s] -- Up-to-date: /home/mimi/voice_km/2025_SUMMER_LT/voice_km/voice_km_ws/install/voice_interfaces/include/voice_interfaces/voice_interfaces/srv/detail
[1.161s] -- Up-to-date: /home/mimi/voice_km/2025_SUMMER_LT/voice_km/voice_km_ws/install/voice_interfaces/include/voice_interfaces/voice_interfaces/srv/detail/voice_command__type_support.h
[1.161s] -- Up-to-date: /home/mimi/voice_km/2025_SUMMER_LT/voice_km/voice_km_ws/install/voice_interfaces/include/voice_interfaces/voice_interfaces/srv/detail/voice_command__struct.h
[1.162s] -- Up-to-date: /home/mimi/voice_km/2025_SUMMER_LT/voice_km/voice_km_ws/install/voice_interfaces/include/voice_interfaces/voice_interfaces/srv/detail/voice_command__functions.c
[1.162s] -- Up-to-date: /home/mimi/voice_km/2025_SUMMER_LT/voice_km/voice_km_ws/install/voice_interfaces/include/voice_interfaces/voice_interfaces/srv/detail/voice_command__functions.h
[1.163s] -- Up-to-date: /home/mimi/voice_km/2025_SUMMER_LT/voice_km/voice_km_ws/install/voice_interfaces/include/voice_interfaces/voice_interfaces/srv/voice_command.h
[1.163s] -- Up-to-date: /home/mimi/voice_km/2025_SUMMER_LT/voice_km/voice_km_ws/install/voice_interfaces/share/voice_interfaces/environment/library_path.sh
[1.163s] -- Up-to-date: /home/mimi/voice_km/2025_SUMMER_LT/voice_km/voice_km_ws/install/voice_interfaces/share/voice_interfaces/environment/library_path.dsv
[1.163s] -- Up-to-date: /home/mimi/voice_km/2025_SUMMER_LT/voice_km/voice_km_ws/install/voice_interfaces/lib/libvoice_interfaces__rosidl_generator_c.so
[1.163s] -- Up-to-date: /home/mimi/voice_km/2025_SUMMER_LT/voice_km/voice_km_ws/install/voice_interfaces/include/voice_interfaces/voice_interfaces
[1.164s] -- Up-to-date: /home/mimi/voice_km/2025_SUMMER_LT/voice_km/voice_km_ws/install/voice_interfaces/include/voice_interfaces/voice_interfaces/msg
[1.164s] -- Up-to-date: /home/mimi/voice_km/2025_SUMMER_LT/voice_km/voice_km_ws/install/voice_interfaces/include/voice_interfaces/voice_interfaces/msg/rosidl_typesupport_fastrtps_c__visibility_control.h
[1.164s] -- Up-to-date: /home/mimi/voice_km/2025_SUMMER_LT/voice_km/voice_km_ws/install/voice_interfaces/include/voice_interfaces/voice_interfaces/action
[1.164s] -- Up-to-date: /home/mimi/voice_km/2025_SUMMER_LT/voice_km/voice_km_ws/install/voice_interfaces/include/voice_interfaces/voice_interfaces/action/detail
[1.164s] -- Up-to-date: /home/mimi/voice_km/2025_SUMMER_LT/voice_km/voice_km_ws/install/voice_interfaces/include/voice_interfaces/voice_interfaces/action/detail/voice_command__rosidl_typesupport_fastrtps_c.h
[1.164s] -- Up-to-date: /home/mimi/voice_km/2025_SUMMER_LT/voice_km/voice_km_ws/install/voice_interfaces/include/voice_interfaces/voice_interfaces/srv
[1.164s] -- Up-to-date: /home/mimi/voice_km/2025_SUMMER_LT/voice_km/voice_km_ws/install/voice_interfaces/include/voice_interfaces/voice_interfaces/srv/detail
[1.164s] -- Up-to-date: /home/mimi/voice_km/2025_SUMMER_LT/voice_km/voice_km_ws/install/voice_interfaces/include/voice_interfaces/voice_interfaces/srv/detail/voice_command__rosidl_typesupport_fastrtps_c.h
[1.165s] -- Up-to-date: /home/mimi/voice_km/2025_SUMMER_LT/voice_km/voice_km_ws/install/voice_interfaces/lib/libvoice_interfaces__rosidl_typesupport_fastrtps_c.so
[1.165s] -- Up-to-date: /home/mimi/voice_km/2025_SUMMER_LT/voice_km/voice_km_ws/install/voice_interfaces/include/voice_interfaces/voice_interfaces
[1.165s] -- Up-to-date: /home/mimi/voice_km/2025_SUMMER_LT/voice_km/voice_km_ws/install/voice_interfaces/include/voice_interfaces/voice_interfaces/msg
[1.166s] -- Up-to-date: /home/mimi/voice_km/2025_SUMMER_LT/voice_km/voice_km_ws/install/voice_interfaces/include/voice_interfaces/voice_interfaces/msg/rosidl_typesupport_introspection_c__visibility_control.h
[1.166s] -- Up-to-date: /home/mimi/voice_km/2025_SUMMER_LT/voice_km/voice_km_ws/install/voice_interfaces/include/voice_interfaces/voice_interfaces/action
[1.166s] -- Up-to-date: /home/mimi/voice_km/2025_SUMMER_LT/voice_km/voice_km_ws/install/voice_interfaces/include/voice_interfaces/voice_interfaces/action/detail
[1.166s] -- Up-to-date: /home/mimi/voice_km/2025_SUMMER_LT/voice_km/voice_km_ws/install/voice_interfaces/include/voice_interfaces/voice_interfaces/action/detail/voice_command__rosidl_typesupport_introspection_c.h
[1.166s] -- Up-to-date: /home/mimi/voice_km/2025_SUMMER_LT/voice_km/voice_km_ws/install/voice_interfaces/include/voice_interfaces/voice_interfaces/action/detail/voice_command__type_support.c
[1.167s] -- Up-to-date: /home/mimi/voice_km/2025_SUMMER_LT/voice_km/voice_km_ws/install/voice_interfaces/include/voice_interfaces/voice_interfaces/srv
[1.167s] -- Up-to-date: /home/mimi/voice_km/2025_SUMMER_LT/voice_km/voice_km_ws/install/voice_interfaces/include/voice_interfaces/voice_interfaces/srv/detail
[1.167s] -- Up-to-date: /home/mimi/voice_km/2025_SUMMER_LT/voice_km/voice_km_ws/install/voice_interfaces/include/voice_interfaces/voice_interfaces/srv/detail/voice_command__rosidl_typesupport_introspection_c.h
[1.167s] -- Up-to-date: /home/mimi/voice_km/2025_SUMMER_LT/voice_km/voice_km_ws/install/voice_interfaces/include/voice_interfaces/voice_interfaces/srv/detail/voice_command__type_support.c
[1.167s] -- Up-to-date: /home/mimi/voice_km/2025_SUMMER_LT/voice_km/voice_km_ws/install/voice_interfaces/lib/libvoice_interfaces__rosidl_typesupport_introspection_c.so
[1.167s] -- Up-to-date: /home/mimi/voice_km/2025_SUMMER_LT/voice_km/voice_km_ws/install/voice_interfaces/lib/libvoice_interfaces__rosidl_typesupport_c.so
[1.168s] -- Up-to-date: /home/mimi/voice_km/2025_SUMMER_LT/voice_km/voice_km_ws/install/voice_interfaces/include/voice_interfaces/voice_interfaces
[1.168s] -- Up-to-date: /home/mimi/voice_km/2025_SUMMER_LT/voice_km/voice_km_ws/install/voice_interfaces/include/voice_interfaces/voice_interfaces/msg
[1.168s] -- Up-to-date: /home/mimi/voice_km/2025_SUMMER_LT/voice_km/voice_km_ws/install/voice_interfaces/include/voice_interfaces/voice_interfaces/msg/rosidl_generator_cpp__visibility_control.hpp
[1.168s] -- Up-to-date: /home/mimi/voice_km/2025_SUMMER_LT/voice_km/voice_km_ws/install/voice_interfaces/include/voice_interfaces/voice_interfaces/action
[1.168s] -- Up-to-date: /home/mimi/voice_km/2025_SUMMER_LT/voice_km/voice_km_ws/install/voice_interfaces/include/voice_interfaces/voice_interfaces/action/detail
[1.168s] -- Up-to-date: /home/mimi/voice_km/2025_SUMMER_LT/voice_km/voice_km_ws/install/voice_interfaces/include/voice_interfaces/voice_interfaces/action/detail/voice_command__struct.hpp
[1.168s] -- Up-to-date: /home/mimi/voice_km/2025_SUMMER_LT/voice_km/voice_km_ws/install/voice_interfaces/include/voice_interfaces/voice_interfaces/action/detail/voice_command__type_support.hpp
[1.168s] -- Up-to-date: /home/mimi/voice_km/2025_SUMMER_LT/voice_km/voice_km_ws/install/voice_interfaces/include/voice_interfaces/voice_interfaces/action/detail/voice_command__traits.hpp
[1.168s] -- Up-to-date: /home/mimi/voice_km/2025_SUMMER_LT/voice_km/voice_km_ws/install/voice_interfaces/include/voice_interfaces/voice_interfaces/action/detail/voice_command__builder.hpp
[1.169s] -- Up-to-date: /home/mimi/voice_km/2025_SUMMER_LT/voice_km/voice_km_ws/install/voice_interfaces/include/voice_interfaces/voice_interfaces/action/voice_command.hpp
[1.169s] -- Up-to-date: /home/mimi/voice_km/2025_SUMMER_LT/voice_km/voice_km_ws/install/voice_interfaces/include/voice_interfaces/voice_interfaces/srv
[1.169s] -- Up-to-date: /home/mimi/voice_km/2025_SUMMER_LT/voice_km/voice_km_ws/install/voice_interfaces/include/voice_interfaces/voice_interfaces/srv/detail
[1.170s] -- Up-to-date: /home/mimi/voice_km/2025_SUMMER_LT/voice_km/voice_km_ws/install/voice_interfaces/include/voice_interfaces/voice_interfaces/srv/detail/voice_command__struct.hpp
[1.170s] -- Up-to-date: /home/mimi/voice_km/2025_SUMMER_LT/voice_km/voice_km_ws/install/voice_interfaces/include/voice_interfaces/voice_interfaces/srv/detail/voice_command__type_support.hpp
[1.170s] -- Up-to-date: /home/mimi/voice_km/2025_SUMMER_LT/voice_km/voice_km_ws/install/voice_interfaces/include/voice_interfaces/voice_interfaces/srv/detail/voice_command__traits.hpp
[1.171s] -- Up-to-date: /home/mimi/voice_km/2025_SUMMER_LT/voice_km/voice_km_ws/install/voice_interfaces/include/voice_interfaces/voice_interfaces/srv/detail/voice_command__builder.hpp
[1.171s] -- Up-to-date: /home/mimi/voice_km/2025_SUMMER_LT/voice_km/voice_km_ws/install/voice_interfaces/include/voice_interfaces/voice_interfaces/srv/voice_command.hpp
[1.172s] -- Up-to-date: /home/mimi/voice_km/2025_SUMMER_LT/voice_km/voice_km_ws/install/voice_interfaces/include/voice_interfaces/voice_interfaces
[1.172s] -- Up-to-date: /home/mimi/voice_km/2025_SUMMER_LT/voice_km/voice_km_ws/install/voice_interfaces/include/voice_interfaces/voice_interfaces/msg
[1.172s] -- Up-to-date: /home/mimi/voice_km/2025_SUMMER_LT/voice_km/voice_km_ws/install/voice_interfaces/include/voice_interfaces/voice_interfaces/msg/rosidl_typesupport_fastrtps_cpp__visibility_control.h
[1.172s] -- Up-to-date: /home/mimi/voice_km/2025_SUMMER_LT/voice_km/voice_km_ws/install/voice_interfaces/include/voice_interfaces/voice_interfaces/action
[1.172s] -- Up-to-date: /home/mimi/voice_km/2025_SUMMER_LT/voice_km/voice_km_ws/install/voice_interfaces/include/voice_interfaces/voice_interfaces/action/detail
[1.172s] -- Up-to-date: /home/mimi/voice_km/2025_SUMMER_LT/voice_km/voice_km_ws/install/voice_interfaces/include/voice_interfaces/voice_interfaces/action/detail/voice_command__rosidl_typesupport_fastrtps_cpp.hpp
[1.172s] -- Up-to-date: /home/mimi/voice_km/2025_SUMMER_LT/voice_km/voice_km_ws/install/voice_interfaces/include/voice_interfaces/voice_interfaces/action/detail/dds_fastrtps
[1.173s] -- Up-to-date: /home/mimi/voice_km/2025_SUMMER_LT/voice_km/voice_km_ws/install/voice_interfaces/include/voice_interfaces/voice_interfaces/srv
[1.173s] -- Up-to-date: /home/mimi/voice_km/2025_SUMMER_LT/voice_km/voice_km_ws/install/voice_interfaces/include/voice_interfaces/voice_interfaces/srv/detail
[1.173s] -- Up-to-date: /home/mimi/voice_km/2025_SUMMER_LT/voice_km/voice_km_ws/install/voice_interfaces/include/voice_interfaces/voice_interfaces/srv/detail/voice_command__rosidl_typesupport_fastrtps_cpp.hpp
[1.173s] -- Up-to-date: /home/mimi/voice_km/2025_SUMMER_LT/voice_km/voice_km_ws/install/voice_interfaces/include/voice_interfaces/voice_interfaces/srv/detail/dds_fastrtps
[1.173s] -- Up-to-date: /home/mimi/voice_km/2025_SUMMER_LT/voice_km/voice_km_ws/install/voice_interfaces/lib/libvoice_interfaces__rosidl_typesupport_fastrtps_cpp.so
[1.173s] -- Up-to-date: /home/mimi/voice_km/2025_SUMMER_LT/voice_km/voice_km_ws/install/voice_interfaces/include/voice_interfaces/voice_interfaces
[1.173s] -- Up-to-date: /home/mimi/voice_km/2025_SUMMER_LT/voice_km/voice_km_ws/install/voice_interfaces/include/voice_interfaces/voice_interfaces/action
[1.173s] -- Up-to-date: /home/mimi/voice_km/2025_SUMMER_LT/voice_km/voice_km_ws/install/voice_interfaces/include/voice_interfaces/voice_interfaces/action/detail
[1.173s] -- Up-to-date: /home/mimi/voice_km/2025_SUMMER_LT/voice_km/voice_km_ws/install/voice_interfaces/include/voice_interfaces/voice_interfaces/action/detail/voice_command__rosidl_typesupport_introspection_cpp.hpp
[1.173s] -- Up-to-date: /home/mimi/voice_km/2025_SUMMER_LT/voice_km/voice_km_ws/install/voice_interfaces/include/voice_interfaces/voice_interfaces/action/detail/voice_command__type_support.cpp
[1.173s] -- Up-to-date: /home/mimi/voice_km/2025_SUMMER_LT/voice_km/voice_km_ws/install/voice_interfaces/include/voice_interfaces/voice_interfaces/srv
[1.174s] -- Up-to-date: /home/mimi/voice_km/2025_SUMMER_LT/voice_km/voice_km_ws/install/voice_interfaces/include/voice_interfaces/voice_interfaces/srv/detail
[1.174s] -- Up-to-date: /home/mimi/voice_km/2025_SUMMER_LT/voice_km/voice_km_ws/install/voice_interfaces/include/voice_interfaces/voice_interfaces/srv/detail/voice_command__rosidl_typesupport_introspection_cpp.hpp
[1.174s] -- Up-to-date: /home/mimi/voice_km/2025_SUMMER_LT/voice_km/voice_km_ws/install/voice_interfaces/include/voice_interfaces/voice_interfaces/srv/detail/voice_command__type_support.cpp
[1.174s] -- Up-to-date: /home/mimi/voice_km/2025_SUMMER_LT/voice_km/voice_km_ws/install/voice_interfaces/lib/libvoice_interfaces__rosidl_typesupport_introspection_cpp.so
[1.175s] -- Up-to-date: /home/mimi/voice_km/2025_SUMMER_LT/voice_km/voice_km_ws/install/voice_interfaces/lib/libvoice_interfaces__rosidl_typesupport_cpp.so
[1.175s] -- Up-to-date: /home/mimi/voice_km/2025_SUMMER_LT/voice_km/voice_km_ws/install/voice_interfaces/share/voice_interfaces/environment/pythonpath.sh
[1.175s] -- Up-to-date: /home/mimi/voice_km/2025_SUMMER_LT/voice_km/voice_km_ws/install/voice_interfaces/share/voice_interfaces/environment/pythonpath.dsv
[1.175s] -- Up-to-date: /home/mimi/voice_km/2025_SUMMER_LT/voice_km/voice_km_ws/install/voice_interfaces/local/lib/python3.10/dist-packages/voice_interfaces-0.0.0-py3.10.egg-info
[1.175s] -- Installing: /home/mimi/voice_km/2025_SUMMER_LT/voice_km/voice_km_ws/install/voice_interfaces/local/lib/python3.10/dist-packages/voice_interfaces-0.0.0-py3.10.egg-info/SOURCES.txt
[1.175s] -- Installing: /home/mimi/voice_km/2025_SUMMER_LT/voice_km/voice_km_ws/install/voice_interfaces/local/lib/python3.10/dist-packages/voice_interfaces-0.0.0-py3.10.egg-info/dependency_links.txt
[1.175s] -- Installing: /home/mimi/voice_km/2025_SUMMER_LT/voice_km/voice_km_ws/install/voice_interfaces/local/lib/python3.10/dist-packages/voice_interfaces-0.0.0-py3.10.egg-info/top_level.txt
[1.176s] -- Installing: /home/mimi/voice_km/2025_SUMMER_LT/voice_km/voice_km_ws/install/voice_interfaces/local/lib/python3.10/dist-packages/voice_interfaces-0.0.0-py3.10.egg-info/PKG-INFO
[1.176s] -- Up-to-date: /home/mimi/voice_km/2025_SUMMER_LT/voice_km/voice_km_ws/install/voice_interfaces/local/lib/python3.10/dist-packages/voice_interfaces
[1.176s] -- Up-to-date: /home/mimi/voice_km/2025_SUMMER_LT/voice_km/voice_km_ws/install/voice_interfaces/local/lib/python3.10/dist-packages/voice_interfaces/voice_interfaces_s__rosidl_typesupport_introspection_c.cpython-310-x86_64-linux-gnu.so
[1.176s] -- Up-to-date: /home/mimi/voice_km/2025_SUMMER_LT/voice_km/voice_km_ws/install/voice_interfaces/local/lib/python3.10/dist-packages/voice_interfaces/_voice_interfaces_s.ep.rosidl_typesupport_fastrtps_c.c
[1.176s] -- Up-to-date: /home/mimi/voice_km/2025_SUMMER_LT/voice_km/voice_km_ws/install/voice_interfaces/local/lib/python3.10/dist-packages/voice_interfaces/_voice_interfaces_s.ep.rosidl_typesupport_c.c
[1.176s] -- Up-to-date: /home/mimi/voice_km/2025_SUMMER_LT/voice_km/voice_km_ws/install/voice_interfaces/local/lib/python3.10/dist-packages/voice_interfaces/voice_interfaces_s__rosidl_typesupport_c.cpython-310-x86_64-linux-gnu.so
[1.177s] -- Up-to-date: /home/mimi/voice_km/2025_SUMMER_LT/voice_km/voice_km_ws/install/voice_interfaces/local/lib/python3.10/dist-packages/voice_interfaces/_voice_interfaces_s.ep.rosidl_typesupport_introspection_c.c
[1.177s] -- Up-to-date: /home/mimi/voice_km/2025_SUMMER_LT/voice_km/voice_km_ws/install/voice_interfaces/local/lib/python3.10/dist-packages/voice_interfaces/voice_interfaces_s__rosidl_typesupport_fastrtps_c.cpython-310-x86_64-linux-gnu.so
[1.177s] -- Up-to-date: /home/mimi/voice_km/2025_SUMMER_LT/voice_km/voice_km_ws/install/voice_interfaces/local/lib/python3.10/dist-packages/voice_interfaces/libvoice_interfaces__rosidl_generator_py.so
[1.177s] -- Up-to-date: /home/mimi/voice_km/2025_SUMMER_LT/voice_km/voice_km_ws/install/voice_interfaces/local/lib/python3.10/dist-packages/voice_interfaces/action
[1.177s] -- Up-to-date: /home/mimi/voice_km/2025_SUMMER_LT/voice_km/voice_km_ws/install/voice_interfaces/local/lib/python3.10/dist-packages/voice_interfaces/action/_voice_command.py
[1.178s] -- Up-to-date: /home/mimi/voice_km/2025_SUMMER_LT/voice_km/voice_km_ws/install/voice_interfaces/local/lib/python3.10/dist-packages/voice_interfaces/action/__init__.py
[1.178s] -- Up-to-date: /home/mimi/voice_km/2025_SUMMER_LT/voice_km/voice_km_ws/install/voice_interfaces/local/lib/python3.10/dist-packages/voice_interfaces/action/_voice_command_s.c
[1.178s] -- Up-to-date: /home/mimi/voice_km/2025_SUMMER_LT/voice_km/voice_km_ws/install/voice_interfaces/local/lib/python3.10/dist-packages/voice_interfaces/srv
[1.179s] -- Up-to-date: /home/mimi/voice_km/2025_SUMMER_LT/voice_km/voice_km_ws/install/voice_interfaces/local/lib/python3.10/dist-packages/voice_interfaces/srv/_voice_command.py
[1.179s] -- Up-to-date: /home/mimi/voice_km/2025_SUMMER_LT/voice_km/voice_km_ws/install/voice_interfaces/local/lib/python3.10/dist-packages/voice_interfaces/srv/__init__.py
[1.179s] -- Up-to-date: /home/mimi/voice_km/2025_SUMMER_LT/voice_km/voice_km_ws/install/voice_interfaces/local/lib/python3.10/dist-packages/voice_interfaces/srv/_voice_command_s.c
[1.179s] -- Up-to-date: /home/mimi/voice_km/2025_SUMMER_LT/voice_km/voice_km_ws/install/voice_interfaces/local/lib/python3.10/dist-packages/voice_interfaces/__init__.py
[1.260s] Listing '/home/mimi/voice_km/2025_SUMMER_LT/voice_km/voice_km_ws/install/voice_interfaces/local/lib/python3.10/dist-packages/voice_interfaces'...
[1.260s] Listing '/home/mimi/voice_km/2025_SUMMER_LT/voice_km/voice_km_ws/install/voice_interfaces/local/lib/python3.10/dist-packages/voice_interfaces/action'...
[1.260s] Listing '/home/mimi/voice_km/2025_SUMMER_LT/voice_km/voice_km_ws/install/voice_interfaces/local/lib/python3.10/dist-packages/voice_interfaces/srv'...
[1.275s] -- Up-to-date: /home/mimi/voice_km/2025_SUMMER_LT/voice_km/voice_km_ws/install/voice_interfaces/local/lib/python3.10/dist-packages/voice_interfaces/voice_interfaces_s__rosidl_typesupport_fastrtps_c.cpython-310-x86_64-linux-gnu.so
[1.276s] -- Up-to-date: /home/mimi/voice_km/2025_SUMMER_LT/voice_km/voice_km_ws/install/voice_interfaces/local/lib/python3.10/dist-packages/voice_interfaces/voice_interfaces_s__rosidl_typesupport_introspection_c.cpython-310-x86_64-linux-gnu.so
[1.277s] -- Up-to-date: /home/mimi/voice_km/2025_SUMMER_LT/voice_km/voice_km_ws/install/voice_interfaces/local/lib/python3.10/dist-packages/voice_interfaces/voice_interfaces_s__rosidl_typesupport_c.cpython-310-x86_64-linux-gnu.so
[1.278s] -- Up-to-date: /home/mimi/voice_km/2025_SUMMER_LT/voice_km/voice_km_ws/install/voice_interfaces/lib/libvoice_interfaces__rosidl_generator_py.so
[1.279s] -- Up-to-date: /home/mimi/voice_km/2025_SUMMER_LT/voice_km/voice_km_ws/install/voice_interfaces/share/voice_interfaces/srv/VoiceCommand.idl
[1.279s] -- Up-to-date: /home/mimi/voice_km/2025_SUMMER_LT/voice_km/voice_km_ws/install/voice_interfaces/share/voice_interfaces/srv/VoiceCommand.srv
[1.280s] -- Up-to-date: /home/mimi/voice_km/2025_SUMMER_LT/voice_km/voice_km_ws/install/voice_interfaces/share/voice_interfaces/srv/VoiceCommand_Request.msg
[1.281s] -- Up-to-date: /home/mimi/voice_km/2025_SUMMER_LT/voice_km/voice_km_ws/install/voice_interfaces/share/voice_interfaces/srv/VoiceCommand_Response.msg
[1.281s] -- Up-to-date: /home/mimi/voice_km/2025_SUMMER_LT/voice_km/voice_km_ws/install/voice_interfaces/share/ament_index/resource_index/package_run_dependencies/voice_interfaces
[1.281s] -- Up-to-date: /home/mimi/voice_km/2025_SUMMER_LT/voice_km/voice_km_ws/install/voice_interfaces/share/ament_index/resource_index/parent_prefix_path/voice_interfaces
[1.282s] -- Up-to-date: /home/mimi/voice_km/2025_SUMMER_LT/voice_km/voice_km_ws/install/voice_interfaces/share/voice_interfaces/environment/ament_prefix_path.sh
[1.282s] -- Up-to-date: /home/mimi/voice_km/2025_SUMMER_LT/voice_km/voice_km_ws/install/voice_interfaces/share/voice_interfaces/environment/ament_prefix_path.dsv
[1.282s] -- Up-to-date: /home/mimi/voice_km/2025_SUMMER_LT/voice_km/voice_km_ws/install/voice_interfaces/share/voice_interfaces/environment/path.sh
[1.283s] -- Up-to-date: /home/mimi/voice_km/2025_SUMMER_LT/voice_km/voice_km_ws/install/voice_interfaces/share/voice_interfaces/environment/path.dsv
[1.284s] -- Up-to-date: /home/mimi/voice_km/2025_SUMMER_LT/voice_km/voice_km_ws/install/voice_interfaces/share/voice_interfaces/local_setup.bash
[1.284s] -- Up-to-date: /home/mimi/voice_km/2025_SUMMER_LT/voice_km/voice_km_ws/install/voice_interfaces/share/voice_interfaces/local_setup.sh
[1.285s] -- Up-to-date: /home/mimi/voice_km/2025_SUMMER_LT/voice_km/voice_km_ws/install/voice_interfaces/share/voice_interfaces/local_setup.zsh
[1.285s] -- Up-to-date: /home/mimi/voice_km/2025_SUMMER_LT/voice_km/voice_km_ws/install/voice_interfaces/share/voice_interfaces/local_setup.dsv
[1.285s] -- Installing: /home/mimi/voice_km/2025_SUMMER_LT/voice_km/voice_km_ws/install/voice_interfaces/share/voice_interfaces/package.dsv
[1.286s] -- Up-to-date: /home/mimi/voice_km/2025_SUMMER_LT/voice_km/voice_km_ws/install/voice_interfaces/share/ament_index/resource_index/packages/voice_interfaces
[1.286s] -- Up-to-date: /home/mimi/voice_km/2025_SUMMER_LT/voice_km/voice_km_ws/install/voice_interfaces/share/voice_interfaces/cmake/export_voice_interfaces__rosidl_generator_cExport.cmake
[1.287s] -- Up-to-date: /home/mimi/voice_km/2025_SUMMER_LT/voice_km/voice_km_ws/install/voice_interfaces/share/voice_interfaces/cmake/export_voice_interfaces__rosidl_generator_cExport-noconfig.cmake
[1.288s] -- Up-to-date: /home/mimi/voice_km/2025_SUMMER_LT/voice_km/voice_km_ws/install/voice_interfaces/share/voice_interfaces/cmake/export_voice_interfaces__rosidl_typesupport_fastrtps_cExport.cmake
[1.288s] -- Up-to-date: /home/mimi/voice_km/2025_SUMMER_LT/voice_km/voice_km_ws/install/voice_interfaces/share/voice_interfaces/cmake/export_voice_interfaces__rosidl_typesupport_fastrtps_cExport-noconfig.cmake
[1.288s] -- Up-to-date: /home/mimi/voice_km/2025_SUMMER_LT/voice_km/voice_km_ws/install/voice_interfaces/share/voice_interfaces/cmake/voice_interfaces__rosidl_typesupport_introspection_cExport.cmake
[1.288s] -- Up-to-date: /home/mimi/voice_km/2025_SUMMER_LT/voice_km/voice_km_ws/install/voice_interfaces/share/voice_interfaces/cmake/voice_interfaces__rosidl_typesupport_introspection_cExport-noconfig.cmake
[1.289s] -- Up-to-date: /home/mimi/voice_km/2025_SUMMER_LT/voice_km/voice_km_ws/install/voice_interfaces/share/voice_interfaces/cmake/voice_interfaces__rosidl_typesupport_cExport.cmake
[1.289s] -- Up-to-date: /home/mimi/voice_km/2025_SUMMER_LT/voice_km/voice_km_ws/install/voice_interfaces/share/voice_interfaces/cmake/voice_interfaces__rosidl_typesupport_cExport-noconfig.cmake
[1.290s] -- Up-to-date: /home/mimi/voice_km/2025_SUMMER_LT/voice_km/voice_km_ws/install/voice_interfaces/share/voice_interfaces/cmake/export_voice_interfaces__rosidl_generator_cppExport.cmake
[1.291s] -- Up-to-date: /home/mimi/voice_km/2025_SUMMER_LT/voice_km/voice_km_ws/install/voice_interfaces/share/voice_interfaces/cmake/export_voice_interfaces__rosidl_typesupport_fastrtps_cppExport.cmake
[1.291s] -- Up-to-date: /home/mimi/voice_km/2025_SUMMER_LT/voice_km/voice_km_ws/install/voice_interfaces/share/voice_interfaces/cmake/export_voice_interfaces__rosidl_typesupport_fastrtps_cppExport-noconfig.cmake
[1.291s] -- Up-to-date: /home/mimi/voice_km/2025_SUMMER_LT/voice_km/voice_km_ws/install/voice_interfaces/share/voice_interfaces/cmake/voice_interfaces__rosidl_typesupport_introspection_cppExport.cmake
[1.291s] -- Up-to-date: /home/mimi/voice_km/2025_SUMMER_LT/voice_km/voice_km_ws/install/voice_interfaces/share/voice_interfaces/cmake/voice_interfaces__rosidl_typesupport_introspection_cppExport-noconfig.cmake
[1.291s] -- Up-to-date: /home/mimi/voice_km/2025_SUMMER_LT/voice_km/voice_km_ws/install/voice_interfaces/share/voice_interfaces/cmake/voice_interfaces__rosidl_typesupport_cppExport.cmake
[1.291s] -- Up-to-date: /home/mimi/voice_km/2025_SUMMER_LT/voice_km/voice_km_ws/install/voice_interfaces/share/voice_interfaces/cmake/voice_interfaces__rosidl_typesupport_cppExport-noconfig.cmake
[1.291s] -- Up-to-date: /home/mimi/voice_km/2025_SUMMER_LT/voice_km/voice_km_ws/install/voice_interfaces/share/voice_interfaces/cmake/export_voice_interfaces__rosidl_generator_pyExport.cmake
[1.292s] -- Up-to-date: /home/mimi/voice_km/2025_SUMMER_LT/voice_km/voice_km_ws/install/voice_interfaces/share/voice_interfaces/cmake/export_voice_interfaces__rosidl_generator_pyExport-noconfig.cmake
[1.292s] -- Up-to-date: /home/mimi/voice_km/2025_SUMMER_LT/voice_km/voice_km_ws/install/voice_interfaces/share/voice_interfaces/cmake/rosidl_cmake-extras.cmake
[1.292s] -- Up-to-date: /home/mimi/voice_km/2025_SUMMER_LT/voice_km/voice_km_ws/install/voice_interfaces/share/voice_interfaces/cmake/ament_cmake_export_include_directories-extras.cmake
[1.292s] -- Up-to-date: /home/mimi/voice_km/2025_SUMMER_LT/voice_km/voice_km_ws/install/voice_interfaces/share/voice_interfaces/cmake/ament_cmake_export_libraries-extras.cmake
[1.292s] -- Up-to-date: /home/mimi/voice_km/2025_SUMMER_LT/voice_km/voice_km_ws/install/voice_interfaces/share/voice_interfaces/cmake/ament_cmake_export_targets-extras.cmake
[1.292s] -- Up-to-date: /home/mimi/voice_km/2025_SUMMER_LT/voice_km/voice_km_ws/install/voice_interfaces/share/voice_interfaces/cmake/rosidl_cmake_export_typesupport_targets-extras.cmake
[1.293s] -- Up-to-date: /home/mimi/voice_km/2025_SUMMER_LT/voice_km/voice_km_ws/install/voice_interfaces/share/voice_interfaces/cmake/ament_cmake_export_dependencies-extras.cmake
[1.293s] -- Up-to-date: /home/mimi/voice_km/2025_SUMMER_LT/voice_km/voice_km_ws/install/voice_interfaces/share/voice_interfaces/cmake/rosidl_cmake_export_typesupport_libraries-extras.cmake
[1.293s] -- Up-to-date: /home/mimi/voice_km/2025_SUMMER_LT/voice_km/voice_km_ws/install/voice_interfaces/share/voice_interfaces/cmake/voice_interfacesConfig.cmake
[1.293s] -- Up-to-date: /home/mimi/voice_km/2025_SUMMER_LT/voice_km/voice_km_ws/install/voice_interfaces/share/voice_interfaces/cmake/voice_interfacesConfig-version.cmake
[1.293s] -- Up-to-date: /home/mimi/voice_km/2025_SUMMER_LT/voice_km/voice_km_ws/install/voice_interfaces/share/voice_interfaces/package.xml
[1.299s] Invoked command in '/home/mimi/voice_km/2025_SUMMER_LT/voice_km/voice_km_ws/build/voice_interfaces' returned '0': CMAKE_PREFIX_PATH=${CMAKE_PREFIX_PATH}:/home/mimi/voice_km/2025_SUMMER_LT/voice_km/voice_km_ws/install/voice_service:/opt/ros/humble /usr/bin/cmake --install /home/mimi/voice_km/2025_SUMMER_LT/voice_km/voice_km_ws/build/voice_interfaces
