[0.046s] Invoking command in '/home/mimi/voice_km/2025_SUMMER_LT/voice_km/voice_km_ws/build/voice_interfaces': CMAKE_PREFIX_PATH=${CMAKE_PREFIX_PATH}:/home/mimi/voice_km/2025_SUMMER_LT/voice_km/voice_km_ws/install/voice_service:/opt/ros/humble /usr/bin/cmake --build /home/mimi/voice_km/2025_SUMMER_LT/voice_km/voice_km_ws/build/voice_interfaces -- -j8 -l8
[0.258s] [  3%] Built target voice_interfaces__cpp
[0.258s] [ 12%] Built target voice_interfaces__rosidl_generator_c
[0.301s] [ 12%] Built target ament_cmake_python_copy_voice_interfaces
[0.353s] [ 22%] Built target voice_interfaces__rosidl_typesupport_cpp
[0.381s] [ 32%] Built target voice_interfaces__rosidl_typesupport_introspection_cpp
[0.387s] [ 41%] Built target voice_interfaces__rosidl_typesupport_fastrtps_cpp
[0.420s] [ 51%] Built target voice_interfaces__rosidl_typesupport_c
[0.429s] [ 61%] Built target voice_interfaces__rosidl_typesupport_fastrtps_c
[0.455s] [ 70%] Built target voice_interfaces__rosidl_typesupport_introspection_c
[0.593s] [ 70%] Built target voice_interfaces
[0.702s] [ 74%] Built target voice_interfaces__py
[0.818s] [ 80%] Built target voice_interfaces__rosidl_generator_py
[0.922s] [ 87%] Built target voice_interfaces__rosidl_typesupport_fastrtps_c__pyext
[0.935s] [ 93%] Built target voice_interfaces__rosidl_typesupport_c__pyext
[0.939s] [100%] Built target voice_interfaces__rosidl_typesupport_introspection_c__pyext
[1.103s] running egg_info
[1.104s] writing voice_interfaces.egg-info/PKG-INFO
[1.105s] writing dependency_links to voice_interfaces.egg-info/dependency_links.txt
[1.106s] writing top-level names to voice_interfaces.egg-info/top_level.txt
[1.112s] reading manifest file 'voice_interfaces.egg-info/SOURCES.txt'
[1.113s] writing manifest file 'voice_interfaces.egg-info/SOURCES.txt'
[1.224s] [100%] Built target ament_cmake_python_build_voice_interfaces_egg
[1.280s] Invoked command in '/home/mimi/voice_km/2025_SUMMER_LT/voice_km/voice_km_ws/build/voice_interfaces' returned '0': CMAKE_PREFIX_PATH=${CMAKE_PREFIX_PATH}:/home/mimi/voice_km/2025_SUMMER_LT/voice_km/voice_km_ws/install/voice_service:/opt/ros/humble /usr/bin/cmake --build /home/mimi/voice_km/2025_SUMMER_LT/voice_km/voice_km_ws/build/voice_interfaces -- -j8 -l8
[1.323s] Invoking command in '/home/mimi/voice_km/2025_SUMMER_LT/voice_km/voice_km_ws/build/voice_interfaces': CMAKE_PREFIX_PATH=${CMAKE_PREFIX_PATH}:/home/mimi/voice_km/2025_SUMMER_LT/voice_km/voice_km_ws/install/voice_service:/opt/ros/humble /usr/bin/cmake --install /home/mimi/voice_km/2025_SUMMER_LT/voice_km/voice_km_ws/build/voice_interfaces
[1.358s] -- Install configuration: ""
[1.358s] -- Up-to-date: /home/mimi/voice_km/2025_SUMMER_LT/voice_km/voice_km_ws/install/voice_interfaces/share/ament_index/resource_index/rosidl_interfaces/voice_interfaces
[1.358s] -- Up-to-date: /home/mimi/voice_km/2025_SUMMER_LT/voice_km/voice_km_ws/install/voice_interfaces/include/voice_interfaces/voice_interfaces
[1.358s] -- Up-to-date: /home/mimi/voice_km/2025_SUMMER_LT/voice_km/voice_km_ws/install/voice_interfaces/include/voice_interfaces/voice_interfaces/msg
[1.359s] -- Up-to-date: /home/mimi/voice_km/2025_SUMMER_LT/voice_km/voice_km_ws/install/voice_interfaces/include/voice_interfaces/voice_interfaces/msg/rosidl_generator_c__visibility_control.h
[1.360s] -- Up-to-date: /home/mimi/voice_km/2025_SUMMER_LT/voice_km/voice_km_ws/install/voice_interfaces/include/voice_interfaces/voice_interfaces/action
[1.360s] -- Up-to-date: /home/mimi/voice_km/2025_SUMMER_LT/voice_km/voice_km_ws/install/voice_interfaces/include/voice_interfaces/voice_interfaces/action/detail
[1.361s] -- Up-to-date: /home/mimi/voice_km/2025_SUMMER_LT/voice_km/voice_km_ws/install/voice_interfaces/include/voice_interfaces/voice_interfaces/action/detail/voice_command__type_support.h
[1.362s] -- Up-to-date: /home/mimi/voice_km/2025_SUMMER_LT/voice_km/voice_km_ws/install/voice_interfaces/include/voice_interfaces/voice_interfaces/action/detail/voice_command__struct.h
[1.363s] -- Up-to-date: /home/mimi/voice_km/2025_SUMMER_LT/voice_km/voice_km_ws/install/voice_interfaces/include/voice_interfaces/voice_interfaces/action/detail/voice_command__functions.c
[1.363s] -- Up-to-date: /home/mimi/voice_km/2025_SUMMER_LT/voice_km/voice_km_ws/install/voice_interfaces/include/voice_interfaces/voice_interfaces/action/detail/voice_command__functions.h
[1.363s] -- Up-to-date: /home/mimi/voice_km/2025_SUMMER_LT/voice_km/voice_km_ws/install/voice_interfaces/include/voice_interfaces/voice_interfaces/action/voice_command.h
[1.363s] -- Up-to-date: /home/mimi/voice_km/2025_SUMMER_LT/voice_km/voice_km_ws/install/voice_interfaces/include/voice_interfaces/voice_interfaces/srv
[1.365s] -- Up-to-date: /home/mimi/voice_km/2025_SUMMER_LT/voice_km/voice_km_ws/install/voice_interfaces/include/voice_interfaces/voice_interfaces/srv/detail
[1.366s] -- Up-to-date: /home/mimi/voice_km/2025_SUMMER_LT/voice_km/voice_km_ws/install/voice_interfaces/include/voice_interfaces/voice_interfaces/srv/detail/voice_command__type_support.h
[1.366s] -- Up-to-date: /home/mimi/voice_km/2025_SUMMER_LT/voice_km/voice_km_ws/install/voice_interfaces/include/voice_interfaces/voice_interfaces/srv/detail/voice_command__struct.h
[1.367s] -- Up-to-date: /home/mimi/voice_km/2025_SUMMER_LT/voice_km/voice_km_ws/install/voice_interfaces/include/voice_interfaces/voice_interfaces/srv/detail/voice_command__functions.c
[1.367s] -- Up-to-date: /home/mimi/voice_km/2025_SUMMER_LT/voice_km/voice_km_ws/install/voice_interfaces/include/voice_interfaces/voice_interfaces/srv/detail/voice_command__functions.h
[1.368s] -- Up-to-date: /home/mimi/voice_km/2025_SUMMER_LT/voice_km/voice_km_ws/install/voice_interfaces/include/voice_interfaces/voice_interfaces/srv/voice_command.h
[1.368s] -- Up-to-date: /home/mimi/voice_km/2025_SUMMER_LT/voice_km/voice_km_ws/install/voice_interfaces/share/voice_interfaces/environment/library_path.sh
[1.368s] -- Up-to-date: /home/mimi/voice_km/2025_SUMMER_LT/voice_km/voice_km_ws/install/voice_interfaces/share/voice_interfaces/environment/library_path.dsv
[1.368s] -- Up-to-date: /home/mimi/voice_km/2025_SUMMER_LT/voice_km/voice_km_ws/install/voice_interfaces/lib/libvoice_interfaces__rosidl_generator_c.so
[1.368s] -- Up-to-date: /home/mimi/voice_km/2025_SUMMER_LT/voice_km/voice_km_ws/install/voice_interfaces/include/voice_interfaces/voice_interfaces
[1.369s] -- Up-to-date: /home/mimi/voice_km/2025_SUMMER_LT/voice_km/voice_km_ws/install/voice_interfaces/include/voice_interfaces/voice_interfaces/msg
[1.369s] -- Up-to-date: /home/mimi/voice_km/2025_SUMMER_LT/voice_km/voice_km_ws/install/voice_interfaces/include/voice_interfaces/voice_interfaces/msg/rosidl_typesupport_fastrtps_c__visibility_control.h
[1.369s] -- Up-to-date: /home/mimi/voice_km/2025_SUMMER_LT/voice_km/voice_km_ws/install/voice_interfaces/include/voice_interfaces/voice_interfaces/action
[1.369s] -- Up-to-date: /home/mimi/voice_km/2025_SUMMER_LT/voice_km/voice_km_ws/install/voice_interfaces/include/voice_interfaces/voice_interfaces/action/detail
[1.369s] -- Up-to-date: /home/mimi/voice_km/2025_SUMMER_LT/voice_km/voice_km_ws/install/voice_interfaces/include/voice_interfaces/voice_interfaces/action/detail/voice_command__rosidl_typesupport_fastrtps_c.h
[1.369s] -- Up-to-date: /home/mimi/voice_km/2025_SUMMER_LT/voice_km/voice_km_ws/install/voice_interfaces/include/voice_interfaces/voice_interfaces/srv
[1.371s] -- Up-to-date: /home/mimi/voice_km/2025_SUMMER_LT/voice_km/voice_km_ws/install/voice_interfaces/include/voice_interfaces/voice_interfaces/srv/detail
[1.371s] -- Up-to-date: /home/mimi/voice_km/2025_SUMMER_LT/voice_km/voice_km_ws/install/voice_interfaces/include/voice_interfaces/voice_interfaces/srv/detail/voice_command__rosidl_typesupport_fastrtps_c.h
[1.371s] -- Up-to-date: /home/mimi/voice_km/2025_SUMMER_LT/voice_km/voice_km_ws/install/voice_interfaces/lib/libvoice_interfaces__rosidl_typesupport_fastrtps_c.so
[1.371s] -- Up-to-date: /home/mimi/voice_km/2025_SUMMER_LT/voice_km/voice_km_ws/install/voice_interfaces/include/voice_interfaces/voice_interfaces
[1.371s] -- Up-to-date: /home/mimi/voice_km/2025_SUMMER_LT/voice_km/voice_km_ws/install/voice_interfaces/include/voice_interfaces/voice_interfaces/msg
[1.372s] -- Up-to-date: /home/mimi/voice_km/2025_SUMMER_LT/voice_km/voice_km_ws/install/voice_interfaces/include/voice_interfaces/voice_interfaces/msg/rosidl_typesupport_introspection_c__visibility_control.h
[1.372s] -- Up-to-date: /home/mimi/voice_km/2025_SUMMER_LT/voice_km/voice_km_ws/install/voice_interfaces/include/voice_interfaces/voice_interfaces/action
[1.372s] -- Up-to-date: /home/mimi/voice_km/2025_SUMMER_LT/voice_km/voice_km_ws/install/voice_interfaces/include/voice_interfaces/voice_interfaces/action/detail
[1.373s] -- Up-to-date: /home/mimi/voice_km/2025_SUMMER_LT/voice_km/voice_km_ws/install/voice_interfaces/include/voice_interfaces/voice_interfaces/action/detail/voice_command__rosidl_typesupport_introspection_c.h
[1.373s] -- Up-to-date: /home/mimi/voice_km/2025_SUMMER_LT/voice_km/voice_km_ws/install/voice_interfaces/include/voice_interfaces/voice_interfaces/action/detail/voice_command__type_support.c
[1.373s] -- Up-to-date: /home/mimi/voice_km/2025_SUMMER_LT/voice_km/voice_km_ws/install/voice_interfaces/include/voice_interfaces/voice_interfaces/srv
[1.373s] -- Up-to-date: /home/mimi/voice_km/2025_SUMMER_LT/voice_km/voice_km_ws/install/voice_interfaces/include/voice_interfaces/voice_interfaces/srv/detail
[1.373s] -- Up-to-date: /home/mimi/voice_km/2025_SUMMER_LT/voice_km/voice_km_ws/install/voice_interfaces/include/voice_interfaces/voice_interfaces/srv/detail/voice_command__rosidl_typesupport_introspection_c.h
[1.374s] -- Up-to-date: /home/mimi/voice_km/2025_SUMMER_LT/voice_km/voice_km_ws/install/voice_interfaces/include/voice_interfaces/voice_interfaces/srv/detail/voice_command__type_support.c
[1.374s] -- Up-to-date: /home/mimi/voice_km/2025_SUMMER_LT/voice_km/voice_km_ws/install/voice_interfaces/lib/libvoice_interfaces__rosidl_typesupport_introspection_c.so
[1.374s] -- Up-to-date: /home/mimi/voice_km/2025_SUMMER_LT/voice_km/voice_km_ws/install/voice_interfaces/lib/libvoice_interfaces__rosidl_typesupport_c.so
[1.374s] -- Up-to-date: /home/mimi/voice_km/2025_SUMMER_LT/voice_km/voice_km_ws/install/voice_interfaces/include/voice_interfaces/voice_interfaces
[1.374s] -- Up-to-date: /home/mimi/voice_km/2025_SUMMER_LT/voice_km/voice_km_ws/install/voice_interfaces/include/voice_interfaces/voice_interfaces/msg
[1.374s] -- Up-to-date: /home/mimi/voice_km/2025_SUMMER_LT/voice_km/voice_km_ws/install/voice_interfaces/include/voice_interfaces/voice_interfaces/msg/rosidl_generator_cpp__visibility_control.hpp
[1.375s] -- Up-to-date: /home/mimi/voice_km/2025_SUMMER_LT/voice_km/voice_km_ws/install/voice_interfaces/include/voice_interfaces/voice_interfaces/action
[1.375s] -- Up-to-date: /home/mimi/voice_km/2025_SUMMER_LT/voice_km/voice_km_ws/install/voice_interfaces/include/voice_interfaces/voice_interfaces/action/detail
[1.375s] -- Up-to-date: /home/mimi/voice_km/2025_SUMMER_LT/voice_km/voice_km_ws/install/voice_interfaces/include/voice_interfaces/voice_interfaces/action/detail/voice_command__struct.hpp
[1.375s] -- Up-to-date: /home/mimi/voice_km/2025_SUMMER_LT/voice_km/voice_km_ws/install/voice_interfaces/include/voice_interfaces/voice_interfaces/action/detail/voice_command__type_support.hpp
[1.375s] -- Up-to-date: /home/mimi/voice_km/2025_SUMMER_LT/voice_km/voice_km_ws/install/voice_interfaces/include/voice_interfaces/voice_interfaces/action/detail/voice_command__traits.hpp
[1.376s] -- Up-to-date: /home/mimi/voice_km/2025_SUMMER_LT/voice_km/voice_km_ws/install/voice_interfaces/include/voice_interfaces/voice_interfaces/action/detail/voice_command__builder.hpp
[1.376s] -- Up-to-date: /home/mimi/voice_km/2025_SUMMER_LT/voice_km/voice_km_ws/install/voice_interfaces/include/voice_interfaces/voice_interfaces/action/voice_command.hpp
[1.377s] -- Up-to-date: /home/mimi/voice_km/2025_SUMMER_LT/voice_km/voice_km_ws/install/voice_interfaces/include/voice_interfaces/voice_interfaces/srv
[1.378s] -- Up-to-date: /home/mimi/voice_km/2025_SUMMER_LT/voice_km/voice_km_ws/install/voice_interfaces/include/voice_interfaces/voice_interfaces/srv/detail
[1.378s] -- Up-to-date: /home/mimi/voice_km/2025_SUMMER_LT/voice_km/voice_km_ws/install/voice_interfaces/include/voice_interfaces/voice_interfaces/srv/detail/voice_command__struct.hpp
[1.378s] -- Up-to-date: /home/mimi/voice_km/2025_SUMMER_LT/voice_km/voice_km_ws/install/voice_interfaces/include/voice_interfaces/voice_interfaces/srv/detail/voice_command__type_support.hpp
[1.378s] -- Up-to-date: /home/mimi/voice_km/2025_SUMMER_LT/voice_km/voice_km_ws/install/voice_interfaces/include/voice_interfaces/voice_interfaces/srv/detail/voice_command__traits.hpp
[1.379s] -- Up-to-date: /home/mimi/voice_km/2025_SUMMER_LT/voice_km/voice_km_ws/install/voice_interfaces/include/voice_interfaces/voice_interfaces/srv/detail/voice_command__builder.hpp
[1.379s] -- Up-to-date: /home/mimi/voice_km/2025_SUMMER_LT/voice_km/voice_km_ws/install/voice_interfaces/include/voice_interfaces/voice_interfaces/srv/voice_command.hpp
[1.379s] -- Up-to-date: /home/mimi/voice_km/2025_SUMMER_LT/voice_km/voice_km_ws/install/voice_interfaces/include/voice_interfaces/voice_interfaces
[1.379s] -- Up-to-date: /home/mimi/voice_km/2025_SUMMER_LT/voice_km/voice_km_ws/install/voice_interfaces/include/voice_interfaces/voice_interfaces/msg
[1.379s] -- Up-to-date: /home/mimi/voice_km/2025_SUMMER_LT/voice_km/voice_km_ws/install/voice_interfaces/include/voice_interfaces/voice_interfaces/msg/rosidl_typesupport_fastrtps_cpp__visibility_control.h
[1.379s] -- Up-to-date: /home/mimi/voice_km/2025_SUMMER_LT/voice_km/voice_km_ws/install/voice_interfaces/include/voice_interfaces/voice_interfaces/action
[1.380s] -- Up-to-date: /home/mimi/voice_km/2025_SUMMER_LT/voice_km/voice_km_ws/install/voice_interfaces/include/voice_interfaces/voice_interfaces/action/detail
[1.380s] -- Up-to-date: /home/mimi/voice_km/2025_SUMMER_LT/voice_km/voice_km_ws/install/voice_interfaces/include/voice_interfaces/voice_interfaces/action/detail/voice_command__rosidl_typesupport_fastrtps_cpp.hpp
[1.380s] -- Up-to-date: /home/mimi/voice_km/2025_SUMMER_LT/voice_km/voice_km_ws/install/voice_interfaces/include/voice_interfaces/voice_interfaces/action/detail/dds_fastrtps
[1.380s] -- Up-to-date: /home/mimi/voice_km/2025_SUMMER_LT/voice_km/voice_km_ws/install/voice_interfaces/include/voice_interfaces/voice_interfaces/srv
[1.380s] -- Up-to-date: /home/mimi/voice_km/2025_SUMMER_LT/voice_km/voice_km_ws/install/voice_interfaces/include/voice_interfaces/voice_interfaces/srv/detail
[1.380s] -- Up-to-date: /home/mimi/voice_km/2025_SUMMER_LT/voice_km/voice_km_ws/install/voice_interfaces/include/voice_interfaces/voice_interfaces/srv/detail/voice_command__rosidl_typesupport_fastrtps_cpp.hpp
[1.381s] -- Up-to-date: /home/mimi/voice_km/2025_SUMMER_LT/voice_km/voice_km_ws/install/voice_interfaces/include/voice_interfaces/voice_interfaces/srv/detail/dds_fastrtps
[1.381s] -- Up-to-date: /home/mimi/voice_km/2025_SUMMER_LT/voice_km/voice_km_ws/install/voice_interfaces/lib/libvoice_interfaces__rosidl_typesupport_fastrtps_cpp.so
[1.381s] -- Up-to-date: /home/mimi/voice_km/2025_SUMMER_LT/voice_km/voice_km_ws/install/voice_interfaces/include/voice_interfaces/voice_interfaces
[1.381s] -- Up-to-date: /home/mimi/voice_km/2025_SUMMER_LT/voice_km/voice_km_ws/install/voice_interfaces/include/voice_interfaces/voice_interfaces/action
[1.381s] -- Up-to-date: /home/mimi/voice_km/2025_SUMMER_LT/voice_km/voice_km_ws/install/voice_interfaces/include/voice_interfaces/voice_interfaces/action/detail
[1.382s] -- Up-to-date: /home/mimi/voice_km/2025_SUMMER_LT/voice_km/voice_km_ws/install/voice_interfaces/include/voice_interfaces/voice_interfaces/action/detail/voice_command__rosidl_typesupport_introspection_cpp.hpp
[1.382s] -- Up-to-date: /home/mimi/voice_km/2025_SUMMER_LT/voice_km/voice_km_ws/install/voice_interfaces/include/voice_interfaces/voice_interfaces/action/detail/voice_command__type_support.cpp
[1.382s] -- Up-to-date: /home/mimi/voice_km/2025_SUMMER_LT/voice_km/voice_km_ws/install/voice_interfaces/include/voice_interfaces/voice_interfaces/srv
[1.382s] -- Up-to-date: /home/mimi/voice_km/2025_SUMMER_LT/voice_km/voice_km_ws/install/voice_interfaces/include/voice_interfaces/voice_interfaces/srv/detail
[1.383s] -- Up-to-date: /home/mimi/voice_km/2025_SUMMER_LT/voice_km/voice_km_ws/install/voice_interfaces/include/voice_interfaces/voice_interfaces/srv/detail/voice_command__rosidl_typesupport_introspection_cpp.hpp
[1.383s] -- Up-to-date: /home/mimi/voice_km/2025_SUMMER_LT/voice_km/voice_km_ws/install/voice_interfaces/include/voice_interfaces/voice_interfaces/srv/detail/voice_command__type_support.cpp
[1.383s] -- Up-to-date: /home/mimi/voice_km/2025_SUMMER_LT/voice_km/voice_km_ws/install/voice_interfaces/lib/libvoice_interfaces__rosidl_typesupport_introspection_cpp.so
[1.383s] -- Up-to-date: /home/mimi/voice_km/2025_SUMMER_LT/voice_km/voice_km_ws/install/voice_interfaces/lib/libvoice_interfaces__rosidl_typesupport_cpp.so
[1.383s] -- Up-to-date: /home/mimi/voice_km/2025_SUMMER_LT/voice_km/voice_km_ws/install/voice_interfaces/share/voice_interfaces/environment/pythonpath.sh
[1.384s] -- Up-to-date: /home/mimi/voice_km/2025_SUMMER_LT/voice_km/voice_km_ws/install/voice_interfaces/share/voice_interfaces/environment/pythonpath.dsv
[1.384s] -- Up-to-date: /home/mimi/voice_km/2025_SUMMER_LT/voice_km/voice_km_ws/install/voice_interfaces/local/lib/python3.10/dist-packages/voice_interfaces-0.0.0-py3.10.egg-info
[1.384s] -- Installing: /home/mimi/voice_km/2025_SUMMER_LT/voice_km/voice_km_ws/install/voice_interfaces/local/lib/python3.10/dist-packages/voice_interfaces-0.0.0-py3.10.egg-info/SOURCES.txt
[1.384s] -- Installing: /home/mimi/voice_km/2025_SUMMER_LT/voice_km/voice_km_ws/install/voice_interfaces/local/lib/python3.10/dist-packages/voice_interfaces-0.0.0-py3.10.egg-info/dependency_links.txt
[1.384s] -- Installing: /home/mimi/voice_km/2025_SUMMER_LT/voice_km/voice_km_ws/install/voice_interfaces/local/lib/python3.10/dist-packages/voice_interfaces-0.0.0-py3.10.egg-info/top_level.txt
[1.385s] -- Installing: /home/mimi/voice_km/2025_SUMMER_LT/voice_km/voice_km_ws/install/voice_interfaces/local/lib/python3.10/dist-packages/voice_interfaces-0.0.0-py3.10.egg-info/PKG-INFO
[1.385s] -- Up-to-date: /home/mimi/voice_km/2025_SUMMER_LT/voice_km/voice_km_ws/install/voice_interfaces/local/lib/python3.10/dist-packages/voice_interfaces
[1.385s] -- Up-to-date: /home/mimi/voice_km/2025_SUMMER_LT/voice_km/voice_km_ws/install/voice_interfaces/local/lib/python3.10/dist-packages/voice_interfaces/voice_interfaces_s__rosidl_typesupport_introspection_c.cpython-310-x86_64-linux-gnu.so
[1.385s] -- Up-to-date: /home/mimi/voice_km/2025_SUMMER_LT/voice_km/voice_km_ws/install/voice_interfaces/local/lib/python3.10/dist-packages/voice_interfaces/_voice_interfaces_s.ep.rosidl_typesupport_fastrtps_c.c
[1.385s] -- Up-to-date: /home/mimi/voice_km/2025_SUMMER_LT/voice_km/voice_km_ws/install/voice_interfaces/local/lib/python3.10/dist-packages/voice_interfaces/_voice_interfaces_s.ep.rosidl_typesupport_c.c
[1.385s] -- Up-to-date: /home/mimi/voice_km/2025_SUMMER_LT/voice_km/voice_km_ws/install/voice_interfaces/local/lib/python3.10/dist-packages/voice_interfaces/voice_interfaces_s__rosidl_typesupport_c.cpython-310-x86_64-linux-gnu.so
[1.386s] -- Up-to-date: /home/mimi/voice_km/2025_SUMMER_LT/voice_km/voice_km_ws/install/voice_interfaces/local/lib/python3.10/dist-packages/voice_interfaces/_voice_interfaces_s.ep.rosidl_typesupport_introspection_c.c
[1.386s] -- Up-to-date: /home/mimi/voice_km/2025_SUMMER_LT/voice_km/voice_km_ws/install/voice_interfaces/local/lib/python3.10/dist-packages/voice_interfaces/voice_interfaces_s__rosidl_typesupport_fastrtps_c.cpython-310-x86_64-linux-gnu.so
[1.386s] -- Up-to-date: /home/mimi/voice_km/2025_SUMMER_LT/voice_km/voice_km_ws/install/voice_interfaces/local/lib/python3.10/dist-packages/voice_interfaces/libvoice_interfaces__rosidl_generator_py.so
[1.386s] -- Up-to-date: /home/mimi/voice_km/2025_SUMMER_LT/voice_km/voice_km_ws/install/voice_interfaces/local/lib/python3.10/dist-packages/voice_interfaces/action
[1.386s] -- Up-to-date: /home/mimi/voice_km/2025_SUMMER_LT/voice_km/voice_km_ws/install/voice_interfaces/local/lib/python3.10/dist-packages/voice_interfaces/action/_voice_command.py
[1.387s] -- Up-to-date: /home/mimi/voice_km/2025_SUMMER_LT/voice_km/voice_km_ws/install/voice_interfaces/local/lib/python3.10/dist-packages/voice_interfaces/action/__init__.py
[1.387s] -- Up-to-date: /home/mimi/voice_km/2025_SUMMER_LT/voice_km/voice_km_ws/install/voice_interfaces/local/lib/python3.10/dist-packages/voice_interfaces/action/_voice_command_s.c
[1.387s] -- Up-to-date: /home/mimi/voice_km/2025_SUMMER_LT/voice_km/voice_km_ws/install/voice_interfaces/local/lib/python3.10/dist-packages/voice_interfaces/srv
[1.387s] -- Up-to-date: /home/mimi/voice_km/2025_SUMMER_LT/voice_km/voice_km_ws/install/voice_interfaces/local/lib/python3.10/dist-packages/voice_interfaces/srv/_voice_command.py
[1.387s] -- Up-to-date: /home/mimi/voice_km/2025_SUMMER_LT/voice_km/voice_km_ws/install/voice_interfaces/local/lib/python3.10/dist-packages/voice_interfaces/srv/__init__.py
[1.387s] -- Up-to-date: /home/mimi/voice_km/2025_SUMMER_LT/voice_km/voice_km_ws/install/voice_interfaces/local/lib/python3.10/dist-packages/voice_interfaces/srv/_voice_command_s.c
[1.388s] -- Up-to-date: /home/mimi/voice_km/2025_SUMMER_LT/voice_km/voice_km_ws/install/voice_interfaces/local/lib/python3.10/dist-packages/voice_interfaces/__init__.py
[1.488s] Listing '/home/mimi/voice_km/2025_SUMMER_LT/voice_km/voice_km_ws/install/voice_interfaces/local/lib/python3.10/dist-packages/voice_interfaces'...
[1.488s] Listing '/home/mimi/voice_km/2025_SUMMER_LT/voice_km/voice_km_ws/install/voice_interfaces/local/lib/python3.10/dist-packages/voice_interfaces/action'...
[1.488s] Listing '/home/mimi/voice_km/2025_SUMMER_LT/voice_km/voice_km_ws/install/voice_interfaces/local/lib/python3.10/dist-packages/voice_interfaces/srv'...
[1.501s] -- Up-to-date: /home/mimi/voice_km/2025_SUMMER_LT/voice_km/voice_km_ws/install/voice_interfaces/local/lib/python3.10/dist-packages/voice_interfaces/voice_interfaces_s__rosidl_typesupport_fastrtps_c.cpython-310-x86_64-linux-gnu.so
[1.503s] -- Up-to-date: /home/mimi/voice_km/2025_SUMMER_LT/voice_km/voice_km_ws/install/voice_interfaces/local/lib/python3.10/dist-packages/voice_interfaces/voice_interfaces_s__rosidl_typesupport_introspection_c.cpython-310-x86_64-linux-gnu.so
[1.504s] -- Up-to-date: /home/mimi/voice_km/2025_SUMMER_LT/voice_km/voice_km_ws/install/voice_interfaces/local/lib/python3.10/dist-packages/voice_interfaces/voice_interfaces_s__rosidl_typesupport_c.cpython-310-x86_64-linux-gnu.so
[1.505s] -- Up-to-date: /home/mimi/voice_km/2025_SUMMER_LT/voice_km/voice_km_ws/install/voice_interfaces/lib/libvoice_interfaces__rosidl_generator_py.so
[1.506s] -- Up-to-date: /home/mimi/voice_km/2025_SUMMER_LT/voice_km/voice_km_ws/install/voice_interfaces/share/voice_interfaces/srv/VoiceCommand.idl
[1.506s] -- Up-to-date: /home/mimi/voice_km/2025_SUMMER_LT/voice_km/voice_km_ws/install/voice_interfaces/share/voice_interfaces/srv/VoiceCommand.srv
[1.507s] -- Up-to-date: /home/mimi/voice_km/2025_SUMMER_LT/voice_km/voice_km_ws/install/voice_interfaces/share/voice_interfaces/srv/VoiceCommand_Request.msg
[1.507s] -- Up-to-date: /home/mimi/voice_km/2025_SUMMER_LT/voice_km/voice_km_ws/install/voice_interfaces/share/voice_interfaces/srv/VoiceCommand_Response.msg
[1.507s] -- Up-to-date: /home/mimi/voice_km/2025_SUMMER_LT/voice_km/voice_km_ws/install/voice_interfaces/share/ament_index/resource_index/package_run_dependencies/voice_interfaces
[1.508s] -- Up-to-date: /home/mimi/voice_km/2025_SUMMER_LT/voice_km/voice_km_ws/install/voice_interfaces/share/ament_index/resource_index/parent_prefix_path/voice_interfaces
[1.509s] -- Up-to-date: /home/mimi/voice_km/2025_SUMMER_LT/voice_km/voice_km_ws/install/voice_interfaces/share/voice_interfaces/environment/ament_prefix_path.sh
[1.509s] -- Up-to-date: /home/mimi/voice_km/2025_SUMMER_LT/voice_km/voice_km_ws/install/voice_interfaces/share/voice_interfaces/environment/ament_prefix_path.dsv
[1.509s] -- Up-to-date: /home/mimi/voice_km/2025_SUMMER_LT/voice_km/voice_km_ws/install/voice_interfaces/share/voice_interfaces/environment/path.sh
[1.510s] -- Up-to-date: /home/mimi/voice_km/2025_SUMMER_LT/voice_km/voice_km_ws/install/voice_interfaces/share/voice_interfaces/environment/path.dsv
[1.510s] -- Up-to-date: /home/mimi/voice_km/2025_SUMMER_LT/voice_km/voice_km_ws/install/voice_interfaces/share/voice_interfaces/local_setup.bash
[1.511s] -- Up-to-date: /home/mimi/voice_km/2025_SUMMER_LT/voice_km/voice_km_ws/install/voice_interfaces/share/voice_interfaces/local_setup.sh
[1.511s] -- Up-to-date: /home/mimi/voice_km/2025_SUMMER_LT/voice_km/voice_km_ws/install/voice_interfaces/share/voice_interfaces/local_setup.zsh
[1.512s] -- Up-to-date: /home/mimi/voice_km/2025_SUMMER_LT/voice_km/voice_km_ws/install/voice_interfaces/share/voice_interfaces/local_setup.dsv
[1.512s] -- Installing: /home/mimi/voice_km/2025_SUMMER_LT/voice_km/voice_km_ws/install/voice_interfaces/share/voice_interfaces/package.dsv
[1.512s] -- Up-to-date: /home/mimi/voice_km/2025_SUMMER_LT/voice_km/voice_km_ws/install/voice_interfaces/share/ament_index/resource_index/packages/voice_interfaces
[1.513s] -- Up-to-date: /home/mimi/voice_km/2025_SUMMER_LT/voice_km/voice_km_ws/install/voice_interfaces/share/voice_interfaces/cmake/export_voice_interfaces__rosidl_generator_cExport.cmake
[1.513s] -- Up-to-date: /home/mimi/voice_km/2025_SUMMER_LT/voice_km/voice_km_ws/install/voice_interfaces/share/voice_interfaces/cmake/export_voice_interfaces__rosidl_generator_cExport-noconfig.cmake
[1.514s] -- Up-to-date: /home/mimi/voice_km/2025_SUMMER_LT/voice_km/voice_km_ws/install/voice_interfaces/share/voice_interfaces/cmake/export_voice_interfaces__rosidl_typesupport_fastrtps_cExport.cmake
[1.514s] -- Up-to-date: /home/mimi/voice_km/2025_SUMMER_LT/voice_km/voice_km_ws/install/voice_interfaces/share/voice_interfaces/cmake/export_voice_interfaces__rosidl_typesupport_fastrtps_cExport-noconfig.cmake
[1.514s] -- Up-to-date: /home/mimi/voice_km/2025_SUMMER_LT/voice_km/voice_km_ws/install/voice_interfaces/share/voice_interfaces/cmake/voice_interfaces__rosidl_typesupport_introspection_cExport.cmake
[1.514s] -- Up-to-date: /home/mimi/voice_km/2025_SUMMER_LT/voice_km/voice_km_ws/install/voice_interfaces/share/voice_interfaces/cmake/voice_interfaces__rosidl_typesupport_introspection_cExport-noconfig.cmake
[1.514s] -- Up-to-date: /home/mimi/voice_km/2025_SUMMER_LT/voice_km/voice_km_ws/install/voice_interfaces/share/voice_interfaces/cmake/voice_interfaces__rosidl_typesupport_cExport.cmake
[1.514s] -- Up-to-date: /home/mimi/voice_km/2025_SUMMER_LT/voice_km/voice_km_ws/install/voice_interfaces/share/voice_interfaces/cmake/voice_interfaces__rosidl_typesupport_cExport-noconfig.cmake
[1.515s] -- Up-to-date: /home/mimi/voice_km/2025_SUMMER_LT/voice_km/voice_km_ws/install/voice_interfaces/share/voice_interfaces/cmake/export_voice_interfaces__rosidl_generator_cppExport.cmake
[1.515s] -- Up-to-date: /home/mimi/voice_km/2025_SUMMER_LT/voice_km/voice_km_ws/install/voice_interfaces/share/voice_interfaces/cmake/export_voice_interfaces__rosidl_typesupport_fastrtps_cppExport.cmake
[1.515s] -- Up-to-date: /home/mimi/voice_km/2025_SUMMER_LT/voice_km/voice_km_ws/install/voice_interfaces/share/voice_interfaces/cmake/export_voice_interfaces__rosidl_typesupport_fastrtps_cppExport-noconfig.cmake
[1.515s] -- Up-to-date: /home/mimi/voice_km/2025_SUMMER_LT/voice_km/voice_km_ws/install/voice_interfaces/share/voice_interfaces/cmake/voice_interfaces__rosidl_typesupport_introspection_cppExport.cmake
[1.515s] -- Up-to-date: /home/mimi/voice_km/2025_SUMMER_LT/voice_km/voice_km_ws/install/voice_interfaces/share/voice_interfaces/cmake/voice_interfaces__rosidl_typesupport_introspection_cppExport-noconfig.cmake
[1.515s] -- Up-to-date: /home/mimi/voice_km/2025_SUMMER_LT/voice_km/voice_km_ws/install/voice_interfaces/share/voice_interfaces/cmake/voice_interfaces__rosidl_typesupport_cppExport.cmake
[1.515s] -- Up-to-date: /home/mimi/voice_km/2025_SUMMER_LT/voice_km/voice_km_ws/install/voice_interfaces/share/voice_interfaces/cmake/voice_interfaces__rosidl_typesupport_cppExport-noconfig.cmake
[1.516s] -- Up-to-date: /home/mimi/voice_km/2025_SUMMER_LT/voice_km/voice_km_ws/install/voice_interfaces/share/voice_interfaces/cmake/export_voice_interfaces__rosidl_generator_pyExport.cmake
[1.516s] -- Up-to-date: /home/mimi/voice_km/2025_SUMMER_LT/voice_km/voice_km_ws/install/voice_interfaces/share/voice_interfaces/cmake/export_voice_interfaces__rosidl_generator_pyExport-noconfig.cmake
[1.516s] -- Up-to-date: /home/mimi/voice_km/2025_SUMMER_LT/voice_km/voice_km_ws/install/voice_interfaces/share/voice_interfaces/cmake/rosidl_cmake-extras.cmake
[1.516s] -- Up-to-date: /home/mimi/voice_km/2025_SUMMER_LT/voice_km/voice_km_ws/install/voice_interfaces/share/voice_interfaces/cmake/ament_cmake_export_include_directories-extras.cmake
[1.516s] -- Up-to-date: /home/mimi/voice_km/2025_SUMMER_LT/voice_km/voice_km_ws/install/voice_interfaces/share/voice_interfaces/cmake/ament_cmake_export_libraries-extras.cmake
[1.516s] -- Up-to-date: /home/mimi/voice_km/2025_SUMMER_LT/voice_km/voice_km_ws/install/voice_interfaces/share/voice_interfaces/cmake/ament_cmake_export_targets-extras.cmake
[1.516s] -- Up-to-date: /home/mimi/voice_km/2025_SUMMER_LT/voice_km/voice_km_ws/install/voice_interfaces/share/voice_interfaces/cmake/rosidl_cmake_export_typesupport_targets-extras.cmake
[1.517s] -- Up-to-date: /home/mimi/voice_km/2025_SUMMER_LT/voice_km/voice_km_ws/install/voice_interfaces/share/voice_interfaces/cmake/ament_cmake_export_dependencies-extras.cmake
[1.517s] -- Up-to-date: /home/mimi/voice_km/2025_SUMMER_LT/voice_km/voice_km_ws/install/voice_interfaces/share/voice_interfaces/cmake/rosidl_cmake_export_typesupport_libraries-extras.cmake
[1.517s] -- Up-to-date: /home/mimi/voice_km/2025_SUMMER_LT/voice_km/voice_km_ws/install/voice_interfaces/share/voice_interfaces/cmake/voice_interfacesConfig.cmake
[1.517s] -- Up-to-date: /home/mimi/voice_km/2025_SUMMER_LT/voice_km/voice_km_ws/install/voice_interfaces/share/voice_interfaces/cmake/voice_interfacesConfig-version.cmake
[1.517s] -- Up-to-date: /home/mimi/voice_km/2025_SUMMER_LT/voice_km/voice_km_ws/install/voice_interfaces/share/voice_interfaces/package.xml
[1.524s] Invoked command in '/home/mimi/voice_km/2025_SUMMER_LT/voice_km/voice_km_ws/build/voice_interfaces' returned '0': CMAKE_PREFIX_PATH=${CMAKE_PREFIX_PATH}:/home/mimi/voice_km/2025_SUMMER_LT/voice_km/voice_km_ws/install/voice_service:/opt/ros/humble /usr/bin/cmake --install /home/mimi/voice_km/2025_SUMMER_LT/voice_km/voice_km_ws/build/voice_interfaces
