[2.571s] Invoking command in '/home/mimi/voice_km/2025_SUMMER_LT/voice_km/voice_km_ws/src/voice_service': PYTHONPATH=/home/mimi/voice_km/2025_SUMMER_LT/voice_km/voice_km_ws/build/voice_service/prefix_override:/usr/lib/python3/dist-packages/colcon_core/task/python/colcon_distutils_commands:/home/mimi/voice_km/2025_SUMMER_LT/voice_km/voice_km_ws/install/voice_service/lib/python3.10/site-packages:${PYTHONPATH} /usr/bin/python3 -W ignore:setup.py install is deprecated -W ignore:easy_install command is deprecated setup.py egg_info --egg-base ../../build/voice_service build --build-base /home/mimi/voice_km/2025_SUMMER_LT/voice_km/voice_km_ws/build/voice_service/build install --record /home/mimi/voice_km/2025_SUMMER_LT/voice_km/voice_km_ws/build/voice_service/install.log --single-version-externally-managed install_data
[3.285s] running egg_info
[3.286s] writing ../../build/voice_service/voice_service.egg-info/PKG-INFO
[3.287s] writing dependency_links to ../../build/voice_service/voice_service.egg-info/dependency_links.txt
[3.288s] writing entry points to ../../build/voice_service/voice_service.egg-info/entry_points.txt
[3.289s] writing requirements to ../../build/voice_service/voice_service.egg-info/requires.txt
[3.290s] writing top-level names to ../../build/voice_service/voice_service.egg-info/top_level.txt
[3.294s] reading manifest file '../../build/voice_service/voice_service.egg-info/SOURCES.txt'
[3.298s] writing manifest file '../../build/voice_service/voice_service.egg-info/SOURCES.txt'
[3.298s] running build
[3.298s] running build_py
[3.298s] copying voice_service/voice_service_node.py -> /home/mimi/voice_km/2025_SUMMER_LT/voice_km/voice_km_ws/build/voice_service/build/lib/voice_service
[3.300s] running install
[3.302s] running install_lib
[3.305s] copying /home/mimi/voice_km/2025_SUMMER_LT/voice_km/voice_km_ws/build/voice_service/build/lib/voice_service/voice_service_node.py -> /home/mimi/voice_km/2025_SUMMER_LT/voice_km/voice_km_ws/install/voice_service/lib/python3.10/site-packages/voice_service
[3.309s] byte-compiling /home/mimi/voice_km/2025_SUMMER_LT/voice_km/voice_km_ws/install/voice_service/lib/python3.10/site-packages/voice_service/voice_service_node.py to voice_service_node.cpython-310.pyc
[3.311s]   File "/home/mimi/voice_km/2025_SUMMER_LT/voice_km/voice_km_ws/install/voice_service/lib/python3.10/site-packages/voice_service/voice_service_node.py", line 78
[3.312s]     text = self.recognizer.recognize_whisper(audio_data, model="small"language=self.lang)# Whisper に集音データを送り、音声認識の結果を受取ます
[3.312s]                                                                ^^^^^^^^^^^^^^^
[3.312s] SyntaxError: invalid syntax. Perhaps you forgot a comma?
[3.312s] 
[3.313s] running install_data
[3.313s] running install_egg_info
[3.318s] removing '/home/mimi/voice_km/2025_SUMMER_LT/voice_km/voice_km_ws/install/voice_service/lib/python3.10/site-packages/voice_service-0.0.0-py3.10.egg-info' (and everything under it)
[3.319s] Copying ../../build/voice_service/voice_service.egg-info to /home/mimi/voice_km/2025_SUMMER_LT/voice_km/voice_km_ws/install/voice_service/lib/python3.10/site-packages/voice_service-0.0.0-py3.10.egg-info
[3.322s] running install_scripts
[3.386s] Installing voice_client_node script to /home/mimi/voice_km/2025_SUMMER_LT/voice_km/voice_km_ws/install/voice_service/lib/voice_service
[3.388s] Installing voice_service_node script to /home/mimi/voice_km/2025_SUMMER_LT/voice_km/voice_km_ws/install/voice_service/lib/voice_service
[3.388s] writing list of installed files to '/home/mimi/voice_km/2025_SUMMER_LT/voice_km/voice_km_ws/build/voice_service/install.log'
[3.460s] Invoked command in '/home/mimi/voice_km/2025_SUMMER_LT/voice_km/voice_km_ws/src/voice_service' returned '0': PYTHONPATH=/home/mimi/voice_km/2025_SUMMER_LT/voice_km/voice_km_ws/build/voice_service/prefix_override:/usr/lib/python3/dist-packages/colcon_core/task/python/colcon_distutils_commands:/home/mimi/voice_km/2025_SUMMER_LT/voice_km/voice_km_ws/install/voice_service/lib/python3.10/site-packages:${PYTHONPATH} /usr/bin/python3 -W ignore:setup.py install is deprecated -W ignore:easy_install command is deprecated setup.py egg_info --egg-base ../../build/voice_service build --build-base /home/mimi/voice_km/2025_SUMMER_LT/voice_km/voice_km_ws/build/voice_service/build install --record /home/mimi/voice_km/2025_SUMMER_LT/voice_km/voice_km_ws/build/voice_service/install.log --single-version-externally-managed install_data
